\BOOKMARK [1][-]{section.1}{\376\377\000M\000a\000t\000h}{}% 1
\BOOKMARK [2][-]{subsection.1.1}{\376\377\000E\000u\000l\000e\000r\000'\000s\000\040\000F\000o\000r\000m\000u\000l\000a\000\040\000a\000n\000d\000\040\000T\000r\000i\000g\000o\000n\000o\000m\000e\000t\000r\000i\000c\000\040\000I\000d\000e\000n\000t\000i\000t\000i\000e\000s}{section.1}% 2
\BOOKMARK [2][-]{subsection.1.2}{\376\377\000T\000r\000i\000g\000o\000n\000o\000m\000e\000t\000r\000i\000c\000\040\000P\000h\000a\000s\000e\000\040\000S\000h\000i\000f\000t\000s}{section.1}% 3
\BOOKMARK [2][-]{subsection.1.3}{\376\377\000S\000i\000n\000c\000\040\000F\000u\000n\000c\000t\000i\000o\000n}{section.1}% 4
\BOOKMARK [2][-]{subsection.1.4}{\376\377\000G\000e\000o\000m\000e\000t\000r\000i\000c\000\040\000S\000u\000m\000s}{section.1}% 5
\BOOKMARK [2][-]{subsection.1.5}{\376\377\000C\000o\000m\000p\000l\000e\000x\000\040\000N\000u\000m\000b\000e\000r\000\040\000P\000r\000o\000p\000e\000r\000t\000i\000e\000s}{section.1}% 6
\BOOKMARK [1][-]{section.2}{\376\377\000S\000i\000g\000n\000a\000l\000\040\000B\000a\000s\000i\000c\000s}{}% 7
\BOOKMARK [2][-]{subsection.2.1}{\376\377\000E\000v\000e\000n\000\040\000a\000n\000d\000\040\000O\000d\000d}{section.2}% 8
\BOOKMARK [2][-]{subsection.2.2}{\376\377\000R\000e\000a\000l\000\040\000a\000n\000d\000\040\000O\000d\000d}{section.2}% 9
\BOOKMARK [1][-]{section.3}{\376\377\000S\000y\000s\000t\000e\000m\000s}{}% 10
\BOOKMARK [2][-]{subsection.3.1}{\376\377\000S\000u\000p\000p\000o\000r\000t}{section.3}% 11
\BOOKMARK [2][-]{subsection.3.2}{\376\377\000P\000o\000w\000e\000r}{section.3}% 12
\BOOKMARK [2][-]{subsection.3.1}{\376\377\000S\000u\000p\000p\000o\000r\000t}{section.3}% 11
\BOOKMARK [2][-]{subsection.3.2}{\376\377\000P\000o\000w\000e\000r}{section.3}% 12
\BOOKMARK [2][-]{subsection.3.3}{\376\377\000E\000n\000e\000r\000g\000y}{section.3}% 13
\BOOKMARK [2][-]{subsection.3.4}{\376\377\000\040\000N\000\040\000-\000P\000e\000r\000i\000o\000d\000i\000c}{section.3}% 14
\BOOKMARK [3][-]{subsubsection.3.4.1}{\376\377\000F\000u\000n\000d\000a\000m\000e\000n\000t\000a\000l\000\040\000P\000e\000r\000i\000o\000d}{subsection.3.4}% 15
\BOOKMARK [2][-]{subsection.3.5}{\376\377\000I\000n\000n\000e\000r\000\040\000P\000r\000o\000d\000u\000c\000t}{section.3}% 16
\BOOKMARK [2][-]{subsection.3.3}{\376\377\000E\000n\000e\000r\000g\000y}{section.3}% 13
\BOOKMARK [2][-]{subsection.3.4}{\376\377\000\040\000T\000\040\000-\000P\000e\000r\000i\000o\000d\000i\000c}{section.3}% 14
\BOOKMARK [3][-]{subsubsection.3.4.1}{\376\377\000F\000u\000n\000d\000a\000m\000e\000n\000t\000a\000l\000\040\000P\000e\000r\000i\000o\000d}{subsection.3.4}% 15
\BOOKMARK [2][-]{subsection.3.5}{\376\377\000I\000n\000n\000e\000r\000\040\000P\000r\000o\000d\000u\000c\000t}{section.3}% 16
\BOOKMARK [2][-]{subsection.3.6}{\376\377\000F\000S\000\040\000P\000r\000o\000p\000e\000r\000t\000i\000e\000s}{section.3}% 17
\BOOKMARK [2][-]{subsection.3.6}{\376\377\000F\000S\000\040\000P\000r\000o\000p\000e\000r\000t\000i\000e\000s}{section.3}% 17
