\BOOKMARK [1][-]{section.1}{\376\377\000C\000o\000u\000r\000s\000e\000\040\000T\000i\000p\000s}{}% 1
\BOOKMARK [1][-]{section.2}{\376\377\000A\000s\000y\000m\000p\000t\000o\000t\000i\000c\000s\000\040\000\050\000C\000h\000.\000\040\0003\000.\0001\000-\0002\000\040\000p\000g\000.\000\040\0005\0000\000-\0006\0003\000,\000\040\000L\0002\000\051}{}% 2
\BOOKMARK [2][-]{subsection.2.1}{\376\377\000B\000i\000g\000-\000O\000\040\000\050\000U\000p\000p\000e\000r\000\040\000B\000o\000u\000n\000d\000\051}{section.2}% 3
\BOOKMARK [2][-]{subsection.2.2}{\376\377\000B\000i\000g\000-\000O\000m\000e\000g\000a\000\040\000\050\000L\000o\000w\000e\000r\000\040\000B\000o\000u\000n\000d\000\051}{section.2}% 4
\BOOKMARK [2][-]{subsection.2.3}{\376\377\000B\000i\000g\000-\000T\000h\000e\000t\000a\000\040\000\050\000T\000i\000g\000h\000t\000\040\000B\000o\000u\000n\000d\000\051}{section.2}% 5
\BOOKMARK [2][-]{subsection.2.4}{\376\377\000T\000h\000e\000o\000r\000e\000m\000\040\0003\000.\0001}{section.2}% 6
\BOOKMARK [2][-]{subsection.2.5}{\376\377\000A\000s\000y\000m\000p\000t\000o\000t\000i\000c\000\040\000n\000o\000t\000a\000t\000i\000o\000n\000\040\000a\000n\000d\000\040\000r\000u\000n\000n\000i\000n\000g\000\040\000t\000i\000m\000e\000s}{section.2}% 7
\BOOKMARK [2][-]{subsection.2.6}{\376\377\000A\000b\000u\000s\000e\000s\000\040\000o\000f\000\040\000a\000s\000y\000m\000p\000t\000o\000t\000i\000c\000\040\000n\000o\000t\000a\000t\000i\000o\000n}{section.2}% 8
\BOOKMARK [2][-]{subsection.2.7}{\376\377\000C\000o\000m\000p\000a\000r\000i\000n\000g\000\040\000f\000u\000n\000c\000t\000i\000o\000n\000\040\000p\000r\000o\000p\000e\000r\000t\000i\000e\000s}{section.2}% 9
\BOOKMARK [2][-]{subsection.2.8}{\376\377\000P\000o\000l\000y\000n\000o\000m\000i\000a\000l\000l\000y\000-\000b\000o\000u\000n\000d\000e\000d}{section.2}% 10
\BOOKMARK [2][-]{subsection.2.9}{\376\377\000L\000i\000m\000i\000t\000\040\000m\000e\000t\000h\000o\000d}{section.2}% 11
\BOOKMARK [3][-]{subsubsection.2.9.1}{\376\377\000L\000'\000H\000\364\000p\000i\000t\000a\000l\000'\000s\000\040\000r\000u\000l\000e}{subsection.2.9}% 12
\BOOKMARK [3][-]{subsubsection.2.9.2}{\376\377\000L\000o\000g\000s\000\040\000o\000f\000\040\000l\000i\000m\000i\000t\000s\000\040\000a\000n\000d\000\040\000l\000i\000m\000i\000t\000s\000\040\000o\000f\000\040\000l\000o\000g\000s}{subsection.2.9}% 13
\BOOKMARK [1][-]{section.3}{\376\377\000L\000o\000g\000a\000r\000i\000t\000h\000m\000s\000,\000\040\000S\000u\000m\000m\000a\000t\000i\000o\000n\000s\000\040\000\050\000L\0007\000\051}{}% 14
\BOOKMARK [2][-]{subsection.3.1}{\376\377\000L\000o\000g\000a\000r\000i\000t\000h\000m\000s\000\040\000\050\000C\000h\000.\000\040\0003\000.\0003\000\040\000p\000g\000.\000\040\0006\0006\000-\0007\000\051}{section.3}% 15
\BOOKMARK [3][-]{subsubsection.3.1.1}{\376\377\000D\000e\000f\000i\000n\000i\000t\000i\000o\000n\000\040\000a\000n\000d\000\040\000n\000o\000t\000a\000t\000i\000o\000n}{subsection.3.1}% 16
\BOOKMARK [3][-]{subsubsection.3.1.2}{\376\377\000P\000r\000o\000p\000e\000r\000t\000i\000e\000s}{subsection.3.1}% 17
\BOOKMARK [2][-]{subsection.3.2}{\376\377\000F\000u\000n\000c\000t\000i\000o\000n\000a\000l\000\040\000i\000t\000e\000r\000a\000t\000i\000o\000n}{section.3}% 18
\BOOKMARK [2][-]{subsection.3.3}{\376\377\000I\000t\000e\000r\000a\000t\000e\000d\000\040\000l\000o\000g\000a\000r\000i\000t\000h\000m\000\040\000f\000u\000n\000c\000t\000i\000o\000n}{section.3}% 19
\BOOKMARK [2][-]{subsection.3.4}{\376\377\000F\000i\000b\000o\000n\000a\000c\000c\000i\000\040\000N\000u\000m\000b\000e\000r\000s\000\040\000\050\000C\000h\000.\000\040\0003\000.\0003\000\051}{section.3}% 20
\BOOKMARK [3][-]{subsubsection.3.4.1}{\376\377\000D\000e\000f\000i\000n\000i\000t\000i\000o\000n}{subsection.3.4}% 21
\BOOKMARK [3][-]{subsubsection.3.4.2}{\376\377\000G\000o\000l\000d\000e\000n\000\040\000r\000a\000t\000i\000o\000\040\000a\000n\000d\000\040\000i\000t\000s\000\040\000c\000o\000n\000j\000u\000g\000a\000t\000e}{subsection.3.4}% 22
\BOOKMARK [2][-]{subsection.3.5}{\376\377\000S\000u\000m\000m\000a\000t\000i\000o\000n\000s\000\040\000\050\000A\000p\000.\000\040\000A\000.\0001\000\040\000p\000g\000.\000\040\0001\0001\0004\0000\000-\0005\0001\000\051}{section.3}% 23
\BOOKMARK [3][-]{subsubsection.3.5.1}{\376\377\000A\000r\000i\000t\000h\000m\000e\000t\000i\000c\000\040\000s\000e\000r\000i\000e\000s}{subsection.3.5}% 24
\BOOKMARK [3][-]{subsubsection.3.5.2}{\376\377\000G\000e\000n\000e\000r\000a\000l\000\040\000a\000r\000i\000t\000h\000m\000e\000t\000i\000c\000\040\000s\000e\000r\000i\000e\000s}{subsection.3.5}% 25
\BOOKMARK [3][-]{subsubsection.3.5.3}{\376\377\000S\000u\000m\000s\000\040\000o\000f\000\040\000s\000q\000u\000a\000r\000e\000s\000\040\000a\000n\000d\000\040\000c\000u\000b\000e\000s}{subsection.3.5}% 26
\BOOKMARK [3][-]{subsubsection.3.5.4}{\376\377\000F\000i\000n\000i\000t\000e\000\040\000g\000e\000o\000m\000e\000t\000r\000i\000c\000\040\000s\000e\000r\000i\000e\000s}{subsection.3.5}% 27
\BOOKMARK [3][-]{subsubsection.3.5.5}{\376\377\000I\000n\000f\000i\000n\000i\000t\000e\000\040\000d\000e\000c\000r\000e\000a\000s\000i\000n\000g\000\040\000g\000e\000o\000m\000e\000t\000r\000i\000c\000\040\000s\000e\000r\000i\000e\000s}{subsection.3.5}% 28
\BOOKMARK [3][-]{subsubsection.3.5.6}{\376\377\000H\000a\000r\000m\000o\000n\000i\000c\000\040\000s\000e\000r\000i\000e\000s}{subsection.3.5}% 29
\BOOKMARK [3][-]{subsubsection.3.5.7}{\376\377\000T\000e\000l\000e\000s\000c\000o\000p\000i\000n\000g\000\040\000s\000e\000r\000i\000e\000s}{subsection.3.5}% 30
\BOOKMARK [3][-]{subsubsection.3.5.8}{\376\377\000R\000e\000i\000n\000d\000e\000x\000i\000n\000g\000\040\000s\000u\000m\000m\000a\000t\000i\000o\000n\000s}{subsection.3.5}% 31
\BOOKMARK [3][-]{subsubsection.3.5.9}{\376\377\000P\000r\000o\000d\000u\000c\000t\000s}{subsection.3.5}% 32
\BOOKMARK [3][-]{subsubsection.3.5.10}{\376\377\000P\000r\000o\000d\000u\000c\000t\000\040\000t\000o\000\040\000s\000u\000m\000m\000a\000t\000i\000o\000n}{subsection.3.5}% 33
\BOOKMARK [1][-]{section.4}{\376\377\000I\000n\000d\000u\000c\000t\000i\000o\000n\000,\000\040\000C\000o\000n\000t\000r\000a\000d\000i\000c\000t\000i\000o\000n\000\040\000\050\000L\0003\000\051}{}% 34
\BOOKMARK [2][-]{subsection.4.1}{\376\377\000I\000n\000d\000u\000c\000t\000i\000o\000n\000\040\000\050\000A\000p\000.\000\040\000A\000.\0002\000\051}{section.4}% 35
\BOOKMARK [2][-]{subsection.4.2}{\376\377\000C\000o\000n\000t\000r\000a\000d\000i\000c\000t\000i\000o\000n}{section.4}% 36
\BOOKMARK [1][-]{section.5}{\376\377\000R\000e\000c\000u\000r\000r\000e\000n\000c\000e\000s\000\040\000\050\000C\000h\000.\000\040\0002\000.\0003\000,\000\040\000L\0004\000\051}{}% 37
\BOOKMARK [2][-]{subsection.5.1}{\376\377\000R\000e\000c\000u\000r\000r\000e\000n\000c\000e\000s\000\040\000i\000n\000t\000r\000o\000d\000u\000c\000t\000i\000o\000n\000\040\000\050\000C\000h\000.\000\040\0004\000.\0001\000\051}{section.5}% 38
\BOOKMARK [2][-]{subsection.5.2}{\376\377\000M\000e\000r\000g\000e\000s\000o\000r\000t}{section.5}% 39
\BOOKMARK [2][-]{subsection.5.3}{\376\377\000M\000a\000s\000t\000e\000r\000\040\000t\000h\000e\000o\000r\000e\000m\000\040\000\050\000C\000h\000.\000\040\0004\000.\0005\000\040\000p\000g\000.\000\040\0001\0000\0001\000-\0006\000\051}{section.5}% 40
\BOOKMARK [2][-]{subsection.5.4}{\376\377\000S\000u\000b\000s\000t\000i\000t\000u\000t\000i\000o\000n\000\040\000\050\000C\000h\000.\000\040\0004\000.\0003\000\040\000p\000g\000.\000\040\0009\0000\000-\0004\000\051}{section.5}% 41
\BOOKMARK [2][-]{subsection.5.5}{\376\377\000R\000e\000c\000u\000r\000s\000i\000o\000n\000\040\000t\000r\000e\000e\000\040\000m\000e\000t\000h\000o\000d\000\040\000\050\000C\000h\000.\000\040\0004\000.\0004\000\040\000p\000g\000.\000\040\0009\0005\000-\0001\0000\0001\000\051}{section.5}% 42
\BOOKMARK [1][-]{section.6}{\376\377\000G\000r\000a\000p\000h\000s\000,\000\040\000T\000r\000e\000e\000s\000\040\000\050\000A\000p\000.\000\040\000B\000.\0004\000-\0005\000,\000\040\000L\0006\000\051}{}% 43
\BOOKMARK [2][-]{subsection.6.1}{\376\377\000G\000r\000a\000p\000h\000s}{section.6}% 44
\BOOKMARK [3][-]{subsubsection.6.1.1}{\376\377\000D\000i\000r\000e\000c\000t\000e\000d\000\040\000a\000n\000d\000\040\000u\000n\000d\000i\000r\000e\000c\000t\000e\000d\000\040\000g\000r\000a\000p\000h\000s}{subsection.6.1}% 45
\BOOKMARK [3][-]{subsubsection.6.1.2}{\376\377\000T\000e\000r\000m\000i\000n\000o\000l\000o\000g\000y}{subsection.6.1}% 46
\BOOKMARK [3][-]{subsubsection.6.1.3}{\376\377\000G\000r\000a\000p\000h\000\040\000r\000e\000p\000r\000e\000s\000e\000n\000t\000a\000t\000i\000o\000n}{subsection.6.1}% 47
\BOOKMARK [3][-]{subsubsection.6.1.4}{\376\377\000C\000l\000i\000q\000u\000e}{subsection.6.1}% 48
\BOOKMARK [2][-]{subsection.6.2}{\376\377\000F\000r\000e\000e\000\040\000t\000r\000e\000e\000s}{section.6}% 49
\BOOKMARK [3][-]{subsubsection.6.2.1}{\376\377\000P\000r\000o\000p\000e\000r\000t\000i\000e\000s}{subsection.6.2}% 50
\BOOKMARK [2][-]{subsection.6.3}{\376\377\000F\000o\000r\000e\000s\000t}{section.6}% 51
\BOOKMARK [2][-]{subsection.6.4}{\376\377\000R\000o\000o\000t\000e\000d\000\040\000a\000n\000d\000\040\000o\000r\000d\000e\000r\000e\000d\000\040\000t\000r\000e\000e\000s}{section.6}% 52
\BOOKMARK [3][-]{subsubsection.6.4.1}{\376\377\000R\000o\000o\000t\000e\000d\000\040\000t\000r\000e\000e\000s}{subsection.6.4}% 53
\BOOKMARK [3][-]{subsubsection.6.4.2}{\376\377\000O\000r\000d\000e\000r\000e\000d\000\040\000t\000r\000e\000e\000s}{subsection.6.4}% 54
\BOOKMARK [3][-]{subsubsection.6.4.3}{\376\377\000T\000e\000r\000m\000i\000n\000o\000l\000o\000g\000y}{subsection.6.4}% 55
\BOOKMARK [2][-]{subsection.6.5}{\376\377\000B\000i\000n\000a\000r\000y\000\040\000a\000n\000d\000\040\000p\000o\000s\000i\000t\000i\000o\000n\000a\000l\000\040\000t\000r\000e\000e\000s}{section.6}% 56
\BOOKMARK [3][-]{subsubsection.6.5.1}{\376\377\000B\000i\000n\000a\000r\000y\000\040\000t\000r\000e\000e\000s}{subsection.6.5}% 57
\BOOKMARK [3][-]{subsubsection.6.5.2}{\376\377\000T\000e\000r\000m\000i\000n\000o\000l\000o\000g\000y}{subsection.6.5}% 58
\BOOKMARK [3][-]{subsubsection.6.5.3}{\376\377\000P\000o\000s\000i\000t\000i\000o\000n\000a\000l\000\040\000t\000r\000e\000e\000s}{subsection.6.5}% 59
\BOOKMARK [3][-]{subsubsection.6.5.4}{\376\377\000K\000-\000a\000r\000y\000\040\000t\000r\000e\000e\000s}{subsection.6.5}% 60
\BOOKMARK [1][-]{section.7}{\376\377\000P\000e\000r\000m\000u\000t\000a\000t\000i\000o\000n\000s\000,\000\040\000C\000o\000m\000b\000i\000n\000a\000t\000i\000o\000n\000s\000\040\000\050\000A\000p\000.\000\040\000C\000.\0001\000,\000\040\000L\0005\000\051}{}% 61
\BOOKMARK [2][-]{subsection.7.1}{\376\377\000R\000u\000l\000e\000\040\000o\000f\000\040\000s\000u\000m\000\040\000a\000n\000d\000\040\000p\000r\000o\000d\000u\000c\000t}{section.7}% 62
\BOOKMARK [2][-]{subsection.7.2}{\376\377\000P\000e\000r\000m\000u\000t\000a\000t\000i\000o\000n\000s}{section.7}% 63
\BOOKMARK [2][-]{subsection.7.3}{\376\377\000P\000e\000r\000m\000u\000t\000a\000t\000i\000o\000n\000s\000\040\000w\000i\000t\000h\000\040\000i\000d\000e\000n\000t\000i\000c\000a\000l\000\040\000i\000t\000e\000m\000s}{section.7}% 64
\BOOKMARK [2][-]{subsection.7.4}{\376\377\000P\000e\000r\000m\000u\000t\000a\000t\000i\000o\000n\000s\000\040\000w\000i\000t\000h\000\040\000r\000e\000p\000e\000t\000i\000t\000i\000o\000n\000s}{section.7}% 65
\BOOKMARK [2][-]{subsection.7.5}{\376\377\000C\000o\000m\000b\000i\000n\000a\000t\000i\000o\000n\000s}{section.7}% 66
\BOOKMARK [2][-]{subsection.7.6}{\376\377\000B\000i\000n\000o\000m\000i\000a\000l\000\040\000t\000h\000e\000o\000r\000e\000m}{section.7}% 67
\BOOKMARK [1][-]{section.8}{\376\377\000P\000r\000o\000b\000a\000b\000i\000l\000i\000t\000y\000\040\000\050\000A\000p\000.\000\040\000C\000.\0002\000,\000\040\000L\0008\000\051}{}% 68
\BOOKMARK [2][-]{subsection.8.1}{\376\377\000S\000a\000m\000p\000l\000e\000\040\000s\000p\000a\000c\000e}{section.8}% 69
\BOOKMARK [2][-]{subsection.8.2}{\376\377\000E\000v\000e\000n\000t}{section.8}% 70
\BOOKMARK [2][-]{subsection.8.3}{\376\377\000P\000r\000o\000b\000a\000b\000i\000l\000i\000t\000y\000\040\000a\000x\000i\000o\000m\000s}{section.8}% 71
\BOOKMARK [2][-]{subsection.8.4}{\376\377\000A\000d\000d\000i\000t\000i\000v\000e\000\040\000r\000u\000l\000e}{section.8}% 72
\BOOKMARK [2][-]{subsection.8.5}{\376\377\000U\000n\000i\000f\000o\000r\000m\000\040\000d\000i\000s\000t\000r\000i\000b\000u\000t\000i\000o\000n}{section.8}% 73
\BOOKMARK [2][-]{subsection.8.6}{\376\377\000I\000n\000d\000e\000p\000e\000n\000d\000e\000n\000c\000e}{section.8}% 74
\BOOKMARK [2][-]{subsection.8.7}{\376\377\000B\000a\000y\000e\000s\000\040\000t\000h\000e\000o\000r\000e\000m}{section.8}% 75
\BOOKMARK [2][-]{subsection.8.8}{\376\377\000B\000a\000y\000e\000s\000'\000\040\000r\000u\000l\000e\000\040\000w\000i\000t\000h\000\040\000t\000o\000t\000a\000l\000\040\000p\000r\000o\000b\000a\000b\000i\000l\000i\000t\000y}{section.8}% 76
\BOOKMARK [2][-]{subsection.8.9}{\376\377\000D\000i\000s\000c\000r\000e\000t\000e\000\040\000r\000a\000n\000d\000o\000m\000\040\000v\000a\000r\000i\000a\000b\000l\000e}{section.8}% 77
\BOOKMARK [2][-]{subsection.8.10}{\376\377\000P\000r\000o\000b\000a\000b\000i\000l\000i\000t\000y\000\040\000m\000a\000s\000s\000\040\000f\000u\000n\000c\000t\000i\000o\000n}{section.8}% 78
\BOOKMARK [2][-]{subsection.8.11}{\376\377\000E\000x\000p\000e\000c\000t\000a\000t\000i\000o\000n}{section.8}% 79
\BOOKMARK [2][-]{subsection.8.12}{\376\377\000P\000r\000o\000p\000e\000r\000t\000i\000e\000s\000\040\000o\000f\000\040\000e\000x\000p\000e\000c\000t\000a\000t\000i\000o\000n}{section.8}% 80
\BOOKMARK [1][-]{section.9}{\376\377\000H\000e\000a\000p\000s\000,\000\040\000H\000e\000a\000p\000s\000o\000r\000t\000\040\000\050\000C\000h\000.\000\040\0006\000,\000\040\000L\0009\000\051}{}% 81
\BOOKMARK [2][-]{subsection.9.1}{\376\377\000I\000n\000t\000r\000o\000\040\000t\000o\000\040\000h\000e\000a\000p\000s\000o\000r\000t}{section.9}% 82
\BOOKMARK [3][-]{subsubsection.9.1.1}{\376\377\000I\000n\000-\000p\000l\000a\000c\000e\000\040\000S\000o\000r\000t\000i\000n\000g}{subsection.9.1}% 83
\BOOKMARK [3][-]{subsubsection.9.1.2}{\376\377\000I\000n\000d\000e\000x\000i\000n\000g}{subsection.9.1}% 84
\BOOKMARK [3][-]{subsubsection.9.1.3}{\376\377\000H\000e\000a\000p\000-\000t\000r\000e\000e\000:\000\040\000\050\0002\000\040\000p\000r\000o\000p\000e\000r\000t\000i\000e\000s\000\051}{subsection.9.1}% 85
\BOOKMARK [3][-]{subsubsection.9.1.4}{\376\377\000H\000e\000i\000g\000h\000t}{subsection.9.1}% 86
\BOOKMARK [2][-]{subsection.9.2}{\376\377\000H\000e\000a\000p\000\040\000o\000p\000e\000r\000a\000t\000i\000o\000n\000s}{section.9}% 87
\BOOKMARK [3][-]{subsubsection.9.2.1}{\376\377\000I\000n\000s\000e\000r\000t}{subsection.9.2}% 88
\BOOKMARK [3][-]{subsubsection.9.2.2}{\376\377\000B\000u\000b\000b\000l\000e\000\040\000u\000p}{subsection.9.2}% 89
\BOOKMARK [3][-]{subsubsection.9.2.3}{\376\377\000E\000x\000t\000r\000a\000c\000t\000\040\000m\000a\000x}{subsection.9.2}% 90
\BOOKMARK [3][-]{subsubsection.9.2.4}{\376\377\000B\000u\000b\000b\000l\000e\000\040\000d\000o\000w\000n}{subsection.9.2}% 91
\BOOKMARK [2][-]{subsection.9.3}{\376\377\000H\000e\000a\000p\000s\000o\000r\000t}{section.9}% 92
\BOOKMARK [3][-]{subsubsection.9.3.1}{\376\377\000B\000u\000i\000l\000d\000\040\000h\000e\000a\000p}{subsection.9.3}% 93
\BOOKMARK [2][-]{subsection.9.4}{\376\377\000H\000e\000a\000p\000\040\000r\000u\000n\000t\000i\000m\000e\000\040\000a\000n\000d\000\040\000p\000r\000i\000o\000r\000i\000t\000y\000\040\000q\000u\000e\000u\000e}{section.9}% 94
\BOOKMARK [3][-]{subsubsection.9.4.1}{\376\377\000T\000i\000g\000h\000t\000\040\000b\000o\000u\000n\000d\000\040\000f\000o\000r\000\040\000b\000u\000i\000l\000d\000\040\000h\000e\000a\000p}{subsection.9.4}% 95
\BOOKMARK [3][-]{subsubsection.9.4.2}{\376\377\000P\000r\000i\000o\000r\000i\000t\000y\000\040\000q\000u\000e\000u\000e}{subsection.9.4}% 96
\BOOKMARK [1][-]{section.10}{\376\377\000Q\000u\000i\000c\000k\000s\000o\000r\000t\000\040\000\050\000C\000h\000.\000\040\0007\000,\000\040\000L\0001\0000\000\051}{}% 97
\BOOKMARK [2][-]{subsection.10.1}{\376\377\000I\000n\000t\000r\000o}{section.10}% 98
\BOOKMARK [3][-]{subsubsection.10.1.1}{\376\377\000Q\000S\000\040\000a\000l\000g\000o\000r\000i\000t\000h\000m}{subsection.10.1}% 99
\BOOKMARK [3][-]{subsubsection.10.1.2}{\376\377\000P\000a\000r\000t\000i\000t\000i\000o\000n}{subsection.10.1}% 100
\BOOKMARK [2][-]{subsection.10.2}{\376\377\000Q\000S\000\040\000b\000a\000s\000i\000c\000\040\000a\000n\000a\000l\000y\000s\000i\000s}{section.10}% 101
\BOOKMARK [3][-]{subsubsection.10.2.1}{\376\377\000Q\000S\000\040\000b\000e\000s\000t\000\040\000c\000a\000s\000e}{subsection.10.2}% 102
\BOOKMARK [3][-]{subsubsection.10.2.2}{\376\377\000Q\000S\000\040\000w\000o\000r\000s\000t\000\040\000c\000a\000s\000e}{subsection.10.2}% 103
\BOOKMARK [3][-]{subsubsection.10.2.3}{\376\377\000Q\000S\000\040\000a\000v\000e\000r\000a\000g\000e\000\040\000c\000a\000s\000e}{subsection.10.2}% 104
\BOOKMARK [2][-]{subsection.10.3}{\376\377\000W\000o\000r\000s\000t\000-\000c\000a\000s\000e\000\040\000\050\000f\000o\000r\000m\000a\000l\000\051}{section.10}% 105
\BOOKMARK [2][-]{subsection.10.4}{\376\377\000R\000a\000n\000d\000o\000m\000i\000z\000e\000d\000\040\000Q\000S}{section.10}% 106
\BOOKMARK [3][-]{subsubsection.10.4.1}{\376\377\000M\000o\000t\000i\000v\000a\000t\000i\000o\000n\000\040\000f\000o\000r\000\040\000r\000a\000n\000d\000o\000m\000i\000z\000e\000d\000\040\000Q\000S}{subsection.10.4}% 107
\BOOKMARK [3][-]{subsubsection.10.4.2}{\376\377\000R\000a\000n\000d\000o\000m\000\040\000p\000a\000r\000t\000i\000t\000i\000o\000n}{subsection.10.4}% 108
\BOOKMARK [1][-]{section.11}{\376\377\000C\000o\000u\000n\000t\000i\000n\000g\000\040\000s\000o\000r\000t\000,\000\040\000R\000a\000d\000i\000x\000\040\000s\000o\000r\000t\000\040\000\050\000C\000h\000.\000\040\0008\000\051}{}% 109
\BOOKMARK [2][-]{subsection.11.1}{\376\377\000L\000o\000w\000e\000r\000\040\000b\000o\000u\000n\000d\000\040\000o\000n\000\040\000s\000o\000r\000t\000i\000n\000g\000\040\000a\000n\000d\000\040\000c\000o\000u\000n\000t\000i\000n\000g\000\040\000s\000o\000r\000t}{section.11}% 110
\BOOKMARK [2][-]{subsection.11.2}{\376\377\000R\000a\000d\000i\000x\000\040\000s\000o\000r\000t}{section.11}% 111
\BOOKMARK [1][-]{section.12}{\376\377\000S\000e\000l\000e\000c\000t\000i\000o\000n\000\040\000s\000o\000r\000t\000,\000\040\000B\000i\000n\000a\000r\000y\000\040\000s\000e\000a\000r\000c\000h\000\040\000t\000r\000e\000e\000s\000\040\000\050\000C\000h\000.\000\040\0001\0002\000\051}{}% 112
\BOOKMARK [2][-]{subsection.12.1}{\376\377\000S\000e\000l\000e\000c\000t\000i\000o\000n\000\040\000s\000o\000r\000t}{section.12}% 113
\BOOKMARK [2][-]{subsection.12.2}{\376\377\000B\000i\000n\000a\000r\000y\000\040\000s\000e\000a\000r\000c\000h\000\040\000t\000r\000e\000e\000s}{section.12}% 114
\BOOKMARK [1][-]{section.13}{\376\377\000R\000e\000d\000\040\000b\000l\000a\000c\000k\000\040\000t\000r\000e\000e\000s\000\040\000\050\000C\000h\000.\000\040\0001\0003\000\051}{}% 115
\BOOKMARK [2][-]{subsection.13.1}{\376\377\000P\000r\000o\000p\000e\000r\000t\000i\000e\000s}{section.13}% 116
\BOOKMARK [2][-]{subsection.13.2}{\376\377\000B\000a\000l\000a\000n\000c\000e\000\040\000p\000r\000o\000o\000f}{section.13}% 117
\BOOKMARK [2][-]{subsection.13.3}{\376\377\000O\000p\000e\000r\000a\000t\000i\000o\000n\000s}{section.13}% 118
\BOOKMARK [1][-]{section.14}{\376\377\000H\000a\000s\000h\000\040\000t\000a\000b\000l\000e\000s\000,\000\040\000H\000a\000s\000h\000i\000n\000g\000\040\000\050\000C\000h\000.\000\040\0001\0001\000\051}{}% 119
\BOOKMARK [2][-]{subsection.14.1}{\376\377\000M\000o\000t\000i\000v\000a\000t\000i\000o\000n}{section.14}% 120
\BOOKMARK [2][-]{subsection.14.2}{\376\377\000R\000e\000s\000o\000l\000u\000t\000i\000o\000n\000\040\000b\000y\000\040\000c\000h\000a\000i\000n\000i\000n\000g}{section.14}% 121
\BOOKMARK [2][-]{subsection.14.3}{\376\377\000R\000e\000s\000o\000l\000u\000t\000i\000o\000n\000\040\000b\000y\000\040\000o\000p\000e\000n\000\040\000a\000d\000d\000r\000e\000s\000s\000i\000n\000g}{section.14}% 122
\BOOKMARK [1][-]{section.15}{\376\377\000D\000y\000n\000a\000m\000i\000c\000\040\000p\000r\000o\000g\000r\000a\000m\000m\000i\000n\000g\000\040\000\050\000C\000h\000.\000\040\0001\0004\000\051}{}% 123
\BOOKMARK [2][-]{subsection.15.1}{\376\377\000D\000P\000\040\000m\000a\000t\000r\000i\000x\000\040\000m\000u\000l\000t\000i\000p\000l\000i\000c\000a\000t\000i\000o\000n}{section.15}% 124
\BOOKMARK [2][-]{subsection.15.2}{\376\377\000D\000P\000\040\000l\000o\000n\000g\000e\000s\000t\000\040\000c\000o\000m\000m\000o\000n\000\040\000s\000u\000b\000s\000e\000q\000u\000e\000n\000c\000e}{section.15}% 125
\BOOKMARK [1][-]{section.16}{\376\377\000G\000r\000e\000e\000d\000y\000\040\000a\000l\000g\000o\000r\000i\000t\000h\000m\000s\000\040\000\050\000C\000h\000.\000\040\0001\0005\000\051}{}% 126
\BOOKMARK [1][-]{section.17}{\376\377\000A\000m\000o\000r\000t\000i\000z\000e\000d\000\040\000a\000n\000a\000l\000y\000s\000i\000s\000\040\000\050\000C\000h\000.\000\040\0001\0006\000\051}{}% 127
\BOOKMARK [1][-]{section.18}{\376\377\000S\000p\000l\000a\000y\000\040\000t\000r\000e\000e\000s}{}% 128
\BOOKMARK [1][-]{section.19}{\376\377\000G\000r\000a\000p\000h\000\040\000a\000l\000g\000o\000r\000i\000t\000h\000m\000s\000\040\000\050\000C\000h\000.\000\040\0002\0000\000\051}{}% 129
\BOOKMARK [2][-]{subsection.19.1}{\376\377\000I\000n\000t\000r\000o}{section.19}% 130
\BOOKMARK [2][-]{subsection.19.2}{\376\377\000B\000r\000e\000a\000d\000t\000h\000-\000f\000i\000r\000s\000t\000\040\000s\000e\000a\000r\000c\000h}{section.19}% 131
\BOOKMARK [2][-]{subsection.19.3}{\376\377\000D\000e\000p\000t\000h\000-\000f\000i\000r\000s\000t\000\040\000s\000e\000a\000r\000c\000h}{section.19}% 132
\BOOKMARK [1][-]{section.20}{\376\377\000M\000i\000n\000i\000m\000u\000m\000\040\000s\000p\000a\000n\000n\000i\000n\000g\000\040\000t\000r\000e\000e\000s\000\040\000\050\000C\000h\000.\000\040\0002\0001\000\051}{}% 133
\BOOKMARK [1][-]{section.21}{\376\377\000S\000h\000o\000r\000t\000e\000s\000t\000\040\000p\000a\000t\000h\000s\000\040\000\050\000C\000h\000.\000\040\0002\0002\000\051}{}% 134
\BOOKMARK [1][-]{section.22}{\376\377\000M\000a\000x\000i\000m\000u\000m\000\040\000f\000l\000o\000w\000\040\000\050\000C\000h\000.\000\040\0002\0004\000\051}{}% 135
\BOOKMARK [1][-]{section.23}{\376\377\000H\000i\000s\000t\000o\000r\000y\000\040\000o\000f\000\040\000c\000o\000m\000p\000u\000t\000a\000t\000i\000o\000n}{}% 136
\BOOKMARK [1][-]{section.24}{\376\377\000P\000,\000\040\000N\000P\000,\000\040\000a\000n\000d\000\040\000N\000P\000C\000\040\000i\000n\000t\000r\000o\000d\000u\000c\000t\000i\000o\000n\000\040\000\050\000C\000h\000.\000\040\0003\0004\000\051}{}% 137
\BOOKMARK [1][-]{section.25}{\376\377\000N\000P\000\040\000C\000o\000m\000p\000l\000e\000t\000e\000n\000e\000s\000s\000\040\000\050\000N\000P\000C\000\051\000\040\000\050\000C\000h\000.\000\040\0003\0004\000\051}{}% 138
