\BOOKMARK [1][-]{section.1}{\376\377\000C\000o\000u\000r\000s\000e\000\040\000T\000i\000p\000s}{}% 1
\BOOKMARK [1][-]{section.2}{\376\377\000P\000r\000e\000l\000i\000m\000i\000n\000a\000r\000i\000e\000s}{}% 2
\BOOKMARK [2][-]{subsection.2.1}{\376\377\000P\000s\000e\000u\000d\000o\000c\000o\000d\000e}{section.2}% 3
\BOOKMARK [2][-]{subsection.2.2}{\376\377\000E\000x\000a\000m}{section.2}% 4
\BOOKMARK [1][-]{section.3}{\376\377\000A\000s\000y\000m\000p\000t\000o\000t\000i\000c\000s\000\040\000\050\000C\000h\000.\000\040\0003\000.\0001\000-\0002\000\040\000p\000g\000.\000\040\0005\0000\000-\0006\0003\000,\000\040\000L\0002\000\051}{}% 5
\BOOKMARK [2][-]{subsection.3.1}{\376\377\000B\000i\000g\000-\000O\000\040\000\050\000U\000p\000p\000e\000r\000\040\000B\000o\000u\000n\000d\000\051}{section.3}% 6
\BOOKMARK [2][-]{subsection.3.2}{\376\377\000B\000i\000g\000-\000O\000m\000e\000g\000a\000\040\000\050\000L\000o\000w\000e\000r\000\040\000B\000o\000u\000n\000d\000\051}{section.3}% 7
\BOOKMARK [2][-]{subsection.3.3}{\376\377\000B\000i\000g\000-\000T\000h\000e\000t\000a\000\040\000\050\000T\000i\000g\000h\000t\000\040\000B\000o\000u\000n\000d\000\051}{section.3}% 8
\BOOKMARK [2][-]{subsection.3.4}{\376\377\000T\000h\000e\000o\000r\000e\000m\000\040\0003\000.\0001}{section.3}% 9
\BOOKMARK [2][-]{subsection.3.5}{\376\377\000S\000m\000a\000l\000l\000-\000O\000\040\000\050\000S\000t\000r\000i\000c\000t\000l\000y\000\040\000S\000l\000o\000w\000e\000r\000\051}{section.3}% 10
\BOOKMARK [2][-]{subsection.3.6}{\376\377\000S\000m\000a\000l\000l\000-\000O\000m\000e\000g\000a\000\040\000\050\000S\000t\000r\000i\000c\000t\000l\000y\000\040\000F\000a\000s\000t\000e\000r\000\051}{section.3}% 11
\BOOKMARK [2][-]{subsection.3.7}{\376\377\000A\000s\000y\000m\000p\000t\000o\000t\000i\000c\000\040\000n\000o\000t\000a\000t\000i\000o\000n\000\040\000a\000n\000d\000\040\000r\000u\000n\000n\000i\000n\000g\000\040\000t\000i\000m\000e\000s}{section.3}% 12
\BOOKMARK [2][-]{subsection.3.8}{\376\377\000A\000b\000u\000s\000e\000s\000\040\000o\000f\000\040\000a\000s\000y\000m\000p\000t\000o\000t\000i\000c\000\040\000n\000o\000t\000a\000t\000i\000o\000n}{section.3}% 13
\BOOKMARK [2][-]{subsection.3.9}{\376\377\000C\000o\000m\000p\000a\000r\000i\000n\000g\000\040\000f\000u\000n\000c\000t\000i\000o\000n\000\040\000p\000r\000o\000p\000e\000r\000t\000i\000e\000s}{section.3}% 14
\BOOKMARK [3][-]{subsubsection.3.9.1}{\376\377\000C\000o\000m\000m\000o\000n\000\040\000j\000u\000s\000t\000i\000f\000i\000c\000a\000t\000i\000o\000n\000\040\000s\000t\000e\000p\000s}{subsection.3.9}% 15
\BOOKMARK [2][-]{subsection.3.10}{\376\377\000L\000i\000m\000i\000t\000\040\000m\000e\000t\000h\000o\000d}{section.3}% 16
\BOOKMARK [3][-]{subsubsection.3.10.1}{\376\377\000L\000'\000H\000\364\000p\000i\000t\000a\000l\000'\000s\000\040\000r\000u\000l\000e}{subsection.3.10}% 17
\BOOKMARK [2][-]{subsection.3.11}{\376\377\000P\000o\000l\000y\000n\000o\000m\000i\000a\000l\000l\000y\000-\000b\000o\000u\000n\000d\000e\000d}{section.3}% 18
\BOOKMARK [2][-]{subsection.3.12}{\376\377\000L\000o\000g\000a\000r\000i\000t\000h\000m\000\040\000m\000e\000t\000h\000o\000d}{section.3}% 19
\BOOKMARK [1][-]{section.4}{\376\377\000L\000o\000g\000a\000r\000i\000t\000h\000m\000s\000,\000\040\000S\000u\000m\000m\000a\000t\000i\000o\000n\000s\000\040\000\050\000L\0007\000\051}{}% 20
\BOOKMARK [2][-]{subsection.4.1}{\376\377\000L\000o\000g\000a\000r\000i\000t\000h\000m\000s\000\040\000\050\000C\000h\000.\000\040\0003\000.\0003\000\040\000p\000g\000.\000\040\0006\0006\000-\0007\000\051}{section.4}% 21
\BOOKMARK [3][-]{subsubsection.4.1.1}{\376\377\000D\000e\000f\000i\000n\000i\000t\000i\000o\000n\000\040\000a\000n\000d\000\040\000n\000o\000t\000a\000t\000i\000o\000n}{subsection.4.1}% 22
\BOOKMARK [3][-]{subsubsection.4.1.2}{\376\377\000P\000r\000o\000p\000e\000r\000t\000i\000e\000s}{subsection.4.1}% 23
\BOOKMARK [2][-]{subsection.4.2}{\376\377\000L\000o\000g\000a\000r\000i\000t\000h\000m\000\040\000i\000t\000e\000r\000a\000t\000i\000o\000n}{section.4}% 24
\BOOKMARK [2][-]{subsection.4.3}{\376\377\000I\000t\000e\000r\000a\000t\000e\000d\000\040\000l\000o\000g\000a\000r\000i\000t\000h\000m\000\040\000f\000u\000n\000c\000t\000i\000o\000n}{section.4}% 25
\BOOKMARK [2][-]{subsection.4.4}{\376\377\000F\000i\000b\000o\000n\000a\000c\000c\000i\000\040\000N\000u\000m\000b\000e\000r\000s\000\040\000\050\000C\000h\000.\000\040\0003\000.\0003\000\051}{section.4}% 26
\BOOKMARK [3][-]{subsubsection.4.4.1}{\376\377\000D\000e\000f\000i\000n\000i\000t\000i\000o\000n}{subsection.4.4}% 27
\BOOKMARK [3][-]{subsubsection.4.4.2}{\376\377\000G\000o\000l\000d\000e\000n\000\040\000r\000a\000t\000i\000o\000\040\000a\000n\000d\000\040\000i\000t\000s\000\040\000c\000o\000n\000j\000u\000g\000a\000t\000e}{subsection.4.4}% 28
\BOOKMARK [2][-]{subsection.4.5}{\376\377\000S\000u\000m\000m\000a\000t\000i\000o\000n\000s\000\040\000\050\000A\000p\000.\000\040\000A\000.\0001\000\040\000p\000g\000.\000\040\0001\0001\0004\0000\000-\0005\0001\000\051}{section.4}% 29
\BOOKMARK [3][-]{subsubsection.4.5.1}{\376\377\000A\000r\000i\000t\000h\000m\000e\000t\000i\000c\000\040\000s\000e\000r\000i\000e\000s}{subsection.4.5}% 30
\BOOKMARK [3][-]{subsubsection.4.5.2}{\376\377\000G\000e\000n\000e\000r\000a\000l\000\040\000a\000r\000i\000t\000h\000m\000e\000t\000i\000c\000\040\000s\000e\000r\000i\000e\000s}{subsection.4.5}% 31
\BOOKMARK [3][-]{subsubsection.4.5.3}{\376\377\000S\000u\000m\000s\000\040\000o\000f\000\040\000s\000q\000u\000a\000r\000e\000s\000\040\000a\000n\000d\000\040\000c\000u\000b\000e\000s}{subsection.4.5}% 32
\BOOKMARK [3][-]{subsubsection.4.5.4}{\376\377\000F\000i\000n\000i\000t\000e\000\040\000g\000e\000o\000m\000e\000t\000r\000i\000c\000\040\000s\000e\000r\000i\000e\000s}{subsection.4.5}% 33
\BOOKMARK [3][-]{subsubsection.4.5.5}{\376\377\000I\000n\000f\000i\000n\000i\000t\000e\000\040\000d\000e\000c\000r\000e\000a\000s\000i\000n\000g\000\040\000g\000e\000o\000m\000e\000t\000r\000i\000c\000\040\000s\000e\000r\000i\000e\000s}{subsection.4.5}% 34
\BOOKMARK [3][-]{subsubsection.4.5.6}{\376\377\000H\000a\000r\000m\000o\000n\000i\000c\000\040\000s\000e\000r\000i\000e\000s}{subsection.4.5}% 35
\BOOKMARK [3][-]{subsubsection.4.5.7}{\376\377\000T\000e\000l\000e\000s\000c\000o\000p\000i\000n\000g\000\040\000s\000e\000r\000i\000e\000s}{subsection.4.5}% 36
\BOOKMARK [3][-]{subsubsection.4.5.8}{\376\377\000R\000e\000i\000n\000d\000e\000x\000i\000n\000g\000\040\000s\000u\000m\000m\000a\000t\000i\000o\000n\000s}{subsection.4.5}% 37
\BOOKMARK [3][-]{subsubsection.4.5.9}{\376\377\000P\000r\000o\000d\000u\000c\000t\000s}{subsection.4.5}% 38
\BOOKMARK [3][-]{subsubsection.4.5.10}{\376\377\000P\000r\000o\000d\000u\000c\000t\000\040\000t\000o\000\040\000s\000u\000m\000m\000a\000t\000i\000o\000n}{subsection.4.5}% 39
\BOOKMARK [1][-]{section.5}{\376\377\000I\000n\000d\000u\000c\000t\000i\000o\000n\000,\000\040\000C\000o\000n\000t\000r\000a\000d\000i\000c\000t\000i\000o\000n\000\040\000\050\000L\0003\000\051}{}% 40
\BOOKMARK [2][-]{subsection.5.1}{\376\377\000D\000i\000r\000e\000c\000t\000\040\000p\000r\000o\000o\000f}{section.5}% 41
\BOOKMARK [2][-]{subsection.5.2}{\376\377\000D\000i\000s\000p\000r\000o\000v\000e\000\040\000b\000y\000\040\000c\000o\000u\000n\000t\000e\000r\000e\000x\000a\000m\000p\000l\000e}{section.5}% 42
\BOOKMARK [2][-]{subsection.5.3}{\376\377\000W\000e\000a\000k\000\040\000I\000n\000d\000u\000c\000t\000i\000o\000n\000\040\000\050\000A\000p\000.\000\040\000A\000.\0002\000\051}{section.5}% 43
\BOOKMARK [2][-]{subsection.5.4}{\376\377\000S\000t\000r\000o\000n\000g\000\040\000I\000n\000d\000u\000c\000t\000i\000o\000n}{section.5}% 44
\BOOKMARK [2][-]{subsection.5.5}{\376\377\000C\000o\000n\000t\000r\000a\000d\000i\000c\000t\000i\000o\000n}{section.5}% 45
\BOOKMARK [1][-]{section.6}{\376\377\000R\000e\000c\000u\000r\000r\000e\000n\000c\000e\000s\000\040\000\050\000C\000h\000.\000\040\0002\000.\0003\000,\000\040\000L\0004\000\051}{}% 46
\BOOKMARK [2][-]{subsection.6.1}{\376\377\000R\000e\000c\000u\000r\000r\000e\000n\000c\000e\000s\000\040\000i\000n\000t\000r\000o\000d\000u\000c\000t\000i\000o\000n\000\040\000\050\000C\000h\000.\000\040\0004\000.\0001\000\051}{section.6}% 47
\BOOKMARK [2][-]{subsection.6.2}{\376\377\000M\000e\000r\000g\000e\000s\000o\000r\000t\000\040\000\050\000M\000o\000t\000i\000v\000a\000t\000i\000o\000n\000\051}{section.6}% 48
\BOOKMARK [2][-]{subsection.6.3}{\376\377\000M\000a\000s\000t\000e\000r\000\040\000t\000h\000e\000o\000r\000e\000m\000\040\000\050\000C\000h\000.\000\040\0004\000.\0005\000\040\000p\000g\000.\000\040\0001\0000\0001\000-\0006\000\051}{section.6}% 49
\BOOKMARK [2][-]{subsection.6.4}{\376\377\000S\000u\000b\000s\000t\000i\000t\000u\000t\000i\000o\000n\000\040\000\050\000C\000h\000.\000\040\0004\000.\0003\000\040\000p\000g\000.\000\040\0009\0000\000-\0004\000\051}{section.6}% 50
\BOOKMARK [2][-]{subsection.6.5}{\376\377\000R\000e\000c\000u\000r\000s\000i\000o\000n\000\040\000t\000r\000e\000e\000\040\000m\000e\000t\000h\000o\000d\000\040\000\050\000C\000h\000.\000\040\0004\000.\0004\000\040\000p\000g\000.\000\040\0009\0005\000-\0001\0000\0001\000\051}{section.6}% 51
\BOOKMARK [1][-]{section.7}{\376\377\000G\000r\000a\000p\000h\000s\000,\000\040\000T\000r\000e\000e\000s\000\040\000\050\000A\000p\000.\000\040\000B\000.\0004\000-\0005\000,\000\040\000L\0006\000\051}{}% 52
\BOOKMARK [2][-]{subsection.7.1}{\376\377\000G\000r\000a\000p\000h\000s}{section.7}% 53
\BOOKMARK [3][-]{subsubsection.7.1.1}{\376\377\000D\000i\000r\000e\000c\000t\000e\000d\000\040\000a\000n\000d\000\040\000U\000n\000d\000i\000r\000e\000c\000t\000e\000d\000,\000\040\000W\000e\000i\000g\000h\000t\000e\000d\000\040\000G\000r\000a\000p\000h\000s}{subsection.7.1}% 54
\BOOKMARK [3][-]{subsubsection.7.1.2}{\376\377\000P\000a\000t\000h\000s\000\040\000a\000n\000d\000\040\000c\000y\000c\000l\000e\000s}{subsection.7.1}% 55
\BOOKMARK [3][-]{subsubsection.7.1.3}{\376\377\000A\000G\000,\000\040\000D\000A\000G}{subsection.7.1}% 56
\BOOKMARK [3][-]{subsubsection.7.1.4}{\376\377\000C\000o\000n\000n\000e\000c\000t\000e\000d\000,\000\040\000d\000i\000s\000c\000o\000n\000n\000e\000c\000t\000e\000d\000\040\000g\000r\000a\000p\000h}{subsection.7.1}% 57
\BOOKMARK [3][-]{subsubsection.7.1.5}{\376\377\000B\000i\000p\000a\000r\000t\000i\000t\000e\000\040\000G\000s}{subsection.7.1}% 58
\BOOKMARK [3][-]{subsubsection.7.1.6}{\376\377\000C\000l\000i\000q\000u\000e\000\040\000\050\000c\000o\000m\000p\000l\000e\000t\000e\000\040\000G\000\051}{subsection.7.1}% 59
\BOOKMARK [3][-]{subsubsection.7.1.7}{\376\377\000D\000e\000g\000r\000e\000e\000s\000\040\000o\000f\000\040\000a\000l\000l\000\040\000V}{subsection.7.1}% 60
\BOOKMARK [3][-]{subsubsection.7.1.8}{\376\377\000G\000r\000a\000p\000h\000\040\000r\000e\000p\000r\000e\000s\000e\000n\000t\000a\000t\000i\000o\000n}{subsection.7.1}% 61
\BOOKMARK [3][-]{subsubsection.7.1.9}{\376\377\000G\000r\000a\000p\000h\000\040\000e\000x\000a\000m\000p\000l\000e\000s}{subsection.7.1}% 62
\BOOKMARK [2][-]{subsection.7.2}{\376\377\000T\000r\000e\000e\000s}{section.7}% 63
\BOOKMARK [3][-]{subsubsection.7.2.1}{\376\377\000P\000r\000o\000p\000e\000r\000t\000i\000e\000s}{subsection.7.2}% 64
\BOOKMARK [3][-]{subsubsection.7.2.2}{\376\377\000T\000e\000r\000m\000i\000n\000o\000l\000o\000g\000y}{subsection.7.2}% 65
\BOOKMARK [3][-]{subsubsection.7.2.3}{\376\377\000H\000e\000i\000g\000h\000t\000,\000\040\000d\000e\000p\000t\000h}{subsection.7.2}% 66
\BOOKMARK [3][-]{subsubsection.7.2.4}{\376\377\000K\000-\000a\000r\000y\000\040\000t\000r\000e\000e\000s}{subsection.7.2}% 67
\BOOKMARK [1][-]{section.8}{\376\377\000P\000e\000r\000m\000u\000t\000a\000t\000i\000o\000n\000s\000,\000\040\000C\000o\000m\000b\000i\000n\000a\000t\000i\000o\000n\000s\000\040\000\050\000A\000p\000.\000\040\000C\000.\0001\000,\000\040\000L\0005\000\051}{}% 68
\BOOKMARK [2][-]{subsection.8.1}{\376\377\000R\000u\000l\000e\000\040\000o\000f\000\040\000s\000u\000m\000\040\000a\000n\000d\000\040\000p\000r\000o\000d\000u\000c\000t}{section.8}% 69
\BOOKMARK [2][-]{subsection.8.2}{\376\377\000F\000a\000c\000t\000o\000r\000i\000a\000l\000s}{section.8}% 70
\BOOKMARK [2][-]{subsection.8.3}{\376\377\000P\000e\000r\000m\000u\000t\000a\000t\000i\000o\000n\000s}{section.8}% 71
\BOOKMARK [2][-]{subsection.8.4}{\376\377\000P\000e\000r\000m\000u\000t\000a\000t\000i\000o\000n\000s\000\040\000w\000i\000t\000h\000\040\000i\000d\000e\000n\000t\000i\000c\000a\000l\000\040\000i\000t\000e\000m\000s}{section.8}% 72
\BOOKMARK [2][-]{subsection.8.5}{\376\377\000P\000e\000r\000m\000u\000t\000a\000t\000i\000o\000n\000s\000\040\000w\000i\000t\000h\000\040\000r\000e\000p\000e\000t\000i\000t\000i\000o\000n\000s}{section.8}% 73
\BOOKMARK [2][-]{subsection.8.6}{\376\377\000C\000o\000m\000b\000i\000n\000a\000t\000i\000o\000n\000s}{section.8}% 74
\BOOKMARK [2][-]{subsection.8.7}{\376\377\000B\000i\000n\000o\000m\000i\000a\000l\000\040\000t\000h\000e\000o\000r\000e\000m}{section.8}% 75
\BOOKMARK [2][-]{subsection.8.8}{\376\377\000C\000o\000m\000b\000i\000n\000a\000t\000o\000r\000i\000a\000l\000\040\000a\000r\000g\000u\000m\000e\000n\000t}{section.8}% 76
\BOOKMARK [3][-]{subsubsection.8.8.1}{\376\377\000E\000x\000a\000m\000p\000l\000e\000s}{subsection.8.8}% 77
\BOOKMARK [1][-]{section.9}{\376\377\000P\000r\000o\000b\000a\000b\000i\000l\000i\000t\000y\000\040\000\050\000A\000p\000.\000\040\000C\000.\0002\000,\000\040\000L\0008\000\051}{}% 78
\BOOKMARK [2][-]{subsection.9.1}{\376\377\000S\000a\000m\000p\000l\000e\000\040\000s\000p\000a\000c\000e}{section.9}% 79
\BOOKMARK [2][-]{subsection.9.2}{\376\377\000E\000v\000e\000n\000t}{section.9}% 80
\BOOKMARK [2][-]{subsection.9.3}{\376\377\000P\000r\000o\000b\000a\000b\000i\000l\000i\000t\000y\000\040\000a\000x\000i\000o\000m\000s}{section.9}% 81
\BOOKMARK [2][-]{subsection.9.4}{\376\377\000M\000u\000t\000u\000a\000l\000l\000y\000\040\000e\000x\000c\000l\000u\000s\000i\000v\000e\000\040\000e\000v\000e\000n\000t\000s}{section.9}% 82
\BOOKMARK [2][-]{subsection.9.5}{\376\377\000A\000d\000d\000i\000t\000i\000v\000e\000\040\000r\000u\000l\000e}{section.9}% 83
\BOOKMARK [2][-]{subsection.9.6}{\376\377\000U\000n\000i\000f\000o\000r\000m\000\040\000d\000i\000s\000t\000r\000i\000b\000u\000t\000i\000o\000n}{section.9}% 84
\BOOKMARK [2][-]{subsection.9.7}{\376\377\000I\000n\000d\000e\000p\000e\000n\000d\000e\000n\000c\000e}{section.9}% 85
\BOOKMARK [2][-]{subsection.9.8}{\376\377\000B\000a\000y\000e\000s\000\040\000t\000h\000e\000o\000r\000e\000m}{section.9}% 86
\BOOKMARK [2][-]{subsection.9.9}{\376\377\000B\000a\000y\000e\000s\000'\000\040\000r\000u\000l\000e\000\040\000w\000i\000t\000h\000\040\000t\000o\000t\000a\000l\000\040\000p\000r\000o\000b\000a\000b\000i\000l\000i\000t\000y}{section.9}% 87
\BOOKMARK [2][-]{subsection.9.10}{\376\377\000D\000i\000s\000c\000r\000e\000t\000e\000\040\000r\000a\000n\000d\000o\000m\000\040\000v\000a\000r\000i\000a\000b\000l\000e}{section.9}% 88
\BOOKMARK [2][-]{subsection.9.11}{\376\377\000P\000r\000o\000b\000a\000b\000i\000l\000i\000t\000y\000\040\000m\000a\000s\000s\000\040\000f\000u\000n\000c\000t\000i\000o\000n}{section.9}% 89
\BOOKMARK [2][-]{subsection.9.12}{\376\377\000E\000x\000p\000e\000c\000t\000a\000t\000i\000o\000n}{section.9}% 90
\BOOKMARK [2][-]{subsection.9.13}{\376\377\000P\000r\000o\000p\000e\000r\000t\000i\000e\000s\000\040\000o\000f\000\040\000e\000x\000p\000e\000c\000t\000a\000t\000i\000o\000n}{section.9}% 91
\BOOKMARK [1][-]{section.10}{\376\377\000H\000e\000a\000p\000s\000,\000\040\000H\000e\000a\000p\000s\000o\000r\000t\000\040\000\050\000C\000h\000.\000\040\0006\000,\000\040\000L\0009\000\051}{}% 92
\BOOKMARK [2][-]{subsection.10.1}{\376\377\000I\000n\000t\000r\000o\000\040\000t\000o\000\040\000h\000e\000a\000p\000s\000o\000r\000t}{section.10}% 93
\BOOKMARK [3][-]{subsubsection.10.1.1}{\376\377\000I\000n\000-\000p\000l\000a\000c\000e\000\040\000S\000o\000r\000t\000i\000n\000g}{subsection.10.1}% 94
\BOOKMARK [3][-]{subsubsection.10.1.2}{\376\377\000I\000n\000d\000e\000x\000i\000n\000g}{subsection.10.1}% 95
\BOOKMARK [3][-]{subsubsection.10.1.3}{\376\377\000H\000e\000a\000p\000-\000t\000r\000e\000e\000:\000\040\000\050\0002\000\040\000p\000r\000o\000p\000e\000r\000t\000i\000e\000s\000\051}{subsection.10.1}% 96
\BOOKMARK [3][-]{subsubsection.10.1.4}{\376\377\000H\000e\000i\000g\000h\000t}{subsection.10.1}% 97
\BOOKMARK [2][-]{subsection.10.2}{\376\377\000H\000e\000a\000p\000\040\000o\000p\000e\000r\000a\000t\000i\000o\000n\000s}{section.10}% 98
\BOOKMARK [3][-]{subsubsection.10.2.1}{\376\377\000B\000u\000b\000b\000l\000e\000\040\000d\000o\000w\000n}{subsection.10.2}% 99
\BOOKMARK [3][-]{subsubsection.10.2.2}{\376\377\000B\000u\000i\000l\000d\000\040\000h\000e\000a\000p}{subsection.10.2}% 100
\BOOKMARK [3][-]{subsubsection.10.2.3}{\376\377\000E\000x\000t\000r\000a\000c\000t\000\040\000m\000a\000x}{subsection.10.2}% 101
\BOOKMARK [3][-]{subsubsection.10.2.4}{\376\377\000H\000e\000a\000p\000s\000o\000r\000t}{subsection.10.2}% 102
\BOOKMARK [3][-]{subsubsection.10.2.5}{\376\377\000I\000n\000s\000e\000r\000t}{subsection.10.2}% 103
\BOOKMARK [3][-]{subsubsection.10.2.6}{\376\377\000B\000u\000b\000b\000l\000e\000\040\000u\000p}{subsection.10.2}% 104
\BOOKMARK [2][-]{subsection.10.3}{\376\377\000B\000u\000i\000l\000d\000\040\000h\000e\000a\000p\000\040\000r\000u\000n\000t\000i\000m\000e\000\040\000a\000n\000d\000\040\000p\000r\000i\000o\000r\000i\000t\000y\000\040\000q\000u\000e\000u\000e}{section.10}% 105
\BOOKMARK [3][-]{subsubsection.10.3.1}{\376\377\000T\000i\000g\000h\000t\000\040\000b\000o\000u\000n\000d\000\040\000f\000o\000r\000\040\000b\000u\000i\000l\000d\000\040\000h\000e\000a\000p}{subsection.10.3}% 106
\BOOKMARK [3][-]{subsubsection.10.3.2}{\376\377\000P\000r\000i\000o\000r\000i\000t\000y\000\040\000q\000u\000e\000u\000e}{subsection.10.3}% 107
\BOOKMARK [1][-]{section.11}{\376\377\000Q\000u\000i\000c\000k\000s\000o\000r\000t\000\040\000\050\000C\000h\000.\000\040\0007\000,\000\040\000L\0001\0000\000\051}{}% 108
\BOOKMARK [2][-]{subsection.11.1}{\376\377\000I\000n\000t\000r\000o}{section.11}% 109
\BOOKMARK [3][-]{subsubsection.11.1.1}{\376\377\000Q\000S\000\040\000a\000l\000g\000o\000r\000i\000t\000h\000m}{subsection.11.1}% 110
\BOOKMARK [3][-]{subsubsection.11.1.2}{\376\377\000P\000a\000r\000t\000i\000t\000i\000o\000n}{subsection.11.1}% 111
\BOOKMARK [2][-]{subsection.11.2}{\376\377\000Q\000S\000\040\000b\000a\000s\000i\000c\000\040\000a\000n\000a\000l\000y\000s\000i\000s}{section.11}% 112
\BOOKMARK [3][-]{subsubsection.11.2.1}{\376\377\000B\000e\000s\000t\000\040\000c\000a\000s\000e}{subsection.11.2}% 113
\BOOKMARK [3][-]{subsubsection.11.2.2}{\376\377\000W\000o\000r\000s\000t\000\040\000c\000a\000s\000e\000\040\000\050\000i\000n\000f\000o\000r\000m\000a\000l\000\051}{subsection.11.2}% 114
\BOOKMARK [3][-]{subsubsection.11.2.3}{\376\377\000E\000x\000p\000e\000c\000t\000e\000d\000\040\000c\000a\000s\000e}{subsection.11.2}% 115
\BOOKMARK [2][-]{subsection.11.3}{\376\377\000W\000o\000r\000s\000t\000-\000c\000a\000s\000e\000\040\000\050\000f\000o\000r\000m\000a\000l\000\051}{section.11}% 116
\BOOKMARK [2][-]{subsection.11.4}{\376\377\000A\000v\000e\000r\000a\000g\000e\000-\000c\000a\000s\000e\000\040\000\050\000f\000o\000r\000m\000a\000l\000\051}{section.11}% 117
\BOOKMARK [2][-]{subsection.11.5}{\376\377\000R\000a\000n\000d\000o\000m\000i\000z\000e\000d\000\040\000Q\000S}{section.11}% 118
\BOOKMARK [3][-]{subsubsection.11.5.1}{\376\377\000M\000o\000t\000i\000v\000a\000t\000i\000o\000n\000\040\000f\000o\000r\000\040\000r\000a\000n\000d\000o\000m\000i\000z\000e\000d\000\040\000Q\000S}{subsection.11.5}% 119
\BOOKMARK [3][-]{subsubsection.11.5.2}{\376\377\000R\000a\000n\000d\000o\000m\000\040\000p\000a\000r\000t\000i\000t\000i\000o\000n}{subsection.11.5}% 120
\BOOKMARK [3][-]{subsubsection.11.5.3}{\376\377\000R\000a\000n\000d\000o\000m\000\040\000p\000a\000r\000t\000i\000t\000i\000o\000n\000\040\000Q\000S}{subsection.11.5}% 121
\BOOKMARK [1][-]{section.12}{\376\377\000C\000o\000u\000n\000t\000i\000n\000g\000\040\000s\000o\000r\000t\000,\000\040\000R\000a\000d\000i\000x\000\040\000s\000o\000r\000t\000\040\000\050\000C\000h\000.\000\040\0008\000\051}{}% 122
\BOOKMARK [2][-]{subsection.12.1}{\376\377\000L\000o\000w\000e\000r\000\040\000b\000o\000u\000n\000d\000\040\000o\000n\000\040\000s\000o\000r\000t\000i\000n\000g\000\040\000a\000n\000d\000\040\000c\000o\000u\000n\000t\000i\000n\000g\000\040\000s\000o\000r\000t}{section.12}% 123
\BOOKMARK [3][-]{subsubsection.12.1.1}{\376\377\000L\000o\000w\000e\000r\000\040\000b\000o\000u\000n\000d\000\040\000o\000n\000\040\000c\000o\000m\000p\000a\000r\000i\000s\000o\000n\000-\000b\000a\000s\000e\000d\000\040\000s\000o\000r\000t\000i\000n\000g}{subsection.12.1}% 124
\BOOKMARK [2][-]{subsection.12.2}{\376\377\000C\000o\000u\000n\000t\000i\000n\000g\000\040\000s\000o\000r\000t}{section.12}% 125
\BOOKMARK [2][-]{subsection.12.3}{\376\377\000R\000a\000d\000i\000x\000\040\000s\000o\000r\000t}{section.12}% 126
\BOOKMARK [3][-]{subsubsection.12.3.1}{\376\377\000R\000u\000n\000t\000i\000m\000e\000\040\000c\000o\000m\000p\000l\000e\000x\000i\000t\000y\000\040\000a\000n\000a\000l\000y\000s\000i\000s\000\040\000o\000f\000\040\000R\000a\000d\000i\000x\000\040\000s\000o\000r\000t}{subsection.12.3}% 127
\BOOKMARK [3][-]{subsubsection.12.3.2}{\376\377\000E\000x\000a\000m\000p\000l\000e\000\040\000o\000f\000\040\000Q\000S\000\040\000v\000s\000.\000\040\000R\000S}{subsection.12.3}% 128
\BOOKMARK [2][-]{subsection.12.4}{\376\377\000F\000i\000n\000d\000\040\000k\000t\000h\000\040\000l\000a\000r\000g\000e\000s\000t\000\040\000e\000l\000e\000m\000e\000n\000t\000\040\000i\000n\000\040\000s\000o\000r\000t\000e\000d\000\040\000s\000e\000q\000u\000e\000n\000c\000e}{section.12}% 129
\BOOKMARK [1][-]{section.13}{\376\377\000S\000e\000l\000e\000c\000t\000i\000o\000n\000\040\000s\000o\000r\000t\000,\000\040\000B\000i\000n\000a\000r\000y\000\040\000s\000e\000a\000r\000c\000h\000\040\000t\000r\000e\000e\000s\000\040\000\050\000C\000h\000.\000\040\0001\0002\000\051}{}% 130
\BOOKMARK [2][-]{subsection.13.1}{\376\377\000S\000e\000l\000e\000c\000t\000i\000o\000n\000\040\000s\000o\000r\000t}{section.13}% 131
\BOOKMARK [2][-]{subsection.13.2}{\376\377\000B\000i\000n\000a\000r\000y\000\040\000s\000e\000a\000r\000c\000h\000\040\000t\000r\000e\000e\000s}{section.13}% 132
\BOOKMARK [1][-]{section.14}{\376\377\000R\000e\000d\000\040\000b\000l\000a\000c\000k\000\040\000t\000r\000e\000e\000s\000\040\000\050\000C\000h\000.\000\040\0001\0003\000\051}{}% 133
\BOOKMARK [2][-]{subsection.14.1}{\376\377\000P\000r\000o\000p\000e\000r\000t\000i\000e\000s}{section.14}% 134
\BOOKMARK [2][-]{subsection.14.2}{\376\377\000B\000a\000l\000a\000n\000c\000e\000\040\000p\000r\000o\000o\000f}{section.14}% 135
\BOOKMARK [2][-]{subsection.14.3}{\376\377\000O\000p\000e\000r\000a\000t\000i\000o\000n\000s}{section.14}% 136
\BOOKMARK [1][-]{section.15}{\376\377\000H\000a\000s\000h\000\040\000t\000a\000b\000l\000e\000s\000,\000\040\000H\000a\000s\000h\000i\000n\000g\000\040\000\050\000C\000h\000.\000\040\0001\0001\000\051}{}% 137
\BOOKMARK [2][-]{subsection.15.1}{\376\377\000M\000o\000t\000i\000v\000a\000t\000i\000o\000n}{section.15}% 138
\BOOKMARK [2][-]{subsection.15.2}{\376\377\000R\000e\000s\000o\000l\000u\000t\000i\000o\000n\000\040\000b\000y\000\040\000c\000h\000a\000i\000n\000i\000n\000g}{section.15}% 139
\BOOKMARK [2][-]{subsection.15.3}{\376\377\000R\000e\000s\000o\000l\000u\000t\000i\000o\000n\000\040\000b\000y\000\040\000o\000p\000e\000n\000\040\000a\000d\000d\000r\000e\000s\000s\000i\000n\000g}{section.15}% 140
\BOOKMARK [1][-]{section.16}{\376\377\000D\000y\000n\000a\000m\000i\000c\000\040\000p\000r\000o\000g\000r\000a\000m\000m\000i\000n\000g\000\040\000\050\000C\000h\000.\000\040\0001\0004\000\051}{}% 141
\BOOKMARK [2][-]{subsection.16.1}{\376\377\000D\000P\000\040\000m\000a\000t\000r\000i\000x\000\040\000m\000u\000l\000t\000i\000p\000l\000i\000c\000a\000t\000i\000o\000n}{section.16}% 142
\BOOKMARK [2][-]{subsection.16.2}{\376\377\000D\000P\000\040\000l\000o\000n\000g\000e\000s\000t\000\040\000c\000o\000m\000m\000o\000n\000\040\000s\000u\000b\000s\000e\000q\000u\000e\000n\000c\000e}{section.16}% 143
\BOOKMARK [1][-]{section.17}{\376\377\000G\000r\000e\000e\000d\000y\000\040\000a\000l\000g\000o\000r\000i\000t\000h\000m\000s\000\040\000\050\000C\000h\000.\000\040\0001\0005\000\051}{}% 144
\BOOKMARK [1][-]{section.18}{\376\377\000A\000m\000o\000r\000t\000i\000z\000e\000d\000\040\000a\000n\000a\000l\000y\000s\000i\000s\000\040\000\050\000C\000h\000.\000\040\0001\0006\000\051}{}% 145
\BOOKMARK [1][-]{section.19}{\376\377\000S\000p\000l\000a\000y\000\040\000t\000r\000e\000e\000s}{}% 146
\BOOKMARK [1][-]{section.20}{\376\377\000G\000r\000a\000p\000h\000\040\000a\000l\000g\000o\000r\000i\000t\000h\000m\000s\000\040\000\050\000C\000h\000.\000\040\0002\0000\000\051}{}% 147
\BOOKMARK [2][-]{subsection.20.1}{\376\377\000I\000n\000t\000r\000o}{section.20}% 148
\BOOKMARK [2][-]{subsection.20.2}{\376\377\000B\000r\000e\000a\000d\000t\000h\000-\000f\000i\000r\000s\000t\000\040\000s\000e\000a\000r\000c\000h}{section.20}% 149
\BOOKMARK [2][-]{subsection.20.3}{\376\377\000D\000e\000p\000t\000h\000-\000f\000i\000r\000s\000t\000\040\000s\000e\000a\000r\000c\000h}{section.20}% 150
\BOOKMARK [1][-]{section.21}{\376\377\000M\000i\000n\000i\000m\000u\000m\000\040\000s\000p\000a\000n\000n\000i\000n\000g\000\040\000t\000r\000e\000e\000s\000\040\000\050\000C\000h\000.\000\040\0002\0001\000\051}{}% 151
\BOOKMARK [1][-]{section.22}{\376\377\000S\000h\000o\000r\000t\000e\000s\000t\000\040\000p\000a\000t\000h\000s\000\040\000\050\000C\000h\000.\000\040\0002\0002\000\051}{}% 152
\BOOKMARK [1][-]{section.23}{\376\377\000M\000a\000x\000i\000m\000u\000m\000\040\000f\000l\000o\000w\000\040\000\050\000C\000h\000.\000\040\0002\0004\000\051}{}% 153
\BOOKMARK [1][-]{section.24}{\376\377\000H\000i\000s\000t\000o\000r\000y\000\040\000o\000f\000\040\000c\000o\000m\000p\000u\000t\000a\000t\000i\000o\000n}{}% 154
\BOOKMARK [1][-]{section.25}{\376\377\000P\000,\000\040\000N\000P\000,\000\040\000a\000n\000d\000\040\000N\000P\000C\000\040\000i\000n\000t\000r\000o\000d\000u\000c\000t\000i\000o\000n\000\040\000\050\000C\000h\000.\000\040\0003\0004\000\051}{}% 155
\BOOKMARK [1][-]{section.26}{\376\377\000N\000P\000\040\000C\000o\000m\000p\000l\000e\000t\000e\000n\000e\000s\000s\000\040\000\050\000N\000P\000C\000\051\000\040\000\050\000C\000h\000.\000\040\0003\0004\000\051}{}% 156
