\BOOKMARK [1][-]{section.1}{\376\377\000I\000n\000t\000r\000o\000d\000u\000c\000t\000i\000o\000n\000\040\000a\000n\000d\000\040\000t\000i\000m\000e\000\040\000v\000a\000l\000u\000e\000\040\000o\000f\000\040\000m\000o\000n\000e\000y\000\040\000\050\000P\000S\0001\000\051}{}% 1
\BOOKMARK [2][-]{subsection.1.1}{\376\377\000I\000n\000t\000e\000r\000e\000s\000t}{section.1}% 2
\BOOKMARK [2][-]{subsection.1.2}{\376\377\000I\000n\000t\000e\000r\000e\000s\000t\000\040\000r\000a\000t\000e}{section.1}% 3
\BOOKMARK [2][-]{subsection.1.3}{\376\377\000S\000i\000m\000p\000l\000e\000\040\000i\000n\000t\000e\000r\000e\000s\000t}{section.1}% 4
\BOOKMARK [2][-]{subsection.1.4}{\376\377\000C\000o\000m\000p\000o\000u\000n\000d\000\040\000i\000n\000t\000e\000r\000e\000s\000t}{section.1}% 5
\BOOKMARK [2][-]{subsection.1.5}{\376\377\000S\000u\000b\000p\000e\000r\000i\000o\000d\000\040\000i\000n\000t\000e\000r\000e\000s\000t\000\040\000r\000a\000t\000e}{section.1}% 6
\BOOKMARK [2][-]{subsection.1.6}{\376\377\000E\000f\000f\000e\000c\000t\000i\000v\000e\000\040\000i\000n\000t\000e\000r\000e\000s\000t\000\040\000r\000a\000t\000e}{section.1}% 7
\BOOKMARK [2][-]{subsection.1.7}{\376\377\000C\000o\000n\000t\000i\000n\000u\000o\000u\000s\000\040\000c\000o\000m\000p\000o\000u\000n\000d\000\040\000i\000n\000t\000e\000r\000e\000s\000t}{section.1}% 8
\BOOKMARK [2][-]{subsection.1.8}{\376\377\000C\000o\000m\000p\000o\000u\000n\000d\000\040\000i\000n\000t\000e\000r\000e\000s\000t\000\040\000w\000i\000t\000h\000\040\000s\000u\000b\000p\000e\000r\000i\000o\000d\000s}{section.1}% 9
\BOOKMARK [1][-]{section.2}{\376\377\000C\000a\000s\000h\000-\000f\000l\000o\000w\000\040\000d\000i\000a\000g\000r\000a\000m\000s\000\040\000a\000n\000d\000\040\000e\000q\000u\000i\000v\000a\000l\000e\000n\000c\000e\000\040\000\050\000P\000S\0002\000\051}{}% 10
\BOOKMARK [2][-]{subsection.2.1}{\376\377\000C\000a\000s\000h\000-\000F\000l\000o\000w\000\040\000d\000i\000a\000g\000r\000a\000m\000s}{section.2}% 11
\BOOKMARK [2][-]{subsection.2.2}{\376\377\000T\000y\000p\000e\000s\000\040\000o\000f\000\040\000c\000a\000s\000h\000\040\000f\000l\000o\000w\000s}{section.2}% 12
\BOOKMARK [2][-]{subsection.2.3}{\376\377\000E\000q\000u\000i\000v\000a\000l\000e\000n\000c\000e\000\040\000F\000a\000c\000t\000o\000r\000s}{section.2}% 13
\BOOKMARK [2][-]{subsection.2.4}{\376\377\000I\000n\000v\000e\000r\000t\000i\000b\000i\000l\000i\000t\000y\000:}{section.2}% 14
\BOOKMARK [2][-]{subsection.2.5}{\376\377\000C\000o\000m\000p\000o\000u\000n\000d\000\040\000a\000m\000o\000u\000n\000t\000\040\000f\000a\000c\000t\000o\000r\000:}{section.2}% 15
\BOOKMARK [2][-]{subsection.2.6}{\376\377\000P\000r\000e\000s\000e\000n\000t\000\040\000w\000o\000r\000t\000h\000\040\000f\000a\000c\000t\000o\000r\000:}{section.2}% 16
\BOOKMARK [2][-]{subsection.2.7}{\376\377\000P\000r\000e\000s\000e\000n\000t\000\040\000v\000a\000l\000u\000e\000\040\000o\000f\000\040\000a\000\040\000p\000e\000r\000p\000e\000t\000u\000i\000t\000y\000\040\000\050\000n\000o\000\040\000f\000a\000c\000t\000o\000r\000\051\000:}{section.2}% 17
\BOOKMARK [2][-]{subsection.2.8}{\376\377\000S\000e\000r\000i\000e\000s\000\040\000p\000r\000e\000s\000e\000n\000t\000\040\000w\000o\000r\000t\000h\000\040\000f\000a\000c\000t\000o\000r\000:}{section.2}% 18
\BOOKMARK [2][-]{subsection.2.9}{\376\377\000P\000r\000e\000s\000e\000n\000t\000\040\000v\000a\000l\000u\000e\000\040\000o\000f\000\040\000a\000n\000\040\000a\000r\000i\000t\000h\000m\000e\000t\000i\000c\000\040\000g\000r\000a\000d\000i\000e\000n\000t\000:}{section.2}% 19
\BOOKMARK [2][-]{subsection.2.10}{\376\377\000P\000r\000e\000s\000e\000n\000t\000\040\000v\000a\000l\000u\000e\000\040\000o\000f\000\040\000a\000\040\000g\000e\000o\000m\000e\000t\000r\000i\000c\000\040\000s\000e\000r\000i\000e\000s\000:}{section.2}% 20
\BOOKMARK [1][-]{section.3}{\376\377\000C\000a\000s\000h\000-\000f\000l\000o\000w\000\040\000a\000n\000a\000l\000y\000s\000i\000s\000:\000\040\000B\000o\000n\000d\000s\000\040\000\050\000P\000S\0003\000\051}{}% 21
\BOOKMARK [2][-]{subsection.3.1}{\376\377\000M\000o\000r\000t\000g\000a\000g\000e\000\040\000T\000e\000r\000m\000s}{section.3}% 22
\BOOKMARK [2][-]{subsection.3.2}{\376\377\000N\000e\000t\000\040\000a\000m\000o\000u\000n\000t\000\040\000o\000w\000e\000d\000\040\000a\000t\000\040\000e\000n\000d\000\040\000o\000f\000\040\000t\000e\000r\000m\000:}{section.3}% 23
\BOOKMARK [2][-]{subsection.3.3}{\376\377\000N\000e\000t\000\040\000m\000o\000n\000t\000h\000l\000y\000\040\000p\000a\000y\000m\000e\000n\000t\000:}{section.3}% 24
\BOOKMARK [2][-]{subsection.3.4}{\376\377\000B\000o\000n\000d\000\040\000T\000e\000r\000m\000s}{section.3}% 25
\BOOKMARK [1][-]{section.4}{\376\377\000R\000i\000s\000k\000,\000\040\000r\000e\000w\000a\000r\000d\000,\000\040\000a\000n\000d\000\040\000a\000r\000b\000i\000t\000r\000a\000g\000e\000\040\000\050\000P\000S\0004\000\051}{}% 26
\BOOKMARK [2][-]{subsection.4.1}{\376\377\000T\000e\000r\000m\000s}{section.4}% 27
\BOOKMARK [2][-]{subsection.4.2}{\376\377\000C\000a\000p\000i\000t\000a\000l\000\040\000A\000s\000s\000e\000t\000\040\000P\000r\000i\000c\000i\000n\000g\000\040\000M\000o\000d\000e\000l\000\040\000\050\000C\000A\000P\000M\000\051}{section.4}% 28
\BOOKMARK [2][-]{subsection.4.3}{\376\377\000R\000e\000p\000l\000i\000c\000a\000t\000i\000o\000n\000\040\000\050\000F\000I\000X\000\051}{section.4}% 29
\BOOKMARK [2][-]{subsection.4.4}{\376\377\000F\000o\000r\000w\000a\000r\000d\000\040\000R\000a\000t\000e}{section.4}% 30
\BOOKMARK [1][-]{section.5}{\376\377\000C\000o\000m\000p\000a\000r\000i\000s\000o\000n\000\040\000m\000e\000t\000h\000o\000d\000s\000\040\000-\000\040\000P\000W\000,\000\040\000A\000W\000,\000\040\000F\000W\000\040\000\050\000P\000S\0005\000\051}{}% 31
\BOOKMARK [2][-]{subsection.5.1}{\376\377\000T\000e\000r\000m\000i\000n\000o\000l\000o\000g\000y}{section.5}% 32
\BOOKMARK [2][-]{subsection.5.2}{\376\377\000E\000v\000a\000l\000u\000a\000t\000i\000n\000g\000\040\000m\000u\000t\000u\000a\000l\000l\000y\000\040\000e\000x\000c\000l\000u\000s\000i\000v\000e\000\040\000p\000r\000o\000j\000e\000c\000t\000s}{section.5}% 33
\BOOKMARK [2][-]{subsection.5.3}{\376\377\000C\000o\000m\000p\000a\000r\000i\000n\000g\000\040\000d\000i\000f\000f\000e\000r\000e\000n\000t\000\040\000l\000i\000v\000e\000s}{section.5}% 34
\BOOKMARK [3][-]{subsubsection.5.3.1}{\376\377\000R\000e\000p\000e\000a\000t\000e\000d\000\040\000l\000i\000v\000e\000s\000\040\000-\000\040\000P\000W}{subsection.5.3}% 35
\BOOKMARK [3][-]{subsubsection.5.3.2}{\376\377\000R\000e\000p\000e\000a\000t\000e\000d\000\040\000l\000i\000v\000e\000s\000\040\000-\000\040\000A\000W}{subsection.5.3}% 36
\BOOKMARK [3][-]{subsubsection.5.3.3}{\376\377\000S\000t\000u\000d\000y\000\040\000p\000e\000r\000i\000o\000d}{subsection.5.3}% 37
\BOOKMARK [1][-]{section.6}{\376\377\000C\000o\000m\000p\000a\000r\000i\000s\000o\000n\000\040\000m\000e\000t\000h\000o\000d\000s\000\040\000-\000\040\000I\000R\000R\000\040\000\050\000P\000S\0006\000\051}{}% 38
\BOOKMARK [2][-]{subsection.6.1}{\376\377\000C\000o\000m\000p\000a\000r\000i\000s\000o\000n\000\040\000m\000e\000t\000h\000o\000d\000s\000\040\000t\000e\000r\000m\000i\000n\000o\000l\000o\000g\000y}{section.6}% 39
\BOOKMARK [2][-]{subsection.6.2}{\376\377\000I\000R\000R\000\040\000c\000a\000l\000c\000u\000l\000a\000t\000i\000o\000n}{section.6}% 40
\BOOKMARK [2][-]{subsection.6.3}{\376\377\000P\000a\000y\000b\000a\000c\000k\000\040\000p\000e\000r\000i\000o\000d\000\040\000c\000a\000l\000c\000u\000l\000a\000t\000i\000o\000n}{section.6}% 41
\BOOKMARK [3][-]{subsubsection.6.3.1}{\376\377\000N\000o\000n\000-\000D\000i\000s\000c\000o\000u\000n\000t\000e\000d}{subsection.6.3}% 42
\BOOKMARK [3][-]{subsubsection.6.3.2}{\376\377\000D\000i\000s\000c\000o\000u\000n\000t\000e\000d}{subsection.6.3}% 43
\BOOKMARK [2][-]{subsection.6.4}{\376\377\000I\000n\000c\000r\000e\000m\000e\000n\000t\000a\000l\000\040\000I\000R\000R}{section.6}% 44
\BOOKMARK [1][-]{section.7}{\376\377\000D\000e\000p\000r\000e\000c\000i\000a\000t\000i\000o\000n\000,\000\040\000F\000i\000n\000a\000n\000c\000i\000a\000l\000\040\000a\000c\000c\000o\000u\000n\000t\000i\000n\000g\000\040\000\050\000P\000S\0007\000\051}{}% 45
\BOOKMARK [2][-]{subsection.7.1}{\376\377\000D\000e\000p\000r\000e\000c\000i\000a\000t\000i\000o\000n\000\040\000t\000e\000r\000m\000s\000\040\000a\000n\000d\000\040\000v\000a\000r\000i\000a\000b\000l\000e\000s}{section.7}% 46
\BOOKMARK [2][-]{subsection.7.2}{\376\377\000R\000e\000a\000s\000o\000n\000s\000\040\000f\000o\000r\000\040\000d\000e\000p\000r\000e\000c\000i\000a\000t\000i\000o\000n}{section.7}% 47
\BOOKMARK [2][-]{subsection.7.3}{\376\377\000S\000t\000r\000a\000i\000g\000h\000t\000\040\000l\000i\000n\000e\000\040\000m\000e\000t\000h\000o\000d}{section.7}% 48
\BOOKMARK [2][-]{subsection.7.4}{\376\377\000D\000e\000c\000l\000i\000n\000i\000n\000g\000\040\000b\000a\000l\000a\000n\000c\000e\000\040\000m\000e\000t\000h\000o\000d}{section.7}% 49
\BOOKMARK [2][-]{subsection.7.5}{\376\377\000S\000u\000m\000\040\000o\000f\000\040\000y\000e\000a\000r\000s\000'\000\040\000d\000i\000g\000i\000t\000s\000\040\000\050\000S\000O\000Y\000D\000\051}{section.7}% 50
\BOOKMARK [2][-]{subsection.7.6}{\376\377\000U\000n\000i\000t\000\040\000o\000f\000\040\000p\000r\000o\000d\000u\000c\000t\000i\000o\000n\000\040\000m\000e\000t\000h\000o\000d}{section.7}% 51
\BOOKMARK [2][-]{subsection.7.7}{\376\377\000C\000C\000A\000\040\000d\000e\000p\000r\000e\000c\000i\000a\000t\000i\000o\000n}{section.7}% 52
\BOOKMARK [2][-]{subsection.7.8}{\376\377\000R\000e\000-\000e\000v\000a\000l\000u\000a\000t\000e\000d\000\040\000s\000e\000r\000v\000i\000c\000e\000\040\000l\000i\000f\000e}{section.7}% 53
\BOOKMARK [1][-]{section.8}{\376\377\000F\000i\000n\000a\000n\000c\000i\000a\000l\000\040\000a\000c\000c\000o\000u\000n\000t\000i\000n\000g\000\040\000\050\000P\000S\0008\000\051}{}% 54
\BOOKMARK [2][-]{subsection.8.1}{\376\377\000L\000i\000q\000u\000i\000d\000i\000t\000y\000\040\000r\000a\000t\000i\000o\000s}{section.8}% 55
\BOOKMARK [2][-]{subsection.8.2}{\376\377\000E\000f\000f\000i\000c\000i\000e\000n\000c\000y\000\040\000r\000a\000t\000i\000o\000s}{section.8}% 56
\BOOKMARK [2][-]{subsection.8.3}{\376\377\000L\000e\000v\000e\000r\000a\000g\000e\000\040\000r\000a\000t\000i\000o\000s}{section.8}% 57
\BOOKMARK [2][-]{subsection.8.4}{\376\377\000P\000r\000o\000f\000i\000t\000a\000b\000i\000l\000i\000t\000y\000\040\000r\000a\000t\000i\000o\000s}{section.8}% 58
\BOOKMARK [2][-]{subsection.8.5}{\376\377\000P\000e\000r\000f\000o\000r\000m\000a\000n\000c\000e\000\040\000r\000a\000t\000i\000o\000s}{section.8}% 59
\BOOKMARK [1][-]{section.9}{\376\377\000T\000a\000x\000a\000t\000i\000o\000n\000\040\000\050\000P\000S\0009\000\051}{}% 60
\BOOKMARK [2][-]{subsection.9.1}{\376\377\000T\000a\000x\000a\000b\000l\000e\000\040\000i\000n\000c\000o\000m\000e\000\040\000\050\000F\000I\000X\000\051}{section.9}% 61
\BOOKMARK [2][-]{subsection.9.2}{\376\377\000F\000l\000a\000t\000\040\000c\000o\000r\000p\000o\000r\000a\000t\000e\000\040\000t\000a\000x}{section.9}% 62
\BOOKMARK [2][-]{subsection.9.3}{\376\377\000T\000y\000p\000e\000s\000\040\000o\000f\000\040\000r\000e\000v\000e\000n\000u\000e}{section.9}% 63
\BOOKMARK [2][-]{subsection.9.4}{\376\377\000T\000y\000p\000e\000s\000\040\000o\000f\000\040\000e\000x\000p\000e\000n\000s\000e\000s}{section.9}% 64
\BOOKMARK [2][-]{subsection.9.5}{\376\377\000D\000i\000s\000c\000o\000u\000n\000t\000i\000n\000g\000\040\000a\000f\000t\000e\000r\000-\000t\000a\000x\000\040\000c\000a\000s\000h\000\040\000f\000l\000o\000w\000\040\000r\000e\000q\000u\000i\000r\000e\000s\000\040\000l\000o\000w\000e\000r\000\040\000r\000a\000t\000e\000\040\000o\000f\000\040\000r\000e\000t\000u\000r\000n}{section.9}% 65
\BOOKMARK [2][-]{subsection.9.6}{\376\377\000C\000a\000p\000i\000t\000a\000l\000\040\000c\000o\000s\000t\000\040\000a\000l\000l\000o\000w\000a\000n\000c\000e\000\040\000\050\000C\000C\000A\000\051}{section.9}% 66
\BOOKMARK [2][-]{subsection.9.7}{\376\377\000U\000n\000d\000e\000p\000r\000e\000c\000i\000a\000t\000e\000d\000\040\000c\000a\000p\000i\000t\000a\000l\000\040\000c\000o\000s\000t\000\040\000\050\000U\000C\000C\000\051}{section.9}% 67
\BOOKMARK [2][-]{subsection.9.8}{\376\377\000C\000C\000A\000\040\000p\000o\000o\000l\000i\000n\000g}{section.9}% 68
\BOOKMARK [2][-]{subsection.9.9}{\376\377\000C\000C\000A\000\040\000h\000a\000l\000f\000-\000y\000e\000a\000r\000\040\000r\000u\000l\000e}{section.9}% 69
\BOOKMARK [2][-]{subsection.9.10}{\376\377\000T\000a\000x\000\040\000s\000a\000v\000i\000n\000g\000s\000\040\000f\000r\000o\000m\000\040\000d\000e\000p\000r\000e\000c\000i\000a\000t\000i\000o\000n}{section.9}% 70
\BOOKMARK [2][-]{subsection.9.11}{\376\377\000C\000C\000A\000\040\000r\000u\000l\000e\000s\000\040\000o\000n\000\040\000d\000i\000s\000p\000o\000s\000i\000t\000i\000o\000n\000\040\000\050\000s\000e\000l\000l\000i\000n\000g\000\040\000a\000s\000s\000e\000t\000\051}{section.9}% 71
\BOOKMARK [2][-]{subsection.9.12}{\376\377\000C\000a\000l\000c\000u\000l\000a\000t\000i\000n\000g\000\040\000P\000W\000\040\000w\000i\000t\000h\000\040\000t\000a\000x\000e\000s\000:\000\040\000e\000x\000p\000l\000i\000c\000i\000t\000\040\000m\000e\000t\000h\000o\000d}{section.9}% 72
\BOOKMARK [2][-]{subsection.9.13}{\376\377\000C\000a\000l\000c\000u\000l\000a\000t\000i\000n\000g\000\040\000P\000W\000\040\000w\000i\000t\000h\000\040\000t\000a\000x\000e\000s\000:\000\040\000t\000a\000x\000\040\000b\000e\000n\000e\000f\000i\000t\000\040\000f\000a\000c\000t\000o\000r}{section.9}% 73
\BOOKMARK [3][-]{subsubsection.9.13.1}{\376\377\000T\000a\000x\000\040\000b\000e\000n\000e\000f\000i\000t\000\040\000f\000a\000c\000t\000o\000r\000:}{subsection.9.13}% 74
\BOOKMARK [3][-]{subsubsection.9.13.2}{\376\377\000E\000f\000f\000e\000c\000t\000i\000v\000e\000\040\000f\000i\000r\000s\000t\000\040\000c\000o\000s\000t\000:}{subsection.9.13}% 75
\BOOKMARK [3][-]{subsubsection.9.13.3}{\376\377\000E\000f\000f\000e\000c\000t\000i\000v\000e\000\040\000s\000a\000l\000v\000a\000g\000e\000\040\000v\000a\000l\000u\000e\000:}{subsection.9.13}% 76
\BOOKMARK [1][-]{section.10}{\376\377\000I\000n\000f\000l\000a\000t\000i\000o\000n\000\040\000\050\000P\000S\0001\0000\000\051}{}% 77
\BOOKMARK [2][-]{subsection.10.1}{\376\377\000I\000n\000f\000l\000a\000t\000i\000o\000n\000\040\000t\000e\000r\000m\000s}{section.10}% 78
\BOOKMARK [2][-]{subsection.10.2}{\376\377\000C\000a\000l\000c\000u\000l\000a\000t\000i\000n\000g\000\040\000C\000P\000I\000\040\000\046\000\040\000i\000n\000f\000l\000a\000t\000i\000o\000n}{section.10}% 79
\BOOKMARK [3][-]{subsubsection.10.2.1}{\376\377\000C\000P\000I\000\040\000i\000n\000d\000e\000x}{subsection.10.2}% 80
\BOOKMARK [3][-]{subsubsection.10.2.2}{\376\377\000I\000n\000f\000l\000a\000t\000i\000o\000n\000\040\000r\000a\000t\000e\000\040\000f\000r\000o\000m\000\040\000C\000P\000I\000\040\000i\000n\000d\000e\000x}{subsection.10.2}% 81
\BOOKMARK [3][-]{subsubsection.10.2.3}{\376\377\000A\000v\000e\000r\000a\000g\000e\000\040\000i\000n\000f\000l\000a\000t\000i\000o\000n\000\040\000f\000r\000o\000m\000\040\000C\000P\000I}{subsection.10.2}% 82
\BOOKMARK [2][-]{subsection.10.3}{\376\377\000R\000e\000a\000l\000\040\000v\000a\000l\000u\000e}{section.10}% 83
\BOOKMARK [3][-]{subsubsection.10.3.1}{\376\377\000R\000e\000a\000l\000\040\000r\000a\000t\000e}{subsection.10.3}% 84
\BOOKMARK [3][-]{subsubsection.10.3.2}{\376\377\000R\000e\000a\000l\000\040\000v\000a\000l\000u\000e\000\040\000f\000r\000o\000m\000\040\000p\000u\000r\000c\000h\000a\000s\000i\000n\000g\000\040\000p\000o\000w\000e\000r}{subsection.10.3}% 85
\BOOKMARK [2][-]{subsection.10.4}{\376\377\000E\000c\000o\000n\000o\000m\000i\000c\000\040\000v\000a\000l\000u\000a\000t\000i\000o\000n\000\040\000w\000i\000t\000h\000\040\000i\000n\000f\000l\000a\000t\000i\000o\000n}{section.10}% 86
\BOOKMARK [3][-]{subsubsection.10.4.1}{\376\377\000A\000c\000t\000u\000a\000l\000\040\000v\000s\000.\000\040\000r\000e\000a\000l\000\040\000v\000a\000l\000u\000e\000s}{subsection.10.4}% 87
\BOOKMARK [3][-]{subsubsection.10.4.2}{\376\377\000C\000a\000s\000h\000\040\000f\000l\000o\000w\000\040\000w\000i\000t\000h\000\040\000i\000n\000f\000l\000a\000t\000i\000o\000n}{subsection.10.4}% 88
\BOOKMARK [3][-]{subsubsection.10.4.3}{\376\377\000L\000o\000a\000n\000\040\000w\000i\000t\000h\000\040\000i\000n\000f\000l\000a\000t\000i\000o\000n}{subsection.10.4}% 89
\BOOKMARK [3][-]{subsubsection.10.4.4}{\376\377\000B\000o\000n\000d\000\040\000w\000i\000t\000h\000\040\000i\000n\000f\000l\000a\000t\000i\000o\000n}{subsection.10.4}% 90
\BOOKMARK [2][-]{subsection.10.5}{\376\377\000I\000n\000f\000l\000a\000t\000i\000o\000n\000\040\000w\000i\000t\000h\000\040\000t\000a\000x\000\040\000b\000e\000n\000e\000f\000i\000t\000s}{section.10}% 91
\BOOKMARK [3][-]{subsubsection.10.5.1}{\376\377\000T\000a\000x\000\040\000b\000e\000n\000e\000f\000i\000t\000\040\000f\000a\000c\000t\000o\000r\000s\000\040\000w\000i\000t\000h\000\040\000i\000n\000f\000l\000a\000t\000i\000o\000n}{subsection.10.5}% 92
\BOOKMARK [1][-]{section.11}{\376\377\000R\000e\000p\000l\000a\000c\000e\000m\000e\000n\000t\000\040\000\050\000P\000S\0001\0001\000\051}{}% 93
