\BOOKMARK [1][-]{section.1}{\376\377\000V\000e\000c\000t\000o\000r\000s\000,\000\040\000N\000o\000r\000m\000s\000,\000\040\000I\000n\000n\000e\000r\000\040\000P\000r\000o\000d\000u\000c\000t\000s\000\040\000\050\000C\000h\000.\000\040\0002\000.\0001\000-\0002\000.\0002\000\051}{}% 1
\BOOKMARK [2][-]{subsection.1.1}{\376\377\000L\000i\000n\000e\000a\000r\000\040\000t\000r\000a\000n\000s\000f\000o\000r\000m\000a\000t\000i\000o\000n}{section.1}% 2
\BOOKMARK [3][-]{subsubsection.1.1.1}{\376\377\000M\000a\000t\000r\000i\000x\000\040\000r\000e\000p\000r\000e\000s\000e\000n\000t\000a\000t\000i\000o\000n\000\040\000o\000f\000\040\000a\000\040\000l\000i\000n\000e\000a\000r\000\040\000t\000r\000a\000n\000s\000f\000o\000r\000m\000a\000t\000i\000o\000n}{subsection.1.1}% 3
\BOOKMARK [2][-]{subsection.1.2}{\376\377\000V\000e\000c\000t\000o\000r\000s}{section.1}% 4
\BOOKMARK [2][-]{subsection.1.3}{\376\377\000V\000e\000c\000t\000o\000r\000\040\000s\000p\000a\000c\000e\000s}{section.1}% 5
\BOOKMARK [3][-]{subsubsection.1.3.1}{\376\377\000H\000o\000w\000\040\000t\000o\000\040\000p\000r\000o\000v\000e\000\040\000o\000r\000\040\000d\000i\000s\000p\000r\000o\000v\000e\000\040\000a\000\040\000v\000e\000c\000t\000o\000r\000\040\000s\000p\000a\000c\000e\000?}{subsection.1.3}% 6
\BOOKMARK [2][-]{subsection.1.4}{\376\377\000S\000u\000b\000s\000p\000a\000c\000e}{section.1}% 7
\BOOKMARK [2][-]{subsection.1.5}{\376\377\000S\000p\000a\000n}{section.1}% 8
\BOOKMARK [3][-]{subsubsection.1.5.1}{\376\377\000H\000o\000w\000\040\000t\000o\000\040\000d\000r\000a\000w\000\040\000t\000h\000e\000\040\000s\000p\000a\000n\000?}{subsection.1.5}% 9
\BOOKMARK [2][-]{subsection.1.6}{\376\377\000L\000i\000n\000e\000a\000r\000\040\000i\000n\000d\000e\000p\000e\000n\000d\000e\000n\000t\000\040\000\050\000L\000I\000\051\000\040\000s\000e\000t}{section.1}% 10
\BOOKMARK [3][-]{subsubsection.1.6.1}{\376\377\000H\000o\000w\000\040\000t\000o\000\040\000d\000e\000t\000e\000r\000m\000i\000n\000e\000\040\000i\000f\000\040\000a\000\040\000s\000e\000t\000\040\000i\000s\000\040\000l\000i\000n\000e\000a\000r\000l\000y\000\040\000i\000n\000d\000e\000p\000e\000n\000d\000e\000n\000t}{subsection.1.6}% 11
\BOOKMARK [2][-]{subsection.1.7}{\376\377\000B\000a\000s\000i\000s}{section.1}% 12
\BOOKMARK [3][-]{subsubsection.1.7.1}{\376\377\000D\000i\000m\000e\000n\000s\000i\000o\000n}{subsection.1.7}% 13
\BOOKMARK [2][-]{subsection.1.8}{\376\377\000N\000o\000r\000m\000s\000\040\000\050\000N\000o\000t\000i\000o\000n\000\040\000o\000f\000\040\000d\000i\000s\000t\000a\000n\000c\000e\000\051}{section.1}% 14
\BOOKMARK [3][-]{subsubsection.1.8.1}{\376\377\000N\000o\000r\000m\000\040\000b\000a\000l\000l\000s}{subsection.1.8}% 15
\BOOKMARK [3][-]{subsubsection.1.8.2}{\376\377\000M\000o\000t\000i\000v\000a\000t\000i\000o\000n\000\040\000f\000o\000r\000\040\000N\000o\000r\000m\000s}{subsection.1.8}% 16
\BOOKMARK [3][-]{subsubsection.1.8.3}{\376\377\000D\000i\000s\000t\000a\000n\000c\000e\000\040\000m\000e\000t\000r\000i\000c}{subsection.1.8}% 17
\BOOKMARK [2][-]{subsection.1.9}{\376\377\000I\000n\000n\000e\000r\000\040\000p\000r\000o\000d\000u\000c\000t\000\040\000\050\000N\000o\000t\000i\000o\000n\000\040\000o\000f\000\040\000a\000n\000g\000l\000e\000\051}{section.1}% 18
\BOOKMARK [3][-]{subsubsection.1.9.1}{\376\377\000E\000x\000a\000m\000p\000l\000e\000s\000\040\000o\000f\000\040\000i\000n\000n\000e\000r\000\040\000p\000r\000o\000d\000u\000c\000t\000s}{subsection.1.9}% 19
\BOOKMARK [3][-]{subsubsection.1.9.2}{\376\377\000C\000o\000n\000n\000e\000c\000t\000i\000o\000n\000\040\000o\000f\000\040\000i\000n\000n\000e\000r\000\040\000p\000r\000o\000d\000u\000c\000t\000\040\000t\000o\000\040\000a\000n\000g\000l\000e}{subsection.1.9}% 20
\BOOKMARK [3][-]{subsubsection.1.9.3}{\376\377\000C\000a\000u\000c\000h\000y\000-\000S\000c\000h\000w\000a\000r\000t\000z\000\040\000i\000n\000e\000q\000u\000a\000l\000i\000t\000y\000\040\000a\000n\000d\000\040\000i\000t\000s\000\040\000g\000e\000n\000e\000r\000a\000l\000i\000z\000a\000t\000i\000o\000n}{subsection.1.9}% 21
\BOOKMARK [3][-]{subsubsection.1.9.4}{\376\377\000I\000n\000n\000e\000r\000\040\000p\000r\000o\000d\000u\000c\000t\000\040\000i\000n\000d\000u\000c\000e\000s\000\040\000a\000\040\000n\000o\000r\000m}{subsection.1.9}% 22
\BOOKMARK [2][-]{subsection.1.10}{\376\377\000O\000r\000t\000h\000o\000g\000o\000n\000a\000l\000\040\000d\000e\000c\000o\000m\000p\000o\000s\000i\000t\000i\000o\000n}{section.1}% 23
\BOOKMARK [3][-]{subsubsection.1.10.1}{\376\377\000M\000u\000t\000u\000a\000l\000l\000y\000\040\000o\000r\000t\000h\000o\000g\000o\000n\000a\000l}{subsection.1.10}% 24
\BOOKMARK [3][-]{subsubsection.1.10.2}{\376\377\000O\000r\000t\000h\000o\000n\000o\000r\000m\000a\000l\000\040\000b\000a\000s\000i\000s}{subsection.1.10}% 25
\BOOKMARK [3][-]{subsubsection.1.10.3}{\376\377\000O\000r\000t\000h\000o\000g\000o\000n\000a\000l}{subsection.1.10}% 26
\BOOKMARK [3][-]{subsubsection.1.10.4}{\376\377\000O\000r\000t\000h\000o\000g\000o\000n\000a\000l\000\040\000c\000o\000m\000p\000l\000e\000m\000e\000n\000t}{subsection.1.10}% 27
\BOOKMARK [1][-]{section.2}{\376\377\000O\000r\000t\000h\000o\000g\000o\000n\000a\000l\000\040\000D\000e\000c\000o\000m\000p\000o\000s\000i\000t\000i\000o\000n\000,\000\040\000P\000r\000o\000j\000e\000c\000t\000i\000n\000g\000\040\000o\000n\000t\000o\000\040\000S\000u\000b\000s\000p\000a\000c\000e\000s\000,\000\040\000G\000r\000a\000m\000-\000S\000c\000h\000m\000i\000d\000t\000,\000\040\000Q\000R\000\040\000D\000e\000c\000o\000m\000p\000o\000s\000i\000t\000i\000o\000n\000,\000\040\000P\000r\000o\000j\000e\000c\000t\000i\000o\000n\000\040\000o\000n\000t\000o\000\040\000A\000f\000f\000i\000n\000e\000\040\000S\000e\000t\000s\000,\000\040\000H\000y\000p\000e\000r\000p\000l\000a\000n\000e\000s\000\040\000a\000n\000d\000\040\000H\000a\000l\000f\000-\000S\000p\000a\000c\000e\000s\000\040\000\050\000C\000h\000.\000\040\0002\000.\0002\000-\0002\000.\0003\000\051}{}% 28
\BOOKMARK [2][-]{subsection.2.1}{\376\377\000P\000r\000o\000j\000e\000c\000t\000i\000o\000n\000\040\000o\000n\000t\000o\000\040\000s\000u\000b\000s\000p\000a\000c\000e\000s}{section.2}% 29
\BOOKMARK [3][-]{subsubsection.2.1.1}{\376\377\000B\000a\000s\000i\000c\000\040\000p\000r\000o\000b\000l\000e\000m}{subsection.2.1}% 30
\BOOKMARK [3][-]{subsubsection.2.1.2}{\376\377\000P\000r\000o\000j\000e\000c\000t\000i\000o\000n\000\040\000o\000n\000t\000o\000\040\000a\000\040\0001\000D\000\040\000s\000u\000b\000s\000p\000a\000c\000e}{subsection.2.1}% 31
\BOOKMARK [3][-]{subsubsection.2.1.3}{\376\377\000P\000r\000o\000j\000e\000c\000t\000i\000o\000n\000\040\000o\000n\000t\000o\000\040\000a\000n\000\040\000n\000\040\000d\000i\000m\000e\000n\000s\000i\000o\000n\000a\000l\000\040\000s\000p\000a\000c\000e}{subsection.2.1}% 32
\BOOKMARK [3][-]{subsubsection.2.1.4}{\376\377\000A\000p\000p\000l\000i\000c\000a\000t\000i\000o\000n\000\040\000o\000f\000\040\000p\000r\000o\000j\000e\000c\000t\000i\000o\000n\000s\000:\000\040\000F\000o\000u\000r\000i\000e\000r\000\040\000s\000e\000r\000i\000e\000s}{subsection.2.1}% 33
\BOOKMARK [2][-]{subsection.2.2}{\376\377\000G\000r\000a\000m\000-\000S\000c\000h\000m\000i\000d\000t\000\040\000a\000n\000d\000\040\000Q\000R\000\040\000d\000e\000c\000o\000m\000p\000o\000s\000i\000t\000i\000o\000n}{section.2}% 34
\BOOKMARK [3][-]{subsubsection.2.2.1}{\376\377\000W\000h\000a\000t\000\040\000i\000f\000\040\000t\000h\000e\000\040\000s\000e\000t\000\040\000o\000f\000\040\000b\000a\000s\000i\000s\000\040\000v\000e\000c\000t\000o\000r\000s\000\040\000i\000s\000\040\000n\000o\000t\000\040\000o\000r\000t\000h\000o\000n\000o\000r\000m\000a\000l\000?}{subsection.2.2}% 35
\BOOKMARK [3][-]{subsubsection.2.2.2}{\376\377\000G\000r\000a\000m\000-\000S\000c\000h\000m\000i\000d\000t\000\040\000P\000r\000o\000c\000e\000d\000u\000r\000e}{subsection.2.2}% 36
\BOOKMARK [3][-]{subsubsection.2.2.3}{\376\377\000Q\000R\000\040\000d\000e\000c\000o\000m\000p\000o\000s\000i\000t\000i\000o\000n}{subsection.2.2}% 37
\BOOKMARK [2][-]{subsection.2.3}{\376\377\000P\000r\000o\000j\000e\000c\000t\000i\000o\000n\000\040\000o\000f\000\040\000a\000\040\000s\000u\000b\000s\000p\000a\000c\000e\000\040\000d\000e\000f\000i\000n\000e\000d\000\040\000b\000y\000\040\000i\000t\000s\000\040\000o\000r\000t\000h\000o\000g\000o\000n\000a\000l\000\040\000v\000e\000c\000t\000o\000r\000s}{section.2}% 38
\BOOKMARK [3][-]{subsubsection.2.3.1}{\376\377\000S\000u\000b\000s\000p\000a\000c\000e\000\040\000d\000e\000f\000i\000n\000e\000d\000\040\000b\000y\000\040\000i\000t\000s\000\040\000o\000r\000t\000h\000o\000g\000o\000n\000a\000l\000\040\000v\000e\000c\000t\000o\000r\000s}{subsection.2.3}% 39
\BOOKMARK [3][-]{subsubsection.2.3.2}{\376\377\000P\000r\000o\000j\000e\000c\000t\000i\000o\000n}{subsection.2.3}% 40
\BOOKMARK [2][-]{subsection.2.4}{\376\377\000P\000r\000o\000j\000e\000c\000t\000i\000o\000n\000\040\000o\000n\000t\000o\000\040\000a\000f\000f\000i\000n\000e\000\040\000s\000e\000t\000s}{section.2}% 41
\BOOKMARK [3][-]{subsubsection.2.4.1}{\376\377\000A\000f\000f\000i\000n\000e\000\040\000s\000p\000a\000c\000e\000s}{subsection.2.4}% 42
\BOOKMARK [3][-]{subsubsection.2.4.2}{\376\377\000P\000r\000o\000j\000e\000c\000t\000i\000o\000n\000\040\000o\000f\000\040\000A\000f\000f\000i\000n\000e\000\040\000s\000p\000a\000c\000e\000\040\000d\000e\000f\000i\000n\000e\000d\000\040\000i\000n\000\040\000t\000e\000r\000m\000s\000\040\000o\000f\000\040\000b\000a\000s\000i\000s\000\040\000v\000e\000c\000t\000o\000r\000s\000\040\000o\000f\000\040\000c\000o\000r\000r\000e\000s\000p\000o\000n\000d\000i\000n\000g\000\040\000s\000u\000b\000s\000p\000a\000c\000e}{subsection.2.4}% 43
\BOOKMARK [3][-]{subsubsection.2.4.3}{\376\377\000P\000r\000o\000j\000e\000c\000t\000i\000o\000n\000\040\000o\000f\000\040\000A\000f\000f\000i\000n\000e\000\040\000s\000p\000a\000c\000e\000\040\000d\000e\000f\000i\000n\000e\000d\000\040\000i\000n\000\040\000t\000e\000r\000m\000s\000\040\000o\000f\000\040\000o\000r\000t\000h\000o\000g\000o\000n\000a\000l\000\040\000v\000e\000c\000t\000o\000r\000s\000\040\000t\000o\000\040\000c\000o\000r\000r\000e\000s\000p\000o\000n\000d\000i\000n\000g\000\040\000s\000u\000b\000s\000p\000a\000c\000e}{subsection.2.4}% 44
\BOOKMARK [3][-]{subsubsection.2.4.4}{\376\377\000S\000h\000o\000w\000\040\000t\000h\000a\000t\000\040\000t\000h\000e\000\040\000t\000w\000o\000\040\000a\000f\000f\000i\000n\000e\000\040\000s\000e\000t\000s\000\040\000a\000r\000e\000\040\000e\000q\000u\000a\000l}{subsection.2.4}% 45
\BOOKMARK [2][-]{subsection.2.5}{\376\377\000S\000u\000m\000m\000a\000r\000y}{section.2}% 46
\BOOKMARK [2][-]{subsection.2.6}{\376\377\000H\000y\000p\000e\000r\000p\000l\000a\000n\000e\000s\000\040\000a\000n\000d\000\040\000h\000a\000l\000f\000-\000s\000p\000a\000c\000e\000s}{section.2}% 47
\BOOKMARK [1][-]{section.3}{\376\377\000P\000r\000o\000b\000l\000e\000m\000\040\000s\000e\000t\000\040\0001}{}% 48
\BOOKMARK [1][-]{section.4}{\376\377\000N\000o\000n\000-\000E\000u\000c\000l\000i\000d\000e\000a\000n\000\040\000P\000r\000o\000j\000e\000c\000t\000i\000o\000n\000,\000\040\000F\000u\000n\000c\000t\000i\000o\000n\000s\000,\000\040\000G\000r\000a\000d\000i\000e\000n\000t\000s\000\040\000a\000n\000d\000\040\000H\000e\000s\000s\000i\000a\000n\000s\000\040\000\050\000C\000h\000.\000\040\0002\000.\0003\000-\0002\000.\0004\000\051}{}% 49
\BOOKMARK [2][-]{subsection.4.1}{\376\377\000N\000o\000n\000-\000E\000u\000c\000l\000i\000d\000e\000a\000n\000\040\000p\000r\000o\000j\000e\000c\000t\000i\000o\000n}{section.4}% 50
\BOOKMARK [2][-]{subsection.4.2}{\376\377\000F\000u\000n\000c\000t\000i\000o\000n\000s}{section.4}% 51
\BOOKMARK [3][-]{subsubsection.4.2.1}{\376\377\000T\000e\000r\000m\000i\000n\000o\000l\000o\000g\000y\000\040\000o\000f\000\040\000f\000u\000n\000c\000t\000i\000o\000n\000s}{subsection.4.2}% 52
\BOOKMARK [3][-]{subsubsection.4.2.2}{\376\377\000C\000o\000m\000m\000o\000n\000\040\000S\000e\000t\000s}{subsection.4.2}% 53
\BOOKMARK [3][-]{subsubsection.4.2.3}{\376\377\000L\000i\000n\000e\000a\000r\000\040\000f\000u\000n\000c\000t\000i\000o\000n\000s}{subsection.4.2}% 54
\BOOKMARK [2][-]{subsection.4.3}{\376\377\000F\000u\000n\000c\000t\000i\000o\000n\000\040\000a\000p\000p\000r\000o\000x\000i\000m\000a\000t\000i\000o\000n\000s}{section.4}% 55
\BOOKMARK [3][-]{subsubsection.4.3.1}{\376\377\000G\000r\000a\000d\000i\000e\000n\000t\000s}{subsection.4.3}% 56
\BOOKMARK [3][-]{subsubsection.4.3.2}{\376\377\000F\000i\000r\000s\000t\000-\000O\000r\000d\000e\000r\000\040\000A\000p\000p\000r\000o\000x\000i\000m\000a\000t\000i\000o\000n}{subsection.4.3}% 57
\BOOKMARK [3][-]{subsubsection.4.3.3}{\376\377\000G\000r\000a\000d\000i\000e\000n\000t\000\040\000p\000r\000o\000p\000e\000r\000t\000i\000e\000s}{subsection.4.3}% 58
\BOOKMARK [3][-]{subsubsection.4.3.4}{\376\377\000T\000a\000n\000g\000e\000n\000t\000\040\000p\000l\000a\000n\000e}{subsection.4.3}% 59
\BOOKMARK [3][-]{subsubsection.4.3.5}{\376\377\000S\000e\000c\000o\000n\000d\000\040\000o\000r\000d\000e\000r\000\040\000a\000p\000p\000r\000o\000x\000i\000m\000a\000t\000i\000o\000n\000s}{subsection.4.3}% 60
\BOOKMARK [3][-]{subsubsection.4.3.6}{\376\377\000H\000e\000s\000s\000i\000a\000n\000s}{subsection.4.3}% 61
\BOOKMARK [3][-]{subsubsection.4.3.7}{\376\377\000A\000p\000p\000r\000o\000x\000i\000m\000a\000t\000i\000n\000g}{subsection.4.3}% 62
\BOOKMARK [1][-]{section.5}{\376\377\000M\000a\000t\000r\000i\000c\000e\000s\000,\000\040\000R\000a\000n\000g\000e\000,\000\040\000N\000u\000l\000l\000\040\000S\000p\000a\000c\000e\000,\000\040\000E\000i\000g\000e\000n\000v\000a\000l\000u\000e\000s\000,\000\040\000E\000i\000g\000e\000n\000v\000e\000c\000t\000o\000r\000s\000,\000\040\000M\000a\000t\000r\000i\000x\000\040\000D\000i\000a\000g\000o\000n\000a\000l\000i\000z\000a\000t\000i\000o\000n\000\040\000\050\000C\000h\000.\000\040\0003\000.\0001\000-\0003\000.\0005\000\051}{}% 63
\BOOKMARK [2][-]{subsection.5.1}{\376\377\000M\000a\000t\000r\000i\000c\000e\000s}{section.5}% 64
\BOOKMARK [3][-]{subsubsection.5.1.1}{\376\377\000M\000a\000t\000r\000i\000x\000\040\000T\000r\000a\000n\000s\000p\000o\000s\000e}{subsection.5.1}% 65
\BOOKMARK [3][-]{subsubsection.5.1.2}{\376\377\000M\000a\000t\000r\000i\000x\000\040\000M\000u\000l\000t\000i\000p\000l\000i\000c\000a\000t\000i\000o\000n}{subsection.5.1}% 66
\BOOKMARK [3][-]{subsubsection.5.1.3}{\376\377\000M\000a\000t\000r\000i\000x\000\040\000v\000e\000c\000t\000o\000r\000\040\000m\000u\000l\000t\000i\000p\000l\000i\000c\000a\000t\000i\000o\000n}{subsection.5.1}% 67
\BOOKMARK [3][-]{subsubsection.5.1.4}{\376\377\000B\000l\000o\000c\000k\000\040\000M\000a\000t\000r\000i\000x\000\040\000P\000r\000o\000d\000u\000c\000t}{subsection.5.1}% 68
\BOOKMARK [3][-]{subsubsection.5.1.5}{\376\377\000T\000y\000p\000e\000s\000\040\000o\000f\000\040\000M\000a\000t\000r\000i\000c\000e\000s}{subsection.5.1}% 69
\BOOKMARK [3][-]{subsubsection.5.1.6}{\376\377\000M\000a\000t\000r\000i\000c\000e\000s\000\040\000a\000s\000\040\000L\000i\000n\000e\000a\000r\000\040\000M\000a\000p\000s}{subsection.5.1}% 70
\BOOKMARK [2][-]{subsection.5.2}{\376\377\000R\000a\000n\000g\000e\000\040\000S\000p\000a\000c\000e}{section.5}% 71
\BOOKMARK [2][-]{subsection.5.3}{\376\377\000N\000u\000l\000l\000\040\000S\000p\000a\000c\000e}{section.5}% 72
\BOOKMARK [2][-]{subsection.5.4}{\376\377\000F\000u\000n\000d\000a\000m\000e\000n\000t\000a\000l\000\040\000t\000h\000e\000o\000r\000e\000m\000\040\000o\000f\000\040\000a\000l\000g\000e\000b\000r\000a}{section.5}% 73
\BOOKMARK [3][-]{subsubsection.5.4.1}{\376\377\000R\000a\000n\000k\000\040\000o\000f\000\040\000A}{subsection.5.4}% 74
\BOOKMARK [2][-]{subsection.5.5}{\376\377\000D\000e\000t\000e\000r\000m\000i\000n\000a\000n\000t}{section.5}% 75
\BOOKMARK [2][-]{subsection.5.6}{\376\377\000M\000a\000t\000r\000i\000x\000\040\000i\000n\000n\000e\000r\000\040\000p\000r\000o\000d\000u\000c\000t\000\040\000a\000n\000d\000\040\000n\000o\000r\000m}{section.5}% 76
\BOOKMARK [3][-]{subsubsection.5.6.1}{\376\377\000F\000r\000o\000b\000e\000n\000i\000u\000s\000\040\000N\000o\000r\000m}{subsection.5.6}% 77
\BOOKMARK [3][-]{subsubsection.5.6.2}{\376\377\000O\000p\000e\000r\000a\000t\000o\000r\000\040\000n\000o\000r\000m\000\040\000\050\000M\000o\000t\000i\000v\000a\000t\000i\000o\000n\000\040\000f\000o\000r\000\040\000e\000i\000g\000e\000n\000v\000a\000l\000u\000e\000s\000\040\000a\000n\000d\000\040\000e\000i\000g\000e\000n\000v\000e\000c\000t\000o\000r\000s\000\051\000:}{subsection.5.6}% 78
\BOOKMARK [2][-]{subsection.5.7}{\376\377\000E\000i\000g\000e\000n\000v\000a\000l\000u\000e\000s\000\040\000a\000n\000d\000\040\000E\000i\000g\000e\000n\000v\000e\000c\000t\000o\000r\000s}{section.5}% 79
\BOOKMARK [3][-]{subsubsection.5.7.1}{\376\377\000C\000h\000a\000r\000a\000c\000t\000e\000r\000i\000s\000t\000i\000c\000\040\000p\000o\000l\000y\000n\000o\000m\000i\000a\000l}{subsection.5.7}% 80
\BOOKMARK [3][-]{subsubsection.5.7.2}{\376\377\000G\000e\000o\000m\000e\000t\000r\000i\000c\000\040\000a\000n\000d\000\040\000a\000l\000g\000e\000b\000r\000a\000i\000c\000\040\000m\000u\000l\000t\000i\000p\000l\000i\000c\000i\000t\000y}{subsection.5.7}% 81
\BOOKMARK [3][-]{subsubsection.5.7.3}{\376\377\000D\000e\000f\000e\000c\000t\000i\000v\000e\000\040\000a\000n\000d\000\040\000n\000o\000n\000-\000d\000e\000f\000e\000c\000t\000i\000v\000e}{subsection.5.7}% 82
\BOOKMARK [3][-]{subsubsection.5.7.4}{\376\377\000E\000i\000g\000e\000n\000v\000e\000c\000t\000o\000r\000s\000\040\000c\000o\000r\000r\000e\000s\000p\000o\000n\000d\000i\000n\000g\000\040\000t\000o\000\040\000d\000i\000f\000f\000e\000r\000e\000n\000t\000\040\000e\000i\000g\000e\000n\000v\000a\000l\000u\000e\000s\000\040\000a\000r\000e\000\040\000l\000.\000i\000.}{subsection.5.7}% 83
\BOOKMARK [2][-]{subsection.5.8}{\376\377\000M\000a\000t\000r\000i\000x\000\040\000D\000i\000a\000g\000o\000n\000a\000l\000i\000z\000a\000t\000i\000o\000n}{section.5}% 84
\BOOKMARK [3][-]{subsubsection.5.8.1}{\376\377\000W\000h\000a\000t\000\040\000d\000o\000e\000s\000\040\000t\000h\000i\000s\000\040\000d\000i\000a\000g\000o\000n\000a\000l\000i\000z\000a\000t\000i\000o\000n\000\040\000m\000e\000a\000n\000?}{subsection.5.8}% 85
\BOOKMARK [1][-]{section.6}{\376\377\000P\000r\000o\000b\000l\000e\000m\000\040\000s\000e\000t\000\040\0002}{}% 86
\BOOKMARK [2][-]{subsection.6.1}{\376\377\000C\000a\000l\000c\000u\000l\000a\000t\000i\000n\000g\000\040\000i\000n\000v\000e\000r\000s\000e\000\040\000o\000f\000\040\000a\000\040\000m\000a\000t\000r\000i\000x}{section.6}% 87
\BOOKMARK [2][-]{subsection.6.2}{\376\377\000F\000i\000n\000d\000i\000n\000g\000\040\000r\000a\000n\000k\000\040\000a\000n\000d\000\040\000d\000i\000m\000e\000n\000s\000i\000o\000n\000/\000b\000a\000s\000i\000s\000\040\000f\000o\000r\000\040\000r\000a\000n\000g\000e\000\040\000a\000n\000d\000\040\000n\000u\000l\000l\000\040\000s\000p\000a\000c\000e\000\040\000o\000f\000\040\000A\000\040\000a\000n\000d\000\040\000A\000\040\000t\000r\000a\000n\000s\000p\000o\000s\000e}{section.6}% 88
\BOOKMARK [1][-]{section.7}{\376\377\000S\000y\000m\000m\000e\000t\000r\000i\000c\000\040\000M\000a\000t\000r\000i\000c\000e\000s\000,\000\040\000O\000r\000t\000h\000o\000g\000o\000n\000a\000l\000\040\000M\000a\000t\000r\000i\000c\000e\000s\000,\000\040\000S\000p\000e\000c\000t\000r\000a\000l\000\040\000D\000e\000c\000o\000m\000p\000o\000s\000i\000t\000i\000o\000n\000,\000\040\000P\000o\000s\000i\000t\000i\000v\000e\000\040\000S\000e\000m\000i\000d\000e\000f\000i\000n\000i\000t\000e\000\040\000M\000a\000t\000r\000i\000c\000e\000s\000,\000\040\000E\000l\000l\000i\000p\000s\000o\000i\000d\000s\000\040\000\050\000C\000h\000.\000\040\0004\000.\0001\000-\0004\000.\0004\000\051}{}% 89
\BOOKMARK [2][-]{subsection.7.1}{\376\377\000S\000y\000m\000m\000e\000t\000r\000i\000c\000\040\000m\000a\000t\000r\000i\000c\000e\000s}{section.7}% 90
\BOOKMARK [2][-]{subsection.7.2}{\376\377\000O\000r\000t\000h\000o\000g\000o\000n\000a\000l\000\040\000m\000a\000t\000r\000i\000c\000e\000s}{section.7}% 91
\BOOKMARK [2][-]{subsection.7.3}{\376\377\000S\000p\000e\000c\000t\000r\000a\000l\000\040\000d\000e\000c\000o\000m\000p\000o\000s\000i\000t\000i\000o\000n}{section.7}% 92
\BOOKMARK [2][-]{subsection.7.4}{\376\377\000P\000o\000s\000i\000t\000i\000v\000e\000\040\000s\000e\000m\000i\000d\000e\000f\000i\000n\000i\000t\000e\000\040\000m\000a\000t\000r\000i\000c\000e\000s}{section.7}% 93
\BOOKMARK [2][-]{subsection.7.5}{\376\377\000E\000l\000l\000i\000p\000s\000o\000i\000d\000s}{section.7}% 94
\BOOKMARK [1][-]{section.8}{\376\377\000S\000i\000n\000g\000u\000l\000a\000r\000\040\000V\000a\000l\000u\000e\000\040\000D\000e\000c\000o\000m\000p\000o\000s\000i\000t\000i\000o\000n\000,\000\040\000P\000r\000i\000n\000c\000i\000p\000a\000l\000\040\000C\000o\000m\000p\000o\000n\000e\000n\000t\000\040\000A\000n\000a\000l\000y\000s\000i\000s\000\040\000\050\000C\000h\000.\000\040\0005\000.\0001\000,\000\040\0005\000.\0003\000.\0002\000\051}{}% 95
\BOOKMARK [2][-]{subsection.8.1}{\376\377\000S\000i\000n\000g\000u\000l\000a\000r\000\040\000v\000a\000l\000u\000e\000\040\000d\000e\000c\000o\000m\000p\000o\000s\000i\000t\000i\000o\000n}{section.8}% 96
\BOOKMARK [2][-]{subsection.8.2}{\376\377\000P\000r\000i\000n\000c\000i\000p\000l\000e\000\040\000c\000o\000m\000p\000o\000n\000e\000n\000t\000\040\000a\000n\000a\000l\000y\000s\000i\000s}{section.8}% 97
\BOOKMARK [1][-]{section.9}{\376\377\000I\000n\000t\000e\000r\000p\000r\000e\000t\000a\000t\000i\000o\000n\000s\000\040\000o\000f\000\040\000S\000V\000D\000,\000\040\000L\000o\000w\000-\000R\000a\000n\000k\000\040\000A\000p\000p\000r\000o\000x\000i\000m\000a\000t\000i\000o\000n\000\040\000\050\000C\000h\000.\000\040\0005\000.\0002\000-\0005\000.\0003\000.\0001\000\051}{}% 98
\BOOKMARK [2][-]{subsection.9.1}{\376\377\000I\000n\000t\000e\000r\000p\000r\000e\000t\000a\000t\000i\000o\000n\000\040\000o\000f\000\040\000S\000V\000D}{section.9}% 99
\BOOKMARK [2][-]{subsection.9.2}{\376\377\000L\000o\000w\000-\000r\000a\000n\000k\000\040\000a\000p\000p\000r\000o\000x\000i\000m\000a\000t\000i\000o\000n}{section.9}% 100
\BOOKMARK [1][-]{section.10}{\376\377\000L\000e\000a\000s\000t\000\040\000S\000q\000u\000a\000r\000e\000s\000,\000\040\000O\000v\000e\000r\000d\000e\000t\000e\000r\000m\000i\000n\000e\000d\000\040\000a\000n\000d\000\040\000U\000n\000d\000e\000r\000d\000e\000t\000e\000r\000m\000i\000n\000e\000d\000\040\000L\000i\000n\000e\000a\000r\000\040\000E\000q\000u\000a\000t\000i\000o\000n\000s\000\040\000\050\000C\000h\000.\000\040\0006\000.\0001\000-\0006\000.\0004\000\051}{}% 101
\BOOKMARK [2][-]{subsection.10.1}{\376\377\000L\000e\000a\000s\000t\000\040\000s\000q\000u\000a\000r\000e\000s}{section.10}% 102
\BOOKMARK [2][-]{subsection.10.2}{\376\377\000O\000v\000e\000r\000d\000e\000t\000e\000r\000m\000i\000n\000e\000d\000\040\000l\000i\000n\000e\000a\000r\000\040\000e\000q\000u\000a\000t\000i\000o\000n}{section.10}% 103
\BOOKMARK [2][-]{subsection.10.3}{\376\377\000U\000n\000d\000e\000r\000d\000e\000t\000e\000r\000m\000i\000n\000e\000d\000\040\000l\000i\000n\000e\000a\000r\000\040\000e\000q\000u\000a\000t\000i\000o\000n}{section.10}% 104
\BOOKMARK [1][-]{section.11}{\376\377\000R\000e\000g\000u\000l\000a\000r\000i\000z\000e\000d\000\040\000L\000e\000a\000s\000t\000-\000S\000q\000u\000a\000r\000e\000s\000,\000\040\000C\000o\000n\000v\000e\000x\000\040\000S\000e\000t\000s\000\040\000a\000n\000d\000\040\000C\000o\000n\000v\000e\000x\000\040\000F\000u\000n\000c\000t\000i\000o\000n\000s\000\040\000\050\000C\000h\000.\000\040\0006\000.\0007\000.\0003\000,\000\040\0008\000.\0001\000-\0008\000.\0004\000\051}{}% 105
\BOOKMARK [2][-]{subsection.11.1}{\376\377\000R\000e\000g\000u\000l\000a\000r\000i\000z\000e\000d\000\040\000l\000e\000a\000s\000t\000-\000s\000q\000u\000a\000r\000e\000s}{section.11}% 106
\BOOKMARK [2][-]{subsection.11.2}{\376\377\000C\000o\000n\000v\000e\000x\000\040\000s\000e\000t\000s\000\040\000a\000n\000d\000\040\000c\000o\000n\000v\000e\000x\000\040\000f\000u\000n\000c\000t\000i\000o\000n\000s}{section.11}% 107
\BOOKMARK [1][-]{section.12}{\376\377\000L\000a\000g\000r\000a\000n\000g\000i\000a\000n\000\040\000M\000e\000t\000h\000o\000d\000\040\000f\000o\000r\000\040\000C\000o\000n\000s\000t\000r\000a\000i\000n\000e\000d\000\040\000O\000p\000t\000i\000m\000i\000z\000a\000t\000i\000o\000n\000,\000\040\000L\000i\000n\000e\000a\000r\000\040\000P\000r\000o\000g\000r\000a\000m\000m\000i\000n\000g\000\040\000a\000n\000d\000\040\000Q\000u\000a\000d\000r\000a\000t\000i\000c\000\040\000P\000r\000o\000g\000r\000a\000m\000m\000i\000n\000g\000\040\000\050\000C\000h\000.\000\040\0008\000.\0005\000,\000\040\0009\000.\0001\000-\0009\000.\0006\000\051}{}% 108
\BOOKMARK [2][-]{subsection.12.1}{\376\377\000L\000a\000g\000r\000a\000n\000g\000i\000a\000n\000\040\000m\000e\000t\000h\000o\000d\000\040\000f\000o\000r\000\040\000c\000o\000n\000s\000t\000r\000a\000i\000n\000e\000d\000\040\000o\000p\000t\000i\000m\000i\000z\000a\000t\000i\000o\000n}{section.12}% 109
\BOOKMARK [2][-]{subsection.12.2}{\376\377\000L\000i\000n\000e\000a\000r\000\040\000p\000r\000o\000g\000r\000a\000m\000m\000i\000n\000g\000\040\000a\000n\000d\000\040\000q\000u\000a\000d\000r\000a\000t\000i\000c\000\040\000p\000r\000o\000g\000r\000a\000m\000m\000i\000n\000g}{section.12}% 110
\BOOKMARK [1][-]{section.13}{\376\377\000N\000u\000m\000e\000r\000i\000c\000a\000l\000\040\000A\000l\000g\000o\000r\000i\000t\000h\000m\000s\000\040\000f\000o\000r\000\040\000U\000n\000c\000o\000n\000s\000t\000r\000a\000i\000n\000e\000d\000\040\000a\000n\000d\000\040\000C\000o\000n\000s\000t\000r\000a\000i\000n\000e\000d\000\040\000O\000p\000t\000i\000m\000i\000z\000a\000t\000i\000o\000n\000\040\000\050\000C\000h\000.\000\040\0001\0002\000.\0001\000-\0001\0002\000.\0003\000\051}{}% 111
\BOOKMARK [2][-]{subsection.13.1}{\376\377\000N\000u\000m\000e\000r\000i\000c\000a\000l\000\040\000a\000l\000g\000o\000r\000i\000t\000h\000m\000s\000\040\000f\000o\000r\000\040\000u\000n\000c\000o\000n\000s\000t\000r\000a\000i\000n\000e\000d\000\040\000o\000p\000t\000i\000m\000i\000z\000a\000t\000i\000o\000n}{section.13}% 112
\BOOKMARK [2][-]{subsection.13.2}{\376\377\000N\000u\000m\000e\000r\000i\000c\000a\000l\000\040\000a\000l\000g\000o\000r\000i\000t\000h\000m\000s\000\040\000f\000o\000r\000\040\000c\000o\000n\000s\000t\000r\000a\000i\000n\000e\000d\000\040\000o\000p\000t\000i\000m\000i\000z\000a\000t\000i\000o\000n}{section.13}% 113
