\BOOKMARK [1][-]{section.1}{\376\377\000W\000e\000e\000k\000\040\0001\000\040\000\050\000C\000h\000.\000\040\0002\000.\0001\000-\0002\000.\0002\000\051}{}% 1
\BOOKMARK [2][-]{subsection.1.1}{\376\377\000V\000e\000c\000t\000o\000r\000s}{section.1}% 2
\BOOKMARK [3][-]{subsubsection.1.1.1}{\376\377\000V\000e\000c\000t\000o\000r\000\040\000s\000p\000a\000c\000e\000s}{subsection.1.1}% 3
\BOOKMARK [3][-]{subsubsection.1.1.2}{\376\377\000P\000r\000o\000p\000e\000r\000t\000i\000e\000s\000\040\000o\000f\000\040\000v\000e\000c\000t\000o\000r\000\040\000s\000p\000a\000c\000e\000s}{subsection.1.1}% 4
\BOOKMARK [3][-]{subsubsection.1.1.3}{\376\377\000S\000p\000a\000n\000\040\000a\000n\000d\000\040\000s\000u\000b\000s\000p\000a\000c\000e}{subsection.1.1}% 5
\BOOKMARK [3][-]{subsubsection.1.1.4}{\376\377\000L\000i\000n\000e\000a\000r\000\040\000i\000n\000d\000e\000p\000e\000n\000d\000e\000n\000t\000\040\000\050\000L\000I\000\051\000\040\000s\000e\000t}{subsection.1.1}% 6
\BOOKMARK [3][-]{subsubsection.1.1.5}{\376\377\000B\000a\000s\000i\000s}{subsection.1.1}% 7
\BOOKMARK [3][-]{subsubsection.1.1.6}{\376\377\000C\000a\000r\000d\000i\000n\000a\000l\000i\000t\000y}{subsection.1.1}% 8
\BOOKMARK [2][-]{subsection.1.2}{\376\377\000N\000o\000r\000m\000s}{section.1}% 9
\BOOKMARK [3][-]{subsubsection.1.2.1}{\376\377\000N\000o\000r\000m\000\040\000b\000a\000l\000l\000s}{subsection.1.2}% 10
\BOOKMARK [2][-]{subsection.1.3}{\376\377\000I\000n\000n\000e\000r\000\040\000p\000r\000o\000d\000u\000c\000t\000s}{section.1}% 11
\BOOKMARK [3][-]{subsubsection.1.3.1}{\376\377\000S\000t\000a\000n\000d\000a\000r\000d\000\040\000i\000n\000n\000e\000r\000\040\000p\000r\000o\000d\000u\000c\000t}{subsection.1.3}% 12
\BOOKMARK [3][-]{subsubsection.1.3.2}{\376\377\000C\000o\000n\000n\000e\000c\000t\000\040\000i\000n\000n\000e\000r\000\040\000p\000r\000o\000d\000u\000c\000t\000\040\000w\000i\000t\000h\000\040\000a\000n\000g\000l\000e}{subsection.1.3}% 13
\BOOKMARK [2][-]{subsection.1.4}{\376\377\000O\000r\000t\000h\000o\000g\000o\000n\000a\000l\000\040\000d\000e\000c\000o\000m\000p\000o\000s\000i\000t\000i\000o\000n}{section.1}% 14
\BOOKMARK [1][-]{section.2}{\376\377\000W\000e\000e\000k\000\040\0002\000\040\000\050\000C\000h\000.\000\040\0002\000.\0003\000\051}{}% 15
\BOOKMARK [2][-]{subsection.2.1}{\376\377\000P\000r\000o\000j\000e\000c\000t\000i\000o\000n\000\040\000o\000n\000t\000o\000\040\000s\000u\000b\000s\000p\000a\000c\000e\000s}{section.2}% 16
\BOOKMARK [2][-]{subsection.2.2}{\376\377\000F\000o\000u\000r\000i\000e\000r\000\040\000s\000e\000r\000i\000e\000s}{section.2}% 17
\BOOKMARK [2][-]{subsection.2.3}{\376\377\000G\000r\000a\000m\000-\000S\000c\000h\000m\000i\000d\000t\000\040\000a\000n\000d\000\040\000Q\000R\000\040\000d\000e\000c\000o\000m\000p\000o\000s\000i\000t\000i\000o\000n}{section.2}% 18
\BOOKMARK [2][-]{subsection.2.4}{\376\377\000H\000y\000p\000e\000r\000p\000l\000a\000n\000e\000s\000\040\000a\000n\000d\000\040\000h\000a\000l\000f\000-\000s\000p\000a\000c\000e\000s}{section.2}% 19
\BOOKMARK [2][-]{subsection.2.5}{\376\377\000N\000o\000n\000-\000e\000u\000c\000l\000i\000d\000e\000a\000n\000\040\000p\000r\000o\000j\000e\000c\000t\000i\000o\000n}{section.2}% 20
\BOOKMARK [1][-]{section.3}{\376\377\000W\000e\000e\000k\000\040\0003\000\040\000\050\000C\000h\000.\000\040\0002\000.\0003\000-\0002\000.\0004\000\051}{}% 21
\BOOKMARK [2][-]{subsection.3.1}{\376\377\000P\000r\000o\000j\000e\000c\000t\000i\000o\000n\000\040\000o\000n\000t\000o\000\040\000a\000f\000f\000i\000n\000e\000\040\000s\000e\000t\000s}{section.3}% 22
\BOOKMARK [2][-]{subsection.3.2}{\376\377\000F\000u\000n\000c\000t\000i\000o\000n\000s}{section.3}% 23
\BOOKMARK [2][-]{subsection.3.3}{\376\377\000G\000r\000a\000d\000i\000e\000n\000t\000s}{section.3}% 24
\BOOKMARK [2][-]{subsection.3.4}{\376\377\000H\000e\000s\000s\000i\000a\000n\000s}{section.3}% 25
\BOOKMARK [1][-]{section.4}{\376\377\000W\000e\000e\000k\000\040\0004\000\040\000\050\000C\000h\000.\000\040\0003\000.\0001\000-\0003\000.\0005\000\051}{}% 26
\BOOKMARK [2][-]{subsection.4.1}{\376\377\000M\000a\000t\000r\000i\000c\000e\000s}{section.4}% 27
\BOOKMARK [2][-]{subsection.4.2}{\376\377\000R\000a\000n\000g\000e}{section.4}% 28
\BOOKMARK [2][-]{subsection.4.3}{\376\377\000N\000u\000l\000l\000\040\000S\000p\000a\000c\000e}{section.4}% 29
\BOOKMARK [2][-]{subsection.4.4}{\376\377\000E\000i\000g\000e\000n\000v\000a\000l\000u\000e\000s\000\040\000a\000n\000d\000\040\000e\000i\000g\000e\000n\000v\000e\000c\000t\000o\000r\000s}{section.4}% 30
\BOOKMARK [2][-]{subsection.4.5}{\376\377\000M\000a\000t\000r\000i\000c\000e\000s\000\040\000d\000i\000a\000g\000o\000n\000a\000l\000i\000z\000a\000t\000i\000o\000n}{section.4}% 31
\BOOKMARK [1][-]{section.5}{\376\377\000W\000e\000e\000k\000\040\0005\000\040\000\050\000C\000h\000.\000\040\0004\000.\0001\000-\0004\000.\0004\000\051}{}% 32
\BOOKMARK [2][-]{subsection.5.1}{\376\377\000S\000y\000m\000m\000e\000t\000r\000i\000c\000\040\000m\000a\000t\000r\000i\000c\000e\000s}{section.5}% 33
\BOOKMARK [2][-]{subsection.5.2}{\376\377\000O\000r\000t\000h\000o\000g\000o\000n\000a\000l\000\040\000m\000a\000t\000r\000i\000c\000e\000s}{section.5}% 34
\BOOKMARK [2][-]{subsection.5.3}{\376\377\000S\000p\000e\000c\000t\000r\000a\000l\000\040\000d\000e\000c\000o\000m\000p\000o\000s\000i\000t\000i\000o\000n}{section.5}% 35
\BOOKMARK [2][-]{subsection.5.4}{\376\377\000P\000o\000s\000i\000t\000i\000v\000e\000\040\000s\000e\000m\000i\000d\000e\000f\000i\000n\000i\000t\000e\000\040\000m\000a\000t\000r\000i\000c\000e\000s}{section.5}% 36
\BOOKMARK [2][-]{subsection.5.5}{\376\377\000E\000l\000l\000i\000p\000s\000o\000i\000d\000s}{section.5}% 37
\BOOKMARK [1][-]{section.6}{\376\377\000W\000e\000e\000k\000\040\0006\000\040\000\050\000C\000h\000.\000\040\0005\000.\0001\000,\000\040\0005\000.\0003\000.\0002\000\051}{}% 38
\BOOKMARK [2][-]{subsection.6.1}{\376\377\000S\000i\000n\000g\000u\000l\000a\000r\000\040\000v\000a\000l\000u\000e\000\040\000d\000e\000c\000o\000m\000p\000o\000s\000i\000t\000i\000o\000n}{section.6}% 39
\BOOKMARK [2][-]{subsection.6.2}{\376\377\000P\000r\000i\000n\000c\000i\000p\000l\000e\000\040\000c\000o\000m\000p\000o\000n\000e\000n\000t\000\040\000a\000n\000a\000l\000y\000s\000i\000s}{section.6}% 40
\BOOKMARK [1][-]{section.7}{\376\377\000W\000e\000e\000k\000\040\0007\000\040\000\050\000C\000h\000.\000\040\0005\000.\0002\000-\0005\000.\0003\000.\0001\000\051}{}% 41
\BOOKMARK [2][-]{subsection.7.1}{\376\377\000I\000n\000t\000e\000r\000p\000r\000e\000t\000a\000t\000i\000o\000n\000\040\000o\000f\000\040\000S\000V\000D}{section.7}% 42
\BOOKMARK [2][-]{subsection.7.2}{\376\377\000L\000o\000w\000-\000r\000a\000n\000k\000\040\000a\000p\000p\000r\000o\000x\000i\000m\000a\000t\000i\000o\000n}{section.7}% 43
\BOOKMARK [1][-]{section.8}{\376\377\000W\000e\000e\000k\000\040\0008\000\040\000\050\000C\000h\000.\000\040\0006\000.\0001\000-\0006\000.\0004\000\051}{}% 44
\BOOKMARK [2][-]{subsection.8.1}{\376\377\000L\000e\000a\000s\000t\000\040\000s\000q\000u\000a\000r\000e\000s}{section.8}% 45
\BOOKMARK [2][-]{subsection.8.2}{\376\377\000O\000v\000e\000r\000d\000e\000t\000e\000r\000m\000i\000n\000e\000d\000\040\000l\000i\000n\000e\000a\000r\000\040\000e\000q\000u\000a\000t\000i\000o\000n}{section.8}% 46
\BOOKMARK [2][-]{subsection.8.3}{\376\377\000U\000n\000d\000e\000r\000d\000e\000t\000e\000r\000m\000i\000n\000e\000d\000\040\000l\000i\000n\000e\000a\000r\000\040\000e\000q\000u\000a\000t\000i\000o\000n}{section.8}% 47
\BOOKMARK [1][-]{section.9}{\376\377\000W\000e\000e\000k\000\040\0009\000\040\000\050\000C\000h\000.\000\040\0006\000.\0007\000.\0003\000,\000\040\0008\000.\0001\000-\0008\000.\0004\000\051}{}% 48
\BOOKMARK [2][-]{subsection.9.1}{\376\377\000R\000e\000g\000u\000l\000a\000r\000i\000z\000e\000d\000\040\000l\000e\000a\000s\000t\000-\000s\000q\000u\000a\000r\000e\000s}{section.9}% 49
\BOOKMARK [2][-]{subsection.9.2}{\376\377\000C\000o\000n\000v\000e\000x\000\040\000s\000e\000t\000s\000\040\000a\000n\000d\000\040\000c\000o\000n\000v\000e\000x\000\040\000f\000u\000n\000c\000t\000i\000o\000n\000s}{section.9}% 50
\BOOKMARK [1][-]{section.10}{\376\377\000W\000e\000e\000k\000\040\0001\0000\000\040\000\050\000C\000h\000.\000\040\0008\000.\0005\000,\000\040\0009\000.\0001\000-\0009\000.\0006\000\051}{}% 51
\BOOKMARK [2][-]{subsection.10.1}{\376\377\000L\000a\000g\000r\000a\000n\000g\000i\000a\000n\000\040\000m\000e\000t\000h\000o\000d\000\040\000f\000o\000r\000\040\000c\000o\000n\000s\000t\000r\000a\000i\000n\000e\000d\000\040\000o\000p\000t\000i\000m\000i\000z\000a\000t\000i\000o\000n}{section.10}% 52
\BOOKMARK [2][-]{subsection.10.2}{\376\377\000L\000i\000n\000e\000a\000r\000\040\000p\000r\000o\000g\000r\000a\000m\000m\000i\000n\000g\000\040\000a\000n\000d\000\040\000q\000u\000a\000d\000r\000a\000t\000i\000c\000\040\000p\000r\000o\000g\000r\000a\000m\000m\000i\000n\000g}{section.10}% 53
\BOOKMARK [1][-]{section.11}{\376\377\000W\000e\000e\000k\000\040\0001\0001\000\040\000\050\000C\000h\000.\000\040\0001\0002\000.\0001\000-\0001\0002\000.\0003\000\051}{}% 54
\BOOKMARK [2][-]{subsection.11.1}{\376\377\000N\000u\000m\000e\000r\000i\000c\000a\000l\000\040\000a\000l\000g\000o\000r\000i\000t\000h\000m\000s\000\040\000f\000o\000r\000\040\000u\000n\000c\000o\000n\000s\000t\000r\000a\000i\000n\000e\000d\000\040\000o\000p\000t\000i\000m\000i\000z\000a\000t\000i\000o\000n}{section.11}% 55
\BOOKMARK [2][-]{subsection.11.2}{\376\377\000N\000u\000m\000e\000r\000i\000c\000a\000l\000\040\000a\000l\000g\000o\000r\000i\000t\000h\000m\000s\000\040\000f\000o\000r\000\040\000c\000o\000n\000s\000t\000r\000a\000i\000n\000e\000d\000\040\000o\000p\000t\000i\000m\000i\000z\000a\000t\000i\000o\000n}{section.11}% 56
