\BOOKMARK [1][-]{section.1}{\376\377\000T\000i\000p\000s}{}% 1
\BOOKMARK [1][-]{section.2}{\376\377\000M\000a\000t\000h\000e\000m\000a\000t\000i\000c\000a\000l\000\040\000R\000e\000v\000i\000e\000w}{}% 2
\BOOKMARK [2][-]{subsection.2.1}{\376\377\000S\000e\000t\000s}{section.2}% 3
\BOOKMARK [3][-]{subsubsection.2.1.1}{\376\377\000S\000e\000t\000\040\000n\000o\000t\000a\000t\000i\000o\000n}{subsection.2.1}% 4
\BOOKMARK [3][-]{subsubsection.2.1.2}{\376\377\000I\000m\000p\000o\000r\000t\000a\000n\000t\000\040\000s\000e\000t\000s}{subsection.2.1}% 5
\BOOKMARK [2][-]{subsection.2.2}{\376\377\000O\000r\000d\000e\000r\000e\000d\000\040\000n\000-\000t\000u\000p\000l\000e\000s}{section.2}% 6
\BOOKMARK [3][-]{subsubsection.2.2.1}{\376\377\000H\000o\000w\000\040\000a\000r\000e\000\040\000t\000w\000o\000\040\000t\000u\000p\000l\000e\000s\000\040\000e\000q\000u\000a\000l\000?}{subsection.2.2}% 7
\BOOKMARK [3][-]{subsubsection.2.2.2}{\376\377\000C\000a\000r\000t\000e\000s\000i\000a\000n\000\040\000p\000r\000o\000d\000u\000c\000t}{subsection.2.2}% 8
\BOOKMARK [2][-]{subsection.2.3}{\376\377\000C\000o\000m\000p\000l\000e\000x\000\040\000n\000u\000m\000b\000e\000r\000\040\000b\000a\000s\000i\000c\000s}{section.2}% 9
\BOOKMARK [2][-]{subsection.2.4}{\376\377\000F\000u\000n\000c\000t\000i\000o\000n\000s}{section.2}% 10
\BOOKMARK [3][-]{subsubsection.2.4.1}{\376\377\000R\000a\000n\000g\000e\000/\000I\000m\000a\000g\000e}{subsection.2.4}% 11
\BOOKMARK [3][-]{subsubsection.2.4.2}{\376\377\000I\000n\000v\000e\000r\000s\000e\000\040\000I\000m\000a\000g\000e}{subsection.2.4}% 12
\BOOKMARK [2][-]{subsection.2.5}{\376\377\000C\000l\000a\000s\000s\000e\000s\000\040\000o\000f\000\040\000f\000u\000n\000c\000t\000i\000o\000n\000s}{section.2}% 13
\BOOKMARK [3][-]{subsubsection.2.5.1}{\376\377\000I\000n\000j\000e\000c\000t\000i\000v\000e}{subsection.2.5}% 14
\BOOKMARK [3][-]{subsubsection.2.5.2}{\376\377\000S\000u\000r\000j\000e\000c\000t\000i\000v\000e}{subsection.2.5}% 15
\BOOKMARK [3][-]{subsubsection.2.5.3}{\376\377\000B\000i\000j\000e\000c\000t\000i\000v\000e}{subsection.2.5}% 16
\BOOKMARK [2][-]{subsection.2.6}{\376\377\000C\000o\000m\000p\000o\000s\000i\000t\000i\000o\000n\000\040\000o\000f\000\040\000g\000\040\000w\000i\000t\000h\000\040\000f}{section.2}% 17
\BOOKMARK [2][-]{subsection.2.7}{\376\377\000I\000d\000e\000n\000t\000i\000t\000y\000\040\000m\000a\000p}{section.2}% 18
\BOOKMARK [2][-]{subsection.2.8}{\376\377\000B\000i\000j\000e\000c\000t\000i\000v\000e\000\040\000p\000r\000o\000p\000e\000r\000t\000y}{section.2}% 19
\BOOKMARK [2][-]{subsection.2.9}{\376\377\000S\000e\000t\000\040\000o\000f\000\040\000a\000l\000l\000\040\000f\000u\000n\000c\000t\000i\000o\000n\000s\000\040\000w\000i\000t\000h\000\040\000d\000o\000m\000a\000i\000n\000\040\000a\000n\000d\000\040\000c\000o\000d\000o\000m\000a\000i\000n}{section.2}% 20
\BOOKMARK [2][-]{subsection.2.10}{\376\377\000C\000o\000m\000p\000l\000e\000x\000\040\000e\000x\000p\000o\000n\000e\000n\000t\000i\000a\000l\000\040\000f\000u\000n\000c\000t\000i\000o\000n}{section.2}% 21
\BOOKMARK [3][-]{subsubsection.2.10.1}{\376\377\000C\000o\000m\000p\000l\000e\000x\000\040\000p\000l\000a\000n\000e\000\040\000w\000i\000t\000h\000\040\000r\000a\000d\000i\000u\000s\000\040\000r}{subsection.2.10}% 22
\BOOKMARK [3][-]{subsubsection.2.10.2}{\376\377\000C\000o\000m\000p\000l\000e\000x\000\040\000c\000o\000n\000j\000u\000g\000a\000t\000e}{subsection.2.10}% 23
\BOOKMARK [3][-]{subsubsection.2.10.3}{\376\377\000C\000o\000n\000v\000e\000r\000t\000i\000n\000g\000\040\000b\000e\000t\000w\000e\000e\000n\000\040\000p\000o\000l\000a\000r\000\040\000a\000n\000d\000\040\000r\000e\000c\000t\000a\000n\000g\000u\000l\000a\000r\000\040\000f\000o\000r\000m}{subsection.2.10}% 24
\BOOKMARK [2][-]{subsection.2.11}{\376\377\000P\000r\000o\000p\000o\000s\000i\000t\000i\000o\000n\000a\000l\000\040\000l\000o\000g\000i\000c}{section.2}% 25
\BOOKMARK [3][-]{subsubsection.2.11.1}{\376\377\000P\000r\000o\000p\000o\000s\000i\000t\000i\000o\000n}{subsection.2.11}% 26
\BOOKMARK [3][-]{subsubsection.2.11.2}{\376\377\000C\000o\000m\000p\000o\000u\000n\000d\000\040\000p\000r\000o\000p\000o\000s\000i\000t\000i\000o\000n}{subsection.2.11}% 27
\BOOKMARK [3][-]{subsubsection.2.11.3}{\376\377\000L\000o\000g\000i\000c\000a\000l\000\040\000n\000e\000g\000a\000t\000i\000o\000n\000\040\000\050\000l\000o\000g\000i\000c\000a\000l\000\040\000n\000o\000t\000\051}{subsection.2.11}% 28
\BOOKMARK [3][-]{subsubsection.2.11.4}{\376\377\000L\000o\000g\000i\000c\000a\000l\000\040\000c\000o\000n\000j\000u\000n\000c\000t\000i\000o\000n\000\040\000\050\000l\000o\000g\000i\000c\000a\000l\000\040\000A\000N\000D\000\051}{subsection.2.11}% 29
\BOOKMARK [3][-]{subsubsection.2.11.5}{\376\377\000L\000o\000g\000i\000c\000a\000l\000\040\000d\000i\000s\000j\000u\000n\000c\000t\000i\000o\000n\000\040\000\050\000l\000o\000g\000i\000c\000a\000l\000\040\000O\000R\000\051}{subsection.2.11}% 30
\BOOKMARK [3][-]{subsubsection.2.11.6}{\376\377\000D\000e\000\040\000M\000o\000r\000g\000a\000n\000'\000s\000\040\000L\000a\000w\000s}{subsection.2.11}% 31
\BOOKMARK [3][-]{subsubsection.2.11.7}{\376\377\000C\000o\000n\000v\000e\000r\000s\000e\000,\000\040\000i\000n\000v\000e\000r\000s\000e\000,\000\040\000c\000o\000n\000t\000r\000a\000p\000o\000s\000i\000t\000i\000v\000e}{subsection.2.11}% 32
\BOOKMARK [3][-]{subsubsection.2.11.8}{\376\377\000L\000o\000g\000i\000c\000a\000l\000\040\000i\000m\000p\000l\000i\000c\000a\000t\000i\000o\000n}{subsection.2.11}% 33
\BOOKMARK [2][-]{subsection.2.12}{\376\377\000P\000r\000e\000d\000i\000c\000a\000t\000e\000\040\000l\000o\000g\000i\000c}{section.2}% 34
\BOOKMARK [2][-]{subsection.2.13}{\376\377\000F\000u\000n\000c\000t\000i\000o\000n\000s}{section.2}% 35
\BOOKMARK [1][-]{section.3}{\376\377\000C\000o\000n\000t\000i\000n\000u\000o\000u\000s\000\040\000a\000n\000d\000\040\000d\000i\000s\000c\000r\000e\000t\000e\000-\000t\000i\000m\000e\000\040\000s\000i\000g\000n\000a\000l\000s\000\040\000\050\000C\000h\000.\000\040\0001\000.\0001\000\051}{}% 36
\BOOKMARK [2][-]{subsection.3.1}{\376\377\0004\000\040\000m\000a\000i\000n\000\040\000c\000l\000a\000s\000s\000e\000s\000\040\000o\000f\000\040\000s\000i\000g\000n\000a\000l\000s}{section.3}% 37
\BOOKMARK [2][-]{subsection.3.2}{\376\377\000S\000u\000p\000p\000o\000r\000t}{section.3}% 38
\BOOKMARK [2][-]{subsection.3.3}{\376\377\000S\000i\000g\000n\000a\000l\000\040\000e\000n\000e\000r\000g\000y\000\040\000a\000n\000d\000\040\000p\000o\000w\000e\000r}{section.3}% 39
\BOOKMARK [3][-]{subsubsection.3.3.1}{\376\377\000T\000o\000t\000a\000l\000\040\000e\000n\000e\000r\000g\000y}{subsection.3.3}% 40
\BOOKMARK [3][-]{subsubsection.3.3.2}{\376\377\000A\000v\000e\000r\000a\000g\000e\000\040\000p\000o\000w\000e\000r}{subsection.3.3}% 41
\BOOKMARK [3][-]{subsubsection.3.3.3}{\376\377\000T\000o\000t\000a\000l\000\040\000e\000n\000e\000r\000g\000y\000\040\000o\000v\000e\000r\000\040\000i\000n\000f\000i\000n\000i\000t\000e\000\040\000t\000i\000m\000e\000\040\000i\000n\000t\000e\000r\000v\000a\000l}{subsection.3.3}% 42
\BOOKMARK [3][-]{subsubsection.3.3.4}{\376\377\000A\000v\000e\000r\000a\000g\000e\000\040\000p\000o\000w\000e\000r\000\040\000o\000v\000e\000r\000\040\000i\000n\000f\000i\000n\000i\000t\000e\000\040\000t\000i\000m\000e\000\040\000i\000n\000t\000e\000r\000v\000a\000l}{subsection.3.3}% 43
\BOOKMARK [1][-]{section.4}{\376\377\000T\000i\000m\000e\000\040\000d\000i\000l\000a\000t\000i\000o\000n\000,\000\040\000s\000h\000i\000f\000t\000i\000n\000g\000\040\000\050\000C\000h\000.\000\040\0001\000.\0002\000\051}{}% 44
\BOOKMARK [2][-]{subsection.4.1}{\376\377\000T\000i\000m\000e\000\040\000s\000h\000i\000f\000t\000i\000n\000g}{section.4}% 45
\BOOKMARK [2][-]{subsection.4.2}{\376\377\000T\000i\000m\000e\000\040\000s\000c\000a\000l\000i\000n\000g}{section.4}% 46
\BOOKMARK [2][-]{subsection.4.3}{\376\377\000S\000c\000a\000l\000i\000n\000g\000\040\000a\000n\000d\000\040\000s\000h\000i\000f\000t\000i\000n\000g\000\040\000\050\000C\000T\000\051}{section.4}% 47
\BOOKMARK [2][-]{subsection.4.4}{\376\377\000P\000e\000r\000i\000o\000d\000i\000c\000\040\000s\000i\000g\000n\000a\000l\000s}{section.4}% 48
\BOOKMARK [3][-]{subsubsection.4.4.1}{\376\377\000F\000u\000n\000d\000a\000m\000e\000n\000t\000a\000l\000\040\000p\000e\000r\000i\000o\000d\000:}{subsection.4.4}% 49
\BOOKMARK [2][-]{subsection.4.5}{\376\377\000E\000v\000e\000n\000\040\000a\000n\000d\000\040\000o\000d\000d\000\040\000s\000i\000g\000n\000a\000l\000s}{section.4}% 50
\BOOKMARK [2][-]{subsection.4.6}{\376\377\000F\000a\000c\000t\000:}{section.4}% 51
\BOOKMARK [1][-]{section.5}{\376\377\000C\000o\000m\000p\000l\000e\000x\000\040\000e\000x\000p\000o\000n\000e\000n\000t\000i\000a\000l\000\040\000s\000i\000g\000n\000a\000l\000s\000\040\000\050\000C\000h\000.\000\040\0001\000.\0003\000\051}{}% 52
\BOOKMARK [2][-]{subsection.5.1}{\376\377\000R\000e\000v\000i\000e\000w\000\040\000o\000f\000\040\000c\000o\000m\000p\000l\000e\000x\000\040\000n\000u\000m\000b\000e\000r\000s}{section.5}% 53
\BOOKMARK [2][-]{subsection.5.2}{\376\377\000C\000T\000\040\000C\000o\000m\000p\000l\000e\000x\000\040\000e\000x\000p\000o\000n\000e\000n\000t\000i\000a\000l\000\040\000a\000n\000d\000\040\000s\000i\000n\000u\000s\000o\000i\000d\000a\000l\000\040\000s\000i\000g\000n\000a\000l\000s}{section.5}% 54
\BOOKMARK [3][-]{subsubsection.5.2.1}{\376\377\000C\000o\000m\000p\000l\000e\000x\000\040\000e\000x\000p\000o\000n\000e\000n\000t\000i\000a\000l\000\040\000s\000i\000g\000n\000a\000l}{subsection.5.2}% 55
\BOOKMARK [3][-]{subsubsection.5.2.2}{\376\377\000P\000e\000r\000i\000o\000d\000i\000c\000\040\000c\000o\000m\000p\000l\000e\000x\000\040\000e\000x\000p\000o\000n\000e\000n\000t\000i\000a\000l\000\040\000a\000n\000d\000\040\000s\000i\000n\000u\000s\000o\000i\000d\000a\000l\000\040\000s\000i\000g\000n\000a\000l}{subsection.5.2}% 56
\BOOKMARK [3][-]{subsubsection.5.2.3}{\376\377\000G\000e\000n\000e\000r\000a\000l\000\040\000c\000o\000m\000p\000l\000e\000x\000\040\000e\000x\000p\000o\000n\000e\000n\000t\000i\000a\000l\000\040\000s\000i\000g\000n\000a\000l}{subsection.5.2}% 57
\BOOKMARK [3][-]{subsubsection.5.2.4}{\376\377\000P\000r\000o\000p\000e\000r\000t\000i\000e\000s}{subsection.5.2}% 58
\BOOKMARK [2][-]{subsection.5.3}{\376\377\000D\000T\000\040\000C\000o\000m\000p\000l\000e\000x\000\040\000e\000x\000p\000o\000n\000e\000n\000t\000i\000a\000l\000\040\000a\000n\000d\000\040\000s\000i\000n\000u\000s\000o\000i\000d\000a\000l\000\040\000s\000i\000g\000n\000a\000l\000s}{section.5}% 59
\BOOKMARK [3][-]{subsubsection.5.3.1}{\376\377\000C\000o\000m\000p\000l\000e\000x\000\040\000e\000x\000p\000o\000n\000e\000n\000t\000i\000a\000l\000\040\000s\000e\000q\000u\000e\000n\000c\000e}{subsection.5.3}% 60
\BOOKMARK [3][-]{subsubsection.5.3.2}{\376\377\000S\000i\000n\000u\000s\000o\000i\000d\000a\000l\000\040\000s\000i\000g\000n\000a\000l\000s}{subsection.5.3}% 61
\BOOKMARK [3][-]{subsubsection.5.3.3}{\376\377\000G\000e\000n\000e\000r\000a\000l\000\040\000c\000o\000m\000p\000l\000e\000x\000\040\000e\000x\000p\000o\000n\000e\000n\000t\000i\000a\000l\000\040\000s\000i\000g\000n\000a\000l}{subsection.5.3}% 62
\BOOKMARK [2][-]{subsection.5.4}{\376\377\000C\000o\000m\000p\000a\000r\000i\000s\000o\000n\000\040\000b\000e\000t\000w\000e\000e\000n\000\040\000C\000T\000\040\000a\000n\000d\000\040\000D\000T\000\040\000s\000i\000g\000n\000a\000l\000s}{section.5}% 63
\BOOKMARK [1][-]{section.6}{\376\377\000S\000t\000e\000p\000\040\000a\000n\000d\000\040\000i\000m\000p\000u\000l\000s\000e\000\040\000f\000u\000n\000c\000t\000i\000o\000n\000s\000\040\000\050\000C\000h\000.\000\040\0001\000.\0004\000\051}{}% 64
\BOOKMARK [2][-]{subsection.6.1}{\376\377\000D\000T\000\040\000U\000n\000i\000t\000\040\000i\000m\000p\000u\000l\000s\000e\000\040\000a\000n\000d\000\040\000s\000t\000e\000p\000\040\000s\000e\000q\000u\000e\000n\000c\000e\000s}{section.6}% 65
\BOOKMARK [3][-]{subsubsection.6.1.1}{\376\377\000U\000n\000i\000t\000\040\000i\000m\000p\000u\000l\000s\000e}{subsection.6.1}% 66
\BOOKMARK [3][-]{subsubsection.6.1.2}{\376\377\000U\000n\000i\000t\000\040\000s\000t\000e\000p}{subsection.6.1}% 67
\BOOKMARK [3][-]{subsubsection.6.1.3}{\376\377\000R\000e\000l\000a\000t\000i\000o\000n\000s\000h\000i\000p\000\040\000b\000e\000t\000w\000e\000e\000n\000\040\000i\000m\000p\000u\000l\000s\000e\000\040\000a\000n\000d\000\040\000s\000t\000e\000p}{subsection.6.1}% 68
\BOOKMARK [3][-]{subsubsection.6.1.4}{\376\377\000S\000a\000m\000p\000l\000i\000n\000g}{subsection.6.1}% 69
\BOOKMARK [2][-]{subsection.6.2}{\376\377\000C\000T\000\040\000U\000n\000i\000t\000\040\000i\000m\000p\000u\000l\000s\000e\000\040\000a\000n\000d\000\040\000s\000t\000e\000p\000\040\000f\000u\000n\000c\000t\000i\000o\000n\000s}{section.6}% 70
\BOOKMARK [3][-]{subsubsection.6.2.1}{\376\377\000I\000m\000p\000u\000l\000s\000e}{subsection.6.2}% 71
\BOOKMARK [3][-]{subsubsection.6.2.2}{\376\377\000S\000t\000e\000p}{subsection.6.2}% 72
\BOOKMARK [3][-]{subsubsection.6.2.3}{\376\377\000R\000u\000n\000n\000i\000n\000g\000\040\000i\000n\000t\000e\000g\000r\000a\000l}{subsection.6.2}% 73
\BOOKMARK [3][-]{subsubsection.6.2.4}{\376\377\000S\000a\000m\000p\000l\000i\000n\000g}{subsection.6.2}% 74
\BOOKMARK [1][-]{section.7}{\376\377\000G\000e\000n\000e\000r\000a\000l\000\040\000s\000y\000s\000t\000e\000m\000s\000\040\000a\000n\000d\000\040\000b\000a\000s\000i\000c\000\040\000p\000r\000o\000p\000e\000r\000t\000i\000e\000s\000\040\000\050\000C\000h\000.\000\040\0001\000.\0005\000-\0006\000\051}{}% 75
\BOOKMARK [2][-]{subsection.7.1}{\376\377\000S\000y\000s\000t\000e\000m\000s}{section.7}% 76
\BOOKMARK [2][-]{subsection.7.2}{\376\377\000I\000n\000t\000e\000r\000c\000o\000n\000n\000e\000c\000t\000i\000o\000n\000\040\000o\000f\000\040\000s\000y\000s\000t\000e\000m\000s}{section.7}% 77
\BOOKMARK [2][-]{subsection.7.3}{\376\377\000B\000a\000s\000i\000c\000\040\000p\000r\000o\000p\000e\000r\000t\000i\000e\000s}{section.7}% 78
\BOOKMARK [3][-]{subsubsection.7.3.1}{\376\377\000M\000e\000m\000o\000r\000y}{subsection.7.3}% 79
\BOOKMARK [3][-]{subsubsection.7.3.2}{\376\377\000I\000n\000v\000e\000r\000t\000i\000b\000i\000l\000i\000t\000y}{subsection.7.3}% 80
\BOOKMARK [3][-]{subsubsection.7.3.3}{\376\377\000C\000a\000u\000s\000a\000l\000i\000t\000y}{subsection.7.3}% 81
\BOOKMARK [3][-]{subsubsection.7.3.4}{\376\377\000S\000t\000a\000b\000i\000l\000i\000t\000y}{subsection.7.3}% 82
\BOOKMARK [3][-]{subsubsection.7.3.5}{\376\377\000T\000i\000m\000e\000\040\000i\000n\000v\000a\000r\000i\000a\000n\000c\000e}{subsection.7.3}% 83
\BOOKMARK [3][-]{subsubsection.7.3.6}{\376\377\000L\000i\000n\000e\000a\000r\000i\000t\000y}{subsection.7.3}% 84
\BOOKMARK [1][-]{section.8}{\376\377\000I\000m\000p\000u\000l\000s\000e\000\040\000r\000e\000s\000p\000o\000n\000s\000e\000\040\000\050\000C\000h\000.\000\040\0002\000.\0001\000\051}{}% 85
\BOOKMARK [2][-]{subsection.8.1}{\376\377\000D\000T\000\040\000S\000i\000f\000t\000i\000n\000g\000\040\000p\000r\000o\000p\000e\000r\000t\000y}{section.8}% 86
\BOOKMARK [2][-]{subsection.8.2}{\376\377\000D\000T\000\040\000U\000n\000i\000t\000\040\000i\000m\000p\000u\000l\000s\000e\000\040\000r\000e\000s\000p\000o\000n\000s\000e}{section.8}% 87
\BOOKMARK [2][-]{subsection.8.3}{\376\377\000C\000T\000\040\000S\000i\000f\000t\000i\000n\000g\000\040\000p\000r\000o\000p\000e\000r\000t\000y}{section.8}% 88
\BOOKMARK [2][-]{subsection.8.4}{\376\377\000C\000T\000\040\000U\000n\000i\000t\000\040\000i\000m\000p\000u\000l\000s\000e\000\040\000r\000e\000s\000p\000o\000n\000s\000e}{section.8}% 89
\BOOKMARK [1][-]{section.9}{\376\377\000C\000o\000n\000v\000o\000l\000u\000t\000i\000o\000n\000\040\000i\000n\000\040\000d\000i\000s\000c\000r\000e\000t\000e\000\040\000t\000i\000m\000e\000\040\000\050\000C\000h\000.\000\040\0002\000.\0001\000\051}{}% 90
\BOOKMARK [2][-]{subsection.9.1}{\376\377\000C\000o\000n\000v\000o\000l\000u\000t\000i\000o\000n\000\040\000s\000u\000m}{section.9}% 91
\BOOKMARK [1][-]{section.10}{\376\377\000C\000o\000n\000v\000o\000l\000u\000t\000i\000o\000n\000\040\000i\000n\000\040\000c\000o\000n\000t\000i\000n\000u\000o\000u\000s\000\040\000t\000i\000m\000e\000\040\000\050\000C\000h\000.\000\040\0002\000.\0002\000\051}{}% 92
\BOOKMARK [2][-]{subsection.10.1}{\376\377\000C\000o\000n\000v\000o\000l\000u\000t\000i\000o\000n\000\040\000i\000n\000t\000e\000g\000r\000a\000l}{section.10}% 93
\BOOKMARK [2][-]{subsection.10.2}{\376\377\000C\000o\000n\000s\000e\000q\000u\000e\000n\000c\000e\000\040\000o\000f\000\040\000c\000o\000n\000v\000o\000l\000u\000t\000i\000o\000n}{section.10}% 94
\BOOKMARK [1][-]{section.11}{\376\377\000P\000r\000o\000p\000e\000r\000t\000i\000e\000s\000\040\000o\000f\000\040\000L\000T\000I\000\040\000s\000y\000s\000t\000e\000m\000s\000\040\000\050\000C\000h\000.\000\040\0002\000.\0003\000\051}{}% 95
\BOOKMARK [2][-]{subsection.11.1}{\376\377\000C\000o\000m\000m\000u\000t\000a\000t\000i\000v\000e}{section.11}% 96
\BOOKMARK [2][-]{subsection.11.2}{\376\377\000D\000i\000s\000t\000r\000i\000b\000u\000t\000i\000v\000e}{section.11}% 97
\BOOKMARK [2][-]{subsection.11.3}{\376\377\000C\000o\000n\000s\000e\000q\000u\000e\000n\000c\000e\000\040\000o\000f\000\040\000c\000o\000m\000m\000u\000t\000a\000t\000i\000v\000e\000\040\000a\000n\000d\000\040\000d\000i\000s\000t\000r\000i\000b\000u\000t\000i\000v\000e}{section.11}% 98
\BOOKMARK [2][-]{subsection.11.4}{\376\377\000A\000s\000s\000o\000c\000i\000a\000t\000i\000v\000e}{section.11}% 99
\BOOKMARK [2][-]{subsection.11.5}{\376\377\000M\000e\000m\000o\000r\000y}{section.11}% 100
\BOOKMARK [2][-]{subsection.11.6}{\376\377\000I\000n\000v\000e\000r\000t\000i\000b\000i\000l\000i\000t\000y}{section.11}% 101
\BOOKMARK [2][-]{subsection.11.7}{\376\377\000C\000a\000u\000s\000a\000l\000i\000t\000y}{section.11}% 102
\BOOKMARK [2][-]{subsection.11.8}{\376\377\000S\000t\000a\000b\000i\000l\000i\000t\000y}{section.11}% 103
\BOOKMARK [1][-]{section.12}{\376\377\000P\000e\000r\000i\000o\000d\000i\000c\000\040\000s\000i\000g\000n\000a\000l\000s\000\040\000a\000n\000d\000\040\000F\000o\000u\000r\000i\000e\000r\000\040\000s\000e\000r\000i\000e\000s}{}% 104
\BOOKMARK [1][-]{section.13}{\376\377\000P\000r\000o\000p\000e\000r\000t\000i\000e\000s\000\040\000o\000f\000\040\000F\000o\000u\000r\000i\000e\000r\000\040\000s\000e\000r\000i\000e\000s}{}% 105
\BOOKMARK [1][-]{section.14}{\376\377\000R\000e\000s\000p\000o\000n\000s\000e\000\040\000o\000f\000\040\000L\000T\000I\000\040\000s\000y\000s\000t\000e\000m\000s\000\040\000t\000o\000\040\000p\000e\000r\000i\000o\000d\000i\000c\000\040\000s\000i\000g\000n\000a\000l\000s}{}% 106
\BOOKMARK [1][-]{section.15}{\376\377\000A\000p\000e\000r\000i\000o\000d\000i\000c\000\040\000s\000i\000g\000n\000a\000l\000s\000\040\000a\000n\000d\000\040\000F\000o\000u\000r\000i\000e\000r\000\040\000t\000r\000a\000n\000s\000f\000o\000r\000m}{}% 107
\BOOKMARK [1][-]{section.16}{\376\377\000F\000o\000u\000r\000i\000e\000r\000\040\000t\000r\000a\000n\000s\000f\000o\000r\000m\000\040\000p\000r\000o\000p\000e\000r\000t\000i\000e\000s\000;\000\040\000t\000i\000m\000e\000-\000f\000r\000e\000q\000u\000e\000n\000c\000y\000\040\000d\000u\000a\000l\000i\000t\000y}{}% 108
\BOOKMARK [1][-]{section.17}{\376\377\000B\000a\000n\000d\000l\000i\000m\000i\000t\000e\000d\000\040\000s\000i\000g\000n\000a\000l\000s}{}% 109
\BOOKMARK [1][-]{section.18}{\376\377\000T\000h\000e\000\040\000s\000a\000m\000p\000l\000i\000n\000g\000\040\000t\000h\000e\000o\000r\000e\000m\000\040\000\050\000C\000h\000.\000\040\0007\000.\0001\000\051}{}% 110
\BOOKMARK [1][-]{section.19}{\376\377\000R\000e\000c\000o\000n\000s\000t\000r\000u\000c\000t\000i\000o\000n\000\040\000\050\000C\000h\000.\000\040\0007\000.\0002\000\051}{}% 111
\BOOKMARK [1][-]{section.20}{\376\377\000A\000m\000p\000l\000i\000t\000u\000d\000e\000\040\000m\000o\000d\000u\000l\000a\000t\000i\000o\000n\000\040\000s\000y\000s\000t\000e\000m\000s}{}% 112
\BOOKMARK [1][-]{section.21}{\376\377\000E\000n\000v\000e\000l\000o\000p\000e\000\040\000d\000e\000t\000e\000c\000t\000i\000o\000n\000,\000\040\000c\000o\000h\000e\000r\000e\000n\000t\000\040\000d\000e\000t\000e\000c\000t\000i\000o\000n}{}% 113
\BOOKMARK [1][-]{section.22}{\376\377\000S\000i\000n\000g\000l\000e\000-\000s\000i\000d\000e\000b\000a\000n\000d\000\040\000m\000o\000d\000u\000l\000a\000t\000i\000o\000n}{}% 114
\BOOKMARK [1][-]{section.23}{\376\377\000A\000n\000g\000l\000e\000\040\000m\000o\000d\000u\000l\000a\000t\000i\000o\000n}{}% 115
\BOOKMARK [1][-]{section.24}{\376\377\000C\000o\000n\000c\000e\000p\000t\000s\000\040\000o\000f\000\040\000d\000i\000g\000i\000t\000a\000l\000\040\000c\000o\000m\000m\000u\000n\000i\000c\000a\000t\000i\000o\000n}{}% 116
