\BOOKMARK [1][-]{section.1}{\376\377\000A\000s\000y\000m\000p\000t\000o\000t\000i\000c\000s}{}% 1
\BOOKMARK [2][-]{subsection.1.1}{\376\377\000B\000i\000g\000-\000O\000\040\000\050\000U\000p\000p\000e\000r\000\040\000b\000o\000u\000n\000d\000\051}{section.1}% 2
\BOOKMARK [2][-]{subsection.1.2}{\376\377\000B\000i\000g\000-\000O\000m\000e\000g\000a\000\040\000\050\000L\000o\000w\000e\000r\000\040\000b\000o\000u\000n\000d\000\051}{section.1}% 3
\BOOKMARK [2][-]{subsection.1.3}{\376\377\000B\000i\000g\000-\000T\000h\000e\000t\000a\000\040\000\050\000T\000i\000g\000h\000t\000\040\000b\000o\000u\000n\000d\000\051}{section.1}% 4
\BOOKMARK [2][-]{subsection.1.4}{\376\377\000S\000m\000a\000l\000l\000-\000o\000\040\000\050\000S\000t\000r\000i\000c\000t\000l\000y\000\040\000s\000l\000o\000w\000e\000r\000\051}{section.1}% 5
\BOOKMARK [2][-]{subsection.1.5}{\376\377\000S\000m\000a\000l\000l\000-\000O\000m\000e\000g\000a\000\040\000\050\000S\000t\000r\000i\000c\000t\000l\000y\000\040\000F\000a\000s\000t\000e\000r\000\051}{section.1}% 6
\BOOKMARK [2][-]{subsection.1.6}{\376\377\000C\000o\000m\000p\000a\000r\000i\000n\000g\000\040\000f\000u\000n\000c\000t\000i\000o\000n\000\040\000p\000r\000o\000p\000e\000r\000t\000i\000e\000s}{section.1}% 7
\BOOKMARK [2][-]{subsection.1.7}{\376\377\000L\000i\000m\000i\000t\000\040\000m\000e\000t\000h\000o\000d}{section.1}% 8
\BOOKMARK [2][-]{subsection.1.8}{\376\377\000P\000o\000l\000y\000n\000o\000m\000i\000a\000l\000l\000y\000-\000b\000o\000u\000n\000d\000e\000d}{section.1}% 9
\BOOKMARK [2][-]{subsection.1.9}{\376\377\000L\000o\000g\000a\000r\000i\000t\000h\000m\000\040\000m\000e\000t\000h\000o\000d}{section.1}% 10
\BOOKMARK [3][-]{subsubsection.1.9.1}{\376\377\000L\000i\000m\000i\000t\000s\000\040\000o\000f\000\040\000l\000o\000g\000s\000\040\000a\000r\000e\000\040\000l\000o\000g\000s\000\040\000o\000f\000\040\000l\000i\000m\000i\000t\000s}{subsection.1.9}% 11
\BOOKMARK [1][-]{section.2}{\376\377\000L\000o\000g\000a\000r\000i\000t\000h\000m\000s}{}% 12
\BOOKMARK [1][-]{section.3}{\376\377\000I\000n\000d\000u\000c\000t\000i\000o\000n\000,\000\040\000C\000o\000n\000t\000r\000a\000d\000i\000c\000t\000i\000o\000n\000,\000\040\000\046\000\040\000C\000o\000m\000b\000i\000n\000a\000t\000o\000r\000i\000a\000l\000\040\000A\000r\000g\000u\000m\000e\000n\000t\000s}{}% 13
\BOOKMARK [2][-]{subsection.3.1}{\376\377\000D\000i\000r\000e\000c\000t\000\040\000p\000r\000o\000o\000f}{section.3}% 14
\BOOKMARK [2][-]{subsection.3.2}{\376\377\000W\000e\000a\000k\000\040\000I\000n\000d\000u\000c\000t\000i\000o\000n}{section.3}% 15
\BOOKMARK [2][-]{subsection.3.3}{\376\377\000S\000t\000r\000o\000n\000g\000\040\000I\000n\000d\000u\000c\000t\000i\000o\000n}{section.3}% 16
\BOOKMARK [2][-]{subsection.3.4}{\376\377\000C\000o\000n\000t\000r\000a\000d\000i\000c\000t\000i\000o\000n}{section.3}% 17
\BOOKMARK [1][-]{section.4}{\376\377\000R\000e\000c\000u\000r\000r\000e\000n\000c\000e\000s\000\040\000a\000n\000d\000\040\000t\000h\000e\000\040\000M\000a\000s\000t\000e\000r\000\040\000T\000h\000e\000o\000r\000e\000m}{}% 18
\BOOKMARK [1][-]{section.5}{\376\377\000H\000e\000a\000p\000s\000\040\000\046\000\040\000H\000e\000a\000p\000s\000o\000r\000t}{}% 19
\BOOKMARK [1][-]{section.6}{\376\377\000Q\000u\000i\000c\000k\000s\000o\000r\000t}{}% 20
\BOOKMARK [1][-]{section.7}{\376\377\000S\000o\000r\000t\000i\000n\000g\000\040\000a\000n\000d\000\040\000S\000e\000a\000r\000c\000h\000i\000n\000g\000\040\000i\000n\000\040\000L\000i\000n\000e\000a\000r\000\040\000T\000i\000m\000e}{}% 21
\BOOKMARK [1][-]{section.8}{\376\377\000B\000S\000T\000s\000\040\000\046\000\040\000R\000B\000T\000s}{}% 22
\BOOKMARK [1][-]{section.9}{\376\377\000H\000a\000s\000h\000i\000n\000g}{}% 23
\BOOKMARK [1][-]{section.10}{\376\377\000D\000y\000n\000a\000m\000i\000c\000\040\000p\000r\000o\000g\000r\000a\000m\000m\000i\000n\000g}{}% 24
\BOOKMARK [2][-]{subsection.10.1}{\376\377\000H\000o\000w\000\040\000t\000o\000\040\000p\000r\000o\000v\000e\000\040\000o\000p\000t\000i\000m\000a\000l\000\040\000s\000u\000b\000s\000t\000r\000u\000c\000t\000u\000r\000e\000?}{section.10}% 25
\BOOKMARK [1][-]{section.11}{\376\377\000G\000r\000e\000e\000d\000y\000\040\000A\000l\000g\000o\000r\000i\000t\000h\000m\000s}{}% 26
