\BOOKMARK [1][-]{section.1}{\376\377\000I\000n\000t\000r\000o\000d\000u\000c\000t\000i\000o\000n\000\040\000t\000o\000\040\000M\000L\000,\000\040\000N\000e\000a\000r\000e\000s\000t\000\040\000n\000e\000i\000g\000h\000b\000o\000r\000s\000,\000\040\000L\000i\000n\000e\000a\000r\000\040\000c\000l\000a\000s\000s\000i\000f\000i\000c\000a\000t\000i\000o\000n\000\040\000\050\000L\000F\000D\000:\000\040\0001\000.\0001\000-\0001\000.\0002\000\051}{}% 1
\BOOKMARK [2][-]{subsection.1.1}{\376\377\000T\000y\000p\000e\000s\000\040\000o\000f\000\040\000l\000e\000a\000r\000n\000i\000n\000g}{section.1}% 2
\BOOKMARK [3][-]{subsubsection.1.1.1}{\376\377\000S\000u\000p\000e\000r\000v\000i\000s\000e\000d\000\040\000l\000e\000a\000r\000n\000i\000n\000g}{subsection.1.1}% 3
\BOOKMARK [3][-]{subsubsection.1.1.2}{\376\377\000U\000n\000s\000u\000p\000e\000r\000v\000i\000s\000e\000d\000\040\000l\000e\000a\000r\000n\000i\000n\000g}{subsection.1.1}% 4
\BOOKMARK [3][-]{subsubsection.1.1.3}{\376\377\000R\000e\000i\000n\000f\000o\000r\000c\000e\000m\000e\000n\000t\000\040\000l\000e\000a\000r\000n\000i\000n\000g}{subsection.1.1}% 5
\BOOKMARK [2][-]{subsection.1.2}{\376\377\000C\000l\000a\000s\000s\000i\000f\000i\000c\000a\000t\000i\000o\000n\000\040\000p\000r\000o\000b\000l\000e\000m\000\040\000s\000e\000t\000u\000p}{section.1}% 6
\BOOKMARK [2][-]{subsection.1.3}{\376\377\000k\000-\000N\000e\000a\000r\000e\000s\000t\000\040\000n\000e\000i\000g\000h\000b\000o\000u\000r}{section.1}% 7
\BOOKMARK [3][-]{subsubsection.1.3.1}{\376\377\000D\000e\000c\000i\000s\000i\000o\000n\000\040\000b\000o\000u\000n\000d\000a\000r\000y}{subsection.1.3}% 8
\BOOKMARK [2][-]{subsection.1.4}{\376\377\000E\000r\000r\000o\000r\000\040\000p\000r\000o\000c\000e\000s\000s\000\040\000f\000o\000r\000\040\000c\000l\000a\000s\000s\000i\000f\000i\000c\000a\000t\000i\000o\000n}{section.1}% 9
\BOOKMARK [3][-]{subsubsection.1.4.1}{\376\377\000T\000y\000p\000e\000s\000\040\000o\000f\000\040\000e\000r\000r\000o\000r}{subsection.1.4}% 10
\BOOKMARK [2][-]{subsection.1.5}{\376\377\000H\000y\000p\000e\000r\000p\000a\000r\000a\000m\000e\000t\000e\000r\000s}{section.1}% 11
\BOOKMARK [2][-]{subsection.1.6}{\376\377\000O\000v\000e\000r\000/\000u\000n\000d\000e\000r\000f\000i\000t\000t\000i\000n\000g\000,\000\040\000O\000u\000t\000l\000i\000e\000r\000s}{section.1}% 12
\BOOKMARK [2][-]{subsection.1.7}{\376\377\000E\000n\000c\000o\000d\000i\000n\000g\000\040\000\050\000W\000a\000y\000s\000\040\000t\000o\000\040\000t\000r\000a\000n\000s\000f\000o\000r\000m\000\040\000d\000a\000t\000a\000\051}{section.1}% 13
\BOOKMARK [3][-]{subsubsection.1.7.1}{\376\377\000T\000r\000a\000n\000s\000f\000o\000r\000m\000\040\000n\000u\000m\000e\000r\000i\000c\000\040\000d\000a\000t\000a}{subsection.1.7}% 14
\BOOKMARK [3][-]{subsubsection.1.7.2}{\376\377\000T\000r\000a\000n\000s\000f\000o\000r\000m\000\040\000c\000a\000t\000e\000g\000o\000r\000i\000c\000a\000l\000\040\000d\000a\000t\000a}{subsection.1.7}% 15
\BOOKMARK [2][-]{subsection.1.8}{\376\377\000L\000i\000n\000e\000a\000r\000\040\000c\000l\000a\000s\000s\000i\000f\000i\000c\000a\000t\000i\000o\000n}{section.1}% 16
\BOOKMARK [3][-]{subsubsection.1.8.1}{\376\377\000W\000h\000a\000t\000\040\000i\000s\000\040\000t\000h\000e\000\040\000h\000y\000p\000o\000t\000h\000e\000s\000i\000s\000\040\000s\000e\000t\000\040\000f\000o\000r\000\040\000l\000i\000n\000e\000a\000r\000\040\000c\000l\000a\000s\000s\000i\000f\000i\000c\000a\000t\000i\000o\000n\000\040\000p\000r\000o\000b\000l\000e\000m\000?}{subsection.1.8}% 17
\BOOKMARK [3][-]{subsubsection.1.8.2}{\376\377\000H\000o\000w\000\040\000t\000o\000\040\000d\000e\000s\000c\000r\000i\000b\000e\000\040\000h\000y\000p\000o\000t\000h\000e\000s\000i\000s\000\040\000s\000e\000t\000\040\000t\000h\000r\000o\000u\000g\000h\000\040\000a\000\040\000f\000u\000n\000c\000t\000i\000o\000n\000\040\000f\000o\000r\000m\000?}{subsection.1.8}% 18
\BOOKMARK [3][-]{subsubsection.1.8.3}{\376\377\000T\000r\000a\000i\000n\000i\000n\000g}{subsection.1.8}% 19
\BOOKMARK [3][-]{subsubsection.1.8.4}{\376\377\000P\000r\000e\000d\000i\000c\000t\000i\000o\000n}{subsection.1.8}% 20
\BOOKMARK [3][-]{subsubsection.1.8.5}{\376\377\000H\000o\000w\000\040\000t\000o\000\040\000f\000i\000n\000d\000\040\000a\000n\000d\000\040\000d\000r\000a\000w\000\040\000d\000e\000c\000i\000s\000i\000o\000n\000\040\000b\000o\000u\000n\000d\000a\000r\000i\000e\000s\000?}{subsection.1.8}% 21
\BOOKMARK [2][-]{subsection.1.9}{\376\377\000B\000a\000s\000i\000c\000\040\000s\000e\000t\000u\000p\000\040\000o\000f\000\040\000l\000e\000a\000r\000n\000i\000n\000g\000\040\000p\000r\000o\000b\000l\000e\000m\000\040\000o\000f\000\040\000s\000u\000p\000e\000r\000v\000i\000s\000e\000d\000\040\000l\000e\000a\000r\000n\000i\000n\000g}{section.1}% 22
\BOOKMARK [2][-]{subsection.1.10}{\376\377\000B\000a\000s\000i\000c\000\040\000s\000e\000t\000u\000p\000\040\000o\000f\000\040\000l\000e\000a\000r\000n\000i\000n\000g\000\040\000p\000r\000o\000b\000l\000e\000m\000\040\000o\000f\000\040\000b\000i\000n\000a\000r\000y\000\040\000l\000i\000n\000e\000a\000r\000\040\000c\000l\000a\000s\000s\000i\000f\000i\000c\000a\000t\000i\000o\000n}{section.1}% 23
\BOOKMARK [3][-]{subsubsection.1.10.1}{\376\377\000T\000r\000a\000i\000n\000i\000n\000g}{subsection.1.10}% 24
\BOOKMARK [3][-]{subsubsection.1.10.2}{\376\377\000H\000o\000w\000\040\000h\000a\000r\000d\000\040\000i\000s\000\040\000i\000t\000\040\000t\000o\000\040\000f\000i\000n\000d\000\040\000t\000h\000e\000\040\000b\000e\000s\000t\000\040\000d\000e\000c\000i\000s\000i\000o\000n\000\040\000b\000o\000u\000n\000d\000a\000r\000y\000?\000\040\000\050\000i\000.\000e\000.\000\040\000m\000i\000n\000i\000m\000i\000z\000i\000n\000g\000\040\000t\000h\000e\000\040\000e\000r\000r\000o\000r\000\051}{subsection.1.10}% 25
\BOOKMARK [1][-]{section.2}{\376\377\000L\000i\000n\000e\000a\000r\000\040\000r\000e\000g\000r\000e\000s\000s\000i\000o\000n\000,\000\040\000R\000e\000g\000u\000l\000a\000r\000i\000z\000a\000t\000i\000o\000n\000\040\000\050\000L\000F\000D\000:\000\040\0003\000.\0002\000.\0001\000,\000\040\0003\000.\0004\000.\0001\000,\000\040\000A\000p\000p\000e\000n\000d\000i\000x\000\040\000B\000\051}{}% 26
\BOOKMARK [2][-]{subsection.2.1}{\376\377\000P\000e\000r\000c\000e\000p\000t\000r\000o\000n\000\040\000l\000e\000a\000r\000n\000i\000n\000g\000\040\000a\000l\000g\000o\000r\000i\000t\000h\000m}{section.2}% 27
\BOOKMARK [3][-]{subsubsection.2.1.1}{\376\377\000N\000e\000w\000\040\000F\000o\000r\000m\000u\000l\000a\000t\000i\000o\000n\000\040\000o\000f\000\040\000B\000i\000n\000a\000r\000y\000\040\000L\000i\000n\000e\000a\000r\000\040\000C\000l\000a\000s\000s\000i\000f\000i\000c\000a\000t\000i\000o\000n}{subsection.2.1}% 28
\BOOKMARK [3][-]{subsubsection.2.1.2}{\376\377\000A\000l\000g\000o\000r\000i\000t\000h\000m}{subsection.2.1}% 29
\BOOKMARK [3][-]{subsubsection.2.1.3}{\376\377\000W\000h\000y\000\040\000d\000o\000e\000s\000\040\000P\000L\000A\000\040\000w\000o\000r\000k\000?\000\040\000\050\000i\000n\000t\000u\000t\000i\000v\000e\000\040\000e\000x\000p\000l\000a\000n\000a\000t\000i\000o\000n\000\051}{subsection.2.1}% 30
\BOOKMARK [3][-]{subsubsection.2.1.4}{\376\377\000R\000o\000s\000e\000n\000b\000l\000e\000t\000t\000\040\000T\000h\000e\000o\000r\000e\000m\000\040\000\050\000a\000n\000a\000l\000y\000t\000i\000c\000a\000l\000\040\000p\000r\000o\000o\000f\000\040\000w\000h\000y\000\040\000P\000L\000A\000\040\000w\000o\000r\000k\000s\000\051}{subsection.2.1}% 31
\BOOKMARK [3][-]{subsubsection.2.1.5}{\376\377\000R\000e\000m\000a\000r\000k\000s\000\040\000a\000b\000o\000u\000t\000\040\000P\000L\000A\000\040\000\050\000u\000n\000i\000q\000u\000e\000n\000e\000s\000s\000\040\000a\000n\000d\000\040\000e\000r\000r\000o\000r\000\051}{subsection.2.1}% 32
\BOOKMARK [3][-]{subsubsection.2.1.6}{\376\377\000W\000h\000a\000t\000\040\000w\000o\000u\000l\000d\000\040\000h\000a\000p\000p\000e\000n\000\040\000i\000f\000\040\000w\000e\000\040\000u\000s\000e\000\040\000P\000L\000A\000\040\000f\000o\000r\000\040\000n\000o\000t\000\040\000l\000i\000n\000e\000a\000r\000l\000y\000\040\000s\000e\000p\000a\000r\000a\000b\000l\000e\000\040\000d\000a\000t\000a\000s\000e\000t\000s\000?}{subsection.2.1}% 33
\BOOKMARK [3][-]{subsubsection.2.1.7}{\376\377\000M\000u\000l\000t\000i\000a\000r\000y\000\040\000c\000l\000a\000s\000s\000i\000f\000i\000c\000a\000t\000i\000o\000n}{subsection.2.1}% 34
\BOOKMARK [2][-]{subsection.2.2}{\376\377\000P\000o\000c\000k\000e\000t\000\040\000a\000l\000g\000o\000r\000i\000t\000h\000m}{section.2}% 35
\BOOKMARK [3][-]{subsubsection.2.2.1}{\376\377\000V\000i\000s\000u\000a\000l\000\040\000i\000n\000t\000u\000i\000t\000i\000o\000n}{subsection.2.2}% 36
\BOOKMARK [3][-]{subsubsection.2.2.2}{\376\377\000A\000l\000g\000o\000r\000i\000t\000h\000m}{subsection.2.2}% 37
\BOOKMARK [2][-]{subsection.2.3}{\376\377\000L\000i\000n\000e\000a\000r\000\040\000r\000e\000g\000r\000e\000s\000s\000i\000o\000n}{section.2}% 38
\BOOKMARK [3][-]{subsubsection.2.3.1}{\376\377\000M\000a\000t\000r\000i\000x\000-\000v\000e\000c\000t\000o\000r\000\040\000a\000l\000g\000e\000b\000r\000a\000i\000c\000\040\000r\000e\000p\000r\000e\000s\000e\000n\000t\000a\000t\000i\000o\000n}{subsection.2.3}% 39
\BOOKMARK [3][-]{subsubsection.2.3.2}{\376\377\000W\000h\000e\000n\000\040\000i\000s\000\040\000t\000h\000e\000\040\000e\000r\000r\000o\000r\000\040\0000\000?\000\040\000\050\000M\000o\000t\000i\000v\000a\000t\000i\000o\000n\000\040\000f\000o\000r\000\040\000l\000e\000a\000s\000t\000\040\000s\000q\000u\000a\000r\000e\000s\000\051}{subsection.2.3}% 40
\BOOKMARK [2][-]{subsection.2.4}{\376\377\000L\000e\000a\000s\000t\000\040\000s\000q\000u\000a\000r\000e\000s}{section.2}% 41
\BOOKMARK [3][-]{subsubsection.2.4.1}{\376\377\000G\000r\000a\000d\000i\000e\000n\000t}{subsection.2.4}% 42
\BOOKMARK [3][-]{subsubsection.2.4.2}{\376\377\000B\000a\000s\000i\000c\000\040\000g\000r\000a\000d\000i\000e\000n\000t\000s}{subsection.2.4}% 43
\BOOKMARK [3][-]{subsubsection.2.4.3}{\376\377\000P\000r\000o\000b\000l\000e\000m\000\040\000s\000e\000t\000u\000p}{subsection.2.4}% 44
\BOOKMARK [3][-]{subsubsection.2.4.4}{\376\377\000S\000o\000l\000u\000t\000i\000o\000n}{subsection.2.4}% 45
\BOOKMARK [3][-]{subsubsection.2.4.5}{\376\377\000W\000h\000y\000\040\000i\000s\000\040\000i\000t\000\040\000c\000a\000l\000l\000e\000d\000\040\000p\000s\000e\000u\000d\000o\000-\000i\000n\000v\000e\000r\000s\000e\000\040\000o\000f\000\040\000X\000?}{subsection.2.4}% 46
\BOOKMARK [3][-]{subsubsection.2.4.6}{\376\377\000P\000r\000e\000d\000i\000c\000t\000i\000o\000n}{subsection.2.4}% 47
\BOOKMARK [3][-]{subsubsection.2.4.7}{\376\377\000G\000e\000o\000m\000e\000t\000r\000i\000c\000\040\000i\000n\000t\000e\000r\000p\000r\000e\000t\000a\000t\000i\000o\000n\000\040\000o\000f\000\040\000l\000e\000a\000s\000t\000\040\000s\000q\000u\000a\000r\000e\000s}{subsection.2.4}% 48
\BOOKMARK [2][-]{subsection.2.5}{\376\377\000R\000e\000g\000u\000l\000a\000r\000i\000z\000e\000d\000\040\000l\000i\000n\000e\000a\000r\000\040\000r\000e\000g\000r\000e\000s\000s\000i\000o\000n\000\040\000/\000\040\000l\000e\000a\000s\000t\000\040\000s\000q\000u\000a\000r\000e\000s}{section.2}% 49
\BOOKMARK [3][-]{subsubsection.2.5.1}{\376\377\000D\000i\000f\000f\000e\000r\000e\000n\000c\000e\000\040\000b\000e\000t\000w\000e\000e\000n\000\040\000L\000S\000\040\000a\000n\000d\000\040\000R\000L\000S}{subsection.2.5}% 50
\BOOKMARK [3][-]{subsubsection.2.5.2}{\376\377\000H\000o\000w\000\040\000d\000o\000\040\000w\000e\000\040\000s\000o\000l\000v\000e\000\040\000t\000h\000i\000s\000\040\000p\000r\000o\000b\000l\000e\000m\000?}{subsection.2.5}% 51
\BOOKMARK [2][-]{subsection.2.6}{\376\377\000N\000o\000n\000-\000l\000i\000n\000e\000a\000r\000\040\000m\000o\000d\000e\000l\000s}{section.2}% 52
\BOOKMARK [3][-]{subsubsection.2.6.1}{\376\377\000C\000i\000r\000c\000u\000l\000a\000r\000\040\000d\000e\000c\000i\000s\000i\000o\000n\000\040\000b\000o\000u\000n\000d\000a\000r\000y\000\040\000e\000x\000a\000m\000p\000l\000e}{subsection.2.6}% 53
\BOOKMARK [3][-]{subsubsection.2.6.2}{\376\377\000G\000e\000n\000e\000r\000a\000l\000\040\000f\000o\000r\000m}{subsection.2.6}% 54
\BOOKMARK [1][-]{section.3}{\376\377\000W\000o\000r\000k\000s\000h\000e\000e\000t\000\040\0001}{}% 55
\BOOKMARK [2][-]{subsection.3.1}{\376\377\000Q\0001}{section.3}% 56
\BOOKMARK [3][-]{subsubsection.3.1.1}{\376\377\000G\000r\000a\000d\000i\000e\000n\000t\000\040\000s\000h\000o\000r\000t\000c\000u\000t\000s}{subsection.3.1}% 57
\BOOKMARK [3][-]{subsubsection.3.1.2}{\376\377\000l\000p\000-\000N\000o\000r\000m\000s}{subsection.3.1}% 58
\BOOKMARK [3][-]{subsubsection.3.1.3}{\376\377\000M\000a\000t\000r\000i\000x\000\040\000m\000u\000l\000t\000i\000p\000l\000i\000c\000a\000t\000i\000o\000n}{subsection.3.1}% 59
\BOOKMARK [3][-]{subsubsection.3.1.4}{\376\377\000T\000a\000y\000l\000o\000r\000\040\000s\000e\000r\000i\000e\000s}{subsection.3.1}% 60
\BOOKMARK [2][-]{subsection.3.2}{\376\377\000Q\0003}{section.3}% 61
\BOOKMARK [3][-]{subsubsection.3.2.1}{\376\377\000M\000a\000t\000r\000i\000x\000\040\000p\000r\000o\000p\000e\000r\000t\000i\000e\000s}{subsection.3.2}% 62
\BOOKMARK [3][-]{subsubsection.3.2.2}{\376\377\000Q\0003\000B}{subsection.3.2}% 63
\BOOKMARK [3][-]{subsubsection.3.2.3}{\376\377\000Q\0003\000C}{subsection.3.2}% 64
\BOOKMARK [3][-]{subsubsection.3.2.4}{\376\377\000Q\0003\000D}{subsection.3.2}% 65
\BOOKMARK [1][-]{section.4}{\376\377\000L\000o\000g\000i\000s\000t\000i\000c\000\040\000R\000e\000g\000r\000e\000s\000s\000i\000o\000n\000\040\000\050\000L\000F\000D\000:\000\040\0003\000.\0003\000\051}{}% 66
\BOOKMARK [2][-]{subsection.4.1}{\376\377\000D\000i\000f\000f\000e\000r\000e\000n\000c\000e\000\040\000b\000e\000t\000w\000e\000e\000n\000\040\000l\000i\000n\000e\000a\000r\000\040\000c\000l\000a\000s\000s\000i\000f\000i\000c\000a\000t\000i\000o\000n\000\040\000a\000n\000d\000\040\000r\000e\000g\000r\000e\000s\000s\000i\000o\000n}{section.4}% 67
\BOOKMARK [2][-]{subsection.4.2}{\376\377\000L\000o\000g\000i\000s\000t\000i\000c\000\040\000r\000e\000g\000r\000e\000s\000s\000i\000o\000n}{section.4}% 68
\BOOKMARK [3][-]{subsubsection.4.2.1}{\376\377\000M\000o\000t\000i\000v\000a\000t\000i\000o\000n}{subsection.4.2}% 69
\BOOKMARK [3][-]{subsubsection.4.2.2}{\376\377\000D\000e\000r\000i\000v\000i\000n\000g\000\040\000t\000h\000e\000\040\000a\000p\000p\000r\000o\000p\000r\000i\000a\000t\000e\000\040\000h\000y\000p\000o\000t\000h\000e\000s\000i\000s\000\040\000s\000e\000t}{subsection.4.2}% 70
\BOOKMARK [3][-]{subsubsection.4.2.3}{\376\377\000I\000l\000l\000u\000s\000t\000r\000a\000t\000i\000n\000g\000\040\000l\000o\000g\000i\000s\000t\000i\000c\000\040\000r\000e\000g\000r\000e\000s\000s\000i\000o\000n\000\040\000a\000s\000\040\000a\000\040\000n\000e\000u\000r\000o\000n}{subsection.4.2}% 71
\BOOKMARK [3][-]{subsubsection.4.2.4}{\376\377\000L\000o\000g\000i\000s\000t\000i\000c\000\040\000f\000u\000n\000c\000t\000i\000o\000n}{subsection.4.2}% 72
\BOOKMARK [3][-]{subsubsection.4.2.5}{\376\377\000P\000r\000e\000d\000i\000c\000t\000i\000o\000n\000\040\000\050\000R\000e\000f\000o\000r\000m\000u\000l\000a\000t\000i\000n\000g\000\040\000t\000h\000e\000\040\000h\000y\000p\000o\000t\000h\000e\000s\000i\000s\000\040\000s\000e\000t\000\051}{subsection.4.2}% 73
\BOOKMARK [3][-]{subsubsection.4.2.6}{\376\377\000W\000h\000a\000t\000\040\000i\000s\000\040\000t\000h\000e\000\040\000E\000r\000r\000o\000r\000\040\000C\000r\000i\000t\000e\000r\000i\000o\000n\000?}{subsection.4.2}% 74
\BOOKMARK [2][-]{subsection.4.3}{\376\377\000W\000h\000y\000\040\000i\000s\000\040\000l\000o\000g\000-\000l\000o\000s\000s\000\040\000a\000\040\000r\000e\000a\000s\000o\000n\000a\000b\000l\000e\000\040\000c\000h\000o\000i\000c\000e\000?}{section.4}% 75
\BOOKMARK [3][-]{subsubsection.4.3.1}{\376\377\000N\000u\000m\000e\000r\000i\000c\000a\000l\000\040\000e\000x\000a\000m\000p\000l\000e\000s\000\040\000i\000n\000t\000e\000r\000p\000r\000e\000t\000a\000t\000i\000o\000n\000\040\000\050\000i\000.\000e\000.\000\040\000d\000i\000s\000t\000i\000n\000g\000u\000i\000s\000h\000\040\000b\000e\000t\000w\000e\000e\000n\000\040\000b\000e\000t\000t\000e\000r\000\040\000h\000y\000p\000e\000r\000p\000l\000a\000n\000e\000s\000\051}{subsection.4.3}% 76
\BOOKMARK [3][-]{subsubsection.4.3.2}{\376\377\000M\000a\000x\000i\000m\000u\000m\000\040\000l\000i\000k\000e\000l\000i\000h\000o\000o\000d\000\040\000i\000n\000t\000e\000r\000p\000r\000e\000t\000a\000t\000i\000o\000n}{subsection.4.3}% 77
\BOOKMARK [3][-]{subsubsection.4.3.3}{\376\377\000C\000r\000o\000s\000s\000-\000e\000n\000t\000r\000o\000p\000y\000\040\000i\000n\000t\000e\000r\000p\000r\000e\000t\000a\000t\000i\000o\000n}{subsection.4.3}% 78
\BOOKMARK [1][-]{section.5}{\376\377\000W\000o\000r\000k\000s\000h\000e\000e\000t\000\040\0002}{}% 79
\BOOKMARK [1][-]{section.6}{\376\377\000G\000r\000a\000d\000i\000e\000n\000t\000\040\000D\000e\000s\000c\000e\000n\000t\000\040\000\050\000L\000F\000D\000:\000\040\0003\000.\0003\000,\000\040\000D\000L\000:\000\040\0008\000.\0003\000.\0001\000-\0008\000.\0003\000.\0003\000\040\000\050\000r\000e\000c\000o\000m\000m\000e\000n\000d\000e\000d\000\051}{}% 80
\BOOKMARK [2][-]{subsection.6.1}{\376\377\000P\000r\000o\000b\000l\000e\000m\000\040\000s\000e\000t\000u\000p\000\040\000f\000o\000r\000\040\000g\000r\000a\000d\000i\000e\000n\000t\000\040\000d\000e\000s\000c\000e\000n\000t}{section.6}% 81
\BOOKMARK [2][-]{subsection.6.2}{\376\377\000O\000p\000t\000i\000m\000i\000z\000a\000t\000i\000o\000n\000\040\000p\000r\000i\000m\000e\000r}{section.6}% 82
\BOOKMARK [3][-]{subsubsection.6.2.1}{\376\377\000G\000r\000a\000d\000i\000e\000n\000t\000:}{subsection.6.2}% 83
\BOOKMARK [3][-]{subsubsection.6.2.2}{\376\377\000G\000r\000a\000d\000i\000e\000n\000t\000\040\000a\000n\000d\000\040\000o\000p\000t\000i\000m\000a\000l\000i\000t\000y\000:}{subsection.6.2}% 84
\BOOKMARK [3][-]{subsubsection.6.2.3}{\376\377\000C\000o\000n\000v\000e\000x\000\040\000f\000u\000n\000c\000t\000i\000o\000n\000s\000:}{subsection.6.2}% 85
\BOOKMARK [3][-]{subsubsection.6.2.4}{\376\377\000C\000h\000a\000i\000n\000\040\000r\000u\000l\000e}{subsection.6.2}% 86
\BOOKMARK [2][-]{subsection.6.3}{\376\377\000S\000i\000m\000p\000l\000e\000\040\000a\000l\000g\000o\000r\000i\000t\000h\000m\000\040\000t\000o\000\040\000f\000i\000n\000d\000\040\000m\000i\000n\000\040\000f\000\050\000x\000\051\000\040\000f\000o\000r\000\040\0001\000D}{section.6}% 87
\BOOKMARK [2][-]{subsection.6.4}{\376\377\000S\000i\000m\000p\000l\000e\000\040\000a\000l\000g\000o\000r\000i\000t\000h\000m\000\040\000t\000o\000\040\000f\000i\000n\000d\000\040\000m\000i\000n\000\040\000f\000\050\000x\000\051\000\040\000f\000o\000r\000\040\000N\000D\000\040\000s\000p\000a\000c\000e}{section.6}% 88
\BOOKMARK [3][-]{subsubsection.6.4.1}{\376\377\0002\000D\000\040\000s\000p\000a\000c\000e}{subsection.6.4}% 89
\BOOKMARK [2][-]{subsection.6.5}{\376\377\000G\000r\000a\000d\000i\000e\000n\000t\000\040\000d\000e\000s\000c\000e\000n\000t\000\040\000a\000l\000g\000o\000r\000i\000t\000h\000m}{section.6}% 90
\BOOKMARK [2][-]{subsection.6.6}{\376\377\000G\000r\000a\000d\000i\000e\000n\000t\000\040\000d\000e\000s\000c\000e\000n\000t\000\040\000p\000e\000r\000f\000o\000r\000m\000a\000n\000c\000e}{section.6}% 91
\BOOKMARK [2][-]{subsection.6.7}{\376\377\000U\000s\000i\000n\000g\000\040\000G\000r\000a\000d\000i\000e\000n\000t\000\040\000D\000e\000s\000c\000e\000n\000t\000\040\000f\000o\000r\000\040\000L\000o\000g\000i\000s\000t\000i\000c\000\040\000R\000e\000g\000r\000e\000s\000s\000i\000o\000n}{section.6}% 92
\BOOKMARK [2][-]{subsection.6.8}{\376\377\000S\000t\000o\000c\000h\000a\000s\000t\000i\000c\000\040\000G\000r\000a\000d\000i\000e\000n\000t\000\040\000D\000e\000s\000c\000e\000n\000t\000\040\000\050\000S\000G\000D\000\051}{section.6}% 93
\BOOKMARK [3][-]{subsubsection.6.8.1}{\376\377\000g\000t\000\040\000o\000f\000\040\000S\000G\000D\000\040\000i\000s\000\040\000a\000n\000\040\000u\000n\000b\000i\000a\000s\000e\000d\000\040\000e\000s\000t\000i\000m\000a\000t\000e\000\040\000o\000f\000\040\000g\000r\000a\000d\000i\000e\000n\000t\000\040\000o\000f\000\040\000e\000r\000r\000o\000r}{subsection.6.8}% 94
\BOOKMARK [3][-]{subsubsection.6.8.2}{\376\377\000F\000u\000l\000l\000\040\000G\000D\000\040\000c\000o\000m\000p\000l\000e\000x\000i\000t\000y\000\040\000v\000s\000.\000\040\000S\000G\000D\000\040\000c\000o\000m\000p\000l\000e\000x\000i\000t\000y}{subsection.6.8}% 95
\BOOKMARK [3][-]{subsubsection.6.8.3}{\376\377\000M\000i\000n\000i\000-\000b\000a\000t\000c\000h\000\040\000G\000D\000\040\000i\000s\000\040\000f\000u\000l\000l\000-\000b\000a\000t\000c\000h\000\040\000G\000D\000\040\000c\000o\000m\000b\000i\000n\000e\000d\000\040\000w\000i\000t\000h\000\040\000S\000G\000D}{subsection.6.8}% 96
\BOOKMARK [2][-]{subsection.6.9}{\376\377\000P\000L\000A\000\040\000i\000s\000\040\000a\000n\000\040\000E\000x\000t\000r\000e\000m\000e\000r\000\040\000V\000e\000r\000s\000i\000o\000n\000\040\000o\000f\000\040\000L\000o\000g\000i\000s\000t\000i\000c\000\040\000R\000e\000g\000r\000e\000s\000s\000i\000o\000n\000\040\000w\000i\000t\000h\000\040\000S\000G\000D}{section.6}% 97
\BOOKMARK [2][-]{subsection.6.10}{\376\377\000M\000u\000l\000t\000i\000c\000l\000a\000s\000s\000\040\000L\000o\000g\000i\000s\000t\000i\000c\000\040\000R\000e\000g\000r\000e\000s\000s\000i\000o\000n}{section.6}% 98
\BOOKMARK [2][-]{subsection.6.11}{\376\377\000S\000G\000D\000\040\000u\000p\000d\000a\000t\000e}{section.6}% 99
\BOOKMARK [2][-]{subsection.6.12}{\376\377\000C\000o\000m\000p\000u\000t\000i\000n\000g\000\040\000g\000r\000a\000d\000i\000e\000n\000t\000\040\000o\000f\000\040\000e\000r\000r\000o\000r}{section.6}% 100
\BOOKMARK [2][-]{subsection.6.13}{\376\377\000S\000o\000f\000t\000m\000a\000x\000\040\000L\000o\000g\000i\000s\000t\000i\000c\000\040\000R\000e\000g\000r\000e\000s\000s\000i\000o\000n\000\040\000f\000o\000r\000\040\000B\000i\000n\000a\000r\000y\000\040\000C\000l\000a\000s\000s\000i\000f\000i\000c\000a\000t\000i\000o\000n}{section.6}% 101
\BOOKMARK [2][-]{subsection.6.14}{\376\377\000C\000a\000n\000\040\000w\000e\000\040\000u\000s\000e\000\040\000G\000D\000/\000S\000G\000D\000\040\000f\000o\000r\000\040\000L\000i\000n\000e\000a\000r\000\040\000R\000e\000g\000r\000e\000s\000s\000i\000o\000n\000?\000\040\000Y\000e\000s\000,\000\040\000y\000o\000u\000\040\000c\000a\000n}{section.6}% 102
\BOOKMARK [2][-]{subsection.6.15}{\376\377\000N\000o\000n\000-\000c\000o\000n\000v\000e\000x\000\040\000f\000u\000n\000c\000t\000i\000o\000n\000s}{section.6}% 103
\BOOKMARK [3][-]{subsubsection.6.15.1}{\376\377\000S\000a\000d\000d\000l\000e\000\040\000p\000o\000i\000n\000t\000s}{subsection.6.15}% 104
\BOOKMARK [2][-]{subsection.6.16}{\376\377\000S\000G\000D\000\040\000w\000i\000t\000h\000\040\000M\000o\000m\000e\000n\000t\000u\000m\000\040\000\050\000h\000e\000a\000v\000y\000\040\000b\000a\000l\000l\000\040\000m\000o\000m\000e\000n\000t\000u\000m\000\051}{section.6}% 105
\BOOKMARK [3][-]{subsubsection.6.16.1}{\376\377\000H\000o\000w\000\040\000d\000o\000e\000s\000\040\000m\000o\000m\000e\000n\000t\000u\000m\000\040\000h\000e\000l\000p\000?}{subsection.6.16}% 106
\BOOKMARK [3][-]{subsubsection.6.16.2}{\376\377\000N\000e\000s\000t\000r\000o\000v\000\040\000M\000o\000m\000e\000n\000t\000u\000m}{subsection.6.16}% 107
\BOOKMARK [1][-]{section.7}{\376\377\000W\000o\000r\000k\000s\000h\000e\000e\000t\000\040\0003}{}% 108
\BOOKMARK [2][-]{subsection.7.1}{\376\377\000S\000t\000e\000p\000s\000\040\000t\000o\000\040\000C\000a\000l\000c\000u\000l\000a\000t\000e\000\040\000t\000h\000e\000\040\000C\000h\000a\000r\000a\000c\000t\000e\000r\000i\000s\000t\000i\000c\000\040\000P\000o\000l\000y\000n\000o\000m\000i\000a\000l\000\040\000o\000f\000\040\000a\000\040\000M\000a\000t\000r\000i\000x}{section.7}% 109
\BOOKMARK [2][-]{subsection.7.2}{\376\377\000S\000t\000e\000p\000s\000\040\000t\000o\000\040\000C\000a\000l\000c\000u\000l\000a\000t\000e\000\040\000t\000h\000e\000\040\000E\000i\000g\000e\000n\000v\000e\000c\000t\000o\000r\000s\000\040\000o\000f\000\040\000a\000\040\000M\000a\000t\000r\000i\000x}{section.7}% 110
\BOOKMARK [2][-]{subsection.7.3}{\376\377\000G\000a\000u\000s\000s\000i\000a\000n\000\040\000E\000l\000i\000m\000i\000n\000a\000t\000i\000o\000n\000\040\000w\000i\000t\000h\000\040\000M\000a\000t\000r\000i\000x\000\040\000V\000i\000s\000u\000a\000l\000i\000z\000a\000t\000i\000o\000n}{section.7}% 111
\BOOKMARK [2][-]{subsection.7.4}{\376\377\000E\000i\000g\000e\000n\000v\000a\000l\000u\000e\000\040\000D\000e\000c\000o\000m\000p\000o\000s\000i\000t\000i\000o\000n\000\040\000o\000f\000\040\000a\000\040\000M\000a\000t\000r\000i\000x}{section.7}% 112
\BOOKMARK [2][-]{subsection.7.5}{\376\377\000S\000i\000n\000g\000u\000l\000a\000r\000\040\000V\000a\000l\000u\000e\000\040\000D\000e\000c\000o\000m\000p\000o\000s\000i\000t\000i\000o\000n\000\040\000\050\000S\000V\000D\000\051}{section.7}% 113
\BOOKMARK [1][-]{section.8}{\376\377\000U\000n\000s\000u\000p\000e\000r\000v\000i\000s\000e\000d\000\040\000L\000e\000a\000r\000n\000i\000n\000g\000,\000\040\000C\000l\000u\000s\000t\000e\000r\000i\000n\000g\000,\000\040\000K\000-\000m\000e\000a\000n\000s\000\040\000c\000l\000u\000s\000t\000e\000r\000i\000n\000g\000,\000\040\000D\000e\000n\000s\000i\000t\000y\000\040\000E\000s\000t\000i\000m\000a\000t\000i\000o\000n\000,\000\040\000M\000i\000x\000t\000u\000r\000e\000\040\000o\000f\000\040\000G\000a\000u\000s\000s\000i\000a\000n\000s\000,\000\040\000H\000a\000r\000d\000-\000a\000s\000s\000i\000g\000n\000m\000e\000n\000t\000\040\000l\000e\000a\000r\000n\000i\000n\000g\000\040\000o\000f\000\040\000M\000o\000G\000,\000\040\000E\000M\000:\000\040\000S\000o\000f\000t\000\040\000a\000s\000s\000i\000g\000n\000m\000e\000n\000t\000\040\000\050\000P\000R\000M\000L\000:\000\040\0009\000.\0001\000-\0002\000\051}{}% 114
\BOOKMARK [2][-]{subsection.8.1}{\376\377\000S\000u\000m\000m\000a\000r\000y}{section.8}% 115
\BOOKMARK [2][-]{subsection.8.2}{\376\377\000S\000u\000p\000e\000r\000v\000i\000s\000e\000d\000\040\000v\000s\000.\000\040\000U\000n\000s\000u\000p\000e\000r\000v\000i\000s\000e\000d\000\040\000L\000e\000a\000r\000n\000i\000n\000g}{section.8}% 116
\BOOKMARK [2][-]{subsection.8.3}{\376\377\000K\000-\000m\000e\000a\000n\000s\000\040\000C\000l\000u\000s\000t\000e\000r\000i\000n\000g}{section.8}% 117
\BOOKMARK [3][-]{subsubsection.8.3.1}{\376\377\000K\000-\000m\000e\000a\000n\000s\000\040\000E\000r\000r\000o\000r\000\040\000F\000u\000n\000c\000t\000i\000o\000n}{subsection.8.3}% 118
\BOOKMARK [3][-]{subsubsection.8.3.2}{\376\377\000A\000l\000g\000o\000r\000i\000t\000h\000m}{subsection.8.3}% 119
\BOOKMARK [3][-]{subsubsection.8.3.3}{\376\377\000I\000l\000l\000u\000s\000t\000r\000a\000t\000i\000o\000n}{subsection.8.3}% 120
\BOOKMARK [3][-]{subsubsection.8.3.4}{\376\377\000E\000r\000r\000o\000r\000\040\000M\000i\000n\000i\000m\000i\000z\000a\000t\000i\000o\000n\000\040\000E\000x\000a\000m\000p\000l\000e}{subsection.8.3}% 121
\BOOKMARK [3][-]{subsubsection.8.3.5}{\376\377\000W\000h\000a\000t\000'\000s\000\040\000w\000r\000o\000n\000g\000\040\000w\000i\000t\000h\000\040\000k\000-\000m\000e\000a\000n\000s}{subsection.8.3}% 122
\BOOKMARK [2][-]{subsection.8.4}{\376\377\000M\000i\000x\000t\000u\000r\000e\000\040\000o\000f\000\040\000G\000a\000u\000s\000s\000i\000a\000n\000s}{section.8}% 123
\BOOKMARK [3][-]{subsubsection.8.4.1}{\376\377\000N\000o\000r\000m\000a\000l\000\040\000D\000i\000s\000t\000r\000i\000b\000u\000t\000i\000o\000n}{subsection.8.4}% 124
\BOOKMARK [3][-]{subsubsection.8.4.2}{\376\377\000V\000i\000s\000u\000a\000l\000i\000z\000a\000t\000i\000o\000n}{subsection.8.4}% 125
\BOOKMARK [3][-]{subsubsection.8.4.3}{\376\377\000E\000x\000a\000m\000p\000l\000e\000:\000\040\0002\000D\000\040\000G\000a\000u\000s\000s\000i\000a\000n}{subsection.8.4}% 126
\BOOKMARK [3][-]{subsubsection.8.4.4}{\376\377\000S\000c\000a\000l\000a\000r\000\040\000E\000x\000a\000m\000p\000l\000e}{subsection.8.4}% 127
\BOOKMARK [3][-]{subsubsection.8.4.5}{\376\377\000E\000x\000a\000m\000p\000l\000e\000:\000\040\000M\000i\000x\000t\000u\000r\000e\000\040\000o\000f\000\040\0003\000\040\000G\000a\000u\000s\000s\000i\000a\000n\000s}{subsection.8.4}% 128
\BOOKMARK [3][-]{subsubsection.8.4.6}{\376\377\000L\000i\000k\000e\000l\000i\000h\000o\000o\000d\000\040\000o\000f\000\040\000D\000a\000t\000a}{subsection.8.4}% 129
\BOOKMARK [3][-]{subsubsection.8.4.7}{\376\377\000R\000e\000l\000a\000t\000i\000n\000g\000\040\000k\000-\000m\000e\000a\000n\000s\000\040\000a\000n\000d\000\040\000M\000o\000G}{subsection.8.4}% 130
\BOOKMARK [3][-]{subsubsection.8.4.8}{\376\377\000L\000e\000a\000r\000n\000i\000n\000g\000\040\000a\000\040\000M\000o\000G}{subsection.8.4}% 131
\BOOKMARK [3][-]{subsubsection.8.4.9}{\376\377\000H\000a\000r\000d\000-\000A\000s\000s\000i\000g\000n\000m\000e\000n\000t\000\040\000L\000e\000a\000r\000n\000i\000n\000g\000\040\000o\000f\000\040\000M\000o\000G}{subsection.8.4}% 132
\BOOKMARK [3][-]{subsubsection.8.4.10}{\376\377\000E\000M\000:\000\040\000S\000o\000f\000t\000\040\000A\000s\000s\000i\000g\000n\000m\000e\000n\000t}{subsection.8.4}% 133
\BOOKMARK [3][-]{subsubsection.8.4.11}{\376\377\000T\000r\000a\000n\000s\000f\000o\000r\000m}{subsection.8.4}% 134
\BOOKMARK [3][-]{subsubsection.8.4.12}{\376\377\000E\000x\000a\000m\000p\000l\000e\000\040\000o\000f\000\040\000E\000M}{subsection.8.4}% 135
\BOOKMARK [1][-]{section.9}{\376\377\000D\000L\000,\000\040\000N\000e\000u\000r\000a\000l\000\040\000N\000e\000t\000w\000o\000r\000k\000s\000,\000\040\000A\000u\000t\000o\000e\000n\000c\000o\000d\000e\000r\000s\000,\000\040\000F\000o\000r\000w\000a\000r\000d\000\040\000P\000r\000o\000p\000o\000g\000a\000t\000i\000o\000n\000,\000\040\000B\000a\000c\000k\000p\000r\000o\000p\000a\000g\000a\000t\000i\000o\000n\000\040\000\050\000L\000F\000D\000:\000\040\0007\000.\0001\000-\0007\000.\0002\000,\000\040\000D\000L\000:\000\040\000C\000h\000.\000\040\0001\0004\000\051}{}% 136
\BOOKMARK [2][-]{subsection.9.1}{\376\377\000S\000u\000m\000m\000a\000r\000y}{section.9}% 137
\BOOKMARK [2][-]{subsection.9.2}{\376\377\000M\000o\000t\000i\000v\000a\000t\000i\000o\000n\000\040\000f\000o\000r\000\040\000n\000e\000u\000r\000a\000l\000\040\000n\000e\000t\000w\000o\000r\000k\000s}{section.9}% 138
\BOOKMARK [3][-]{subsubsection.9.2.1}{\376\377\000L\000i\000m\000i\000t\000a\000t\000i\000o\000n\000\040\000o\000f\000\040\000p\000e\000r\000c\000e\000p\000t\000r\000o\000n}{subsection.9.2}% 139
\BOOKMARK [3][-]{subsubsection.9.2.2}{\376\377\000D\000e\000c\000o\000m\000p\000o\000s\000i\000n\000g\000\040\000a\000\040\000c\000o\000m\000p\000l\000e\000x\000\040\000p\000r\000o\000b\000l\000e\000m}{subsection.9.2}% 140
\BOOKMARK [3][-]{subsubsection.9.2.3}{\376\377\000R\000e\000p\000r\000e\000s\000e\000n\000t\000i\000n\000g\000\040\000a\000s\000\040\000a\000\040\000m\000u\000l\000t\000i\000l\000a\000y\000e\000r\000\040\000p\000e\000r\000c\000e\000p\000t\000r\000o\000n}{subsection.9.2}% 141
\BOOKMARK [2][-]{subsection.9.3}{\376\377\000D\000i\000f\000f\000e\000r\000e\000n\000t\000i\000a\000b\000l\000e\000\040\000a\000c\000t\000i\000v\000a\000t\000i\000o\000n\000\040\000f\000u\000n\000c\000t\000i\000o\000n\000s}{section.9}% 142
\BOOKMARK [2][-]{subsection.9.4}{\376\377\000N\000e\000u\000r\000a\000l\000\040\000n\000e\000t\000w\000o\000r\000k}{section.9}% 143
\BOOKMARK [3][-]{subsubsection.9.4.1}{\376\377\000A\000p\000p\000l\000i\000c\000a\000t\000i\000o\000n\000:\000\040\000A\000r\000b\000i\000t\000r\000a\000r\000y\000\040\0001\000D\000\040\000F\000u\000n\000c\000t\000i\000o\000n\000\040\000A\000p\000p\000r\000o\000x\000i\000m\000a\000t\000i\000o\000n}{subsection.9.4}% 144
\BOOKMARK [2][-]{subsection.9.5}{\376\377\000D\000L\000\040\000i\000n\000\040\000G\000e\000n\000o\000m\000i\000c\000s\000\040\000\050\000R\000e\000a\000l\000-\000l\000i\000f\000e\000\040\000e\000x\000a\000m\000p\000l\000e\000s\000\051}{section.9}% 145
\BOOKMARK [2][-]{subsection.9.6}{\376\377\000M\000o\000s\000t\000l\000y\000\040\000c\000o\000m\000p\000l\000e\000t\000e\000\040\000c\000h\000a\000r\000t\000\040\000o\000f\000\040\000N\000N}{section.9}% 146
\BOOKMARK [2][-]{subsection.9.7}{\376\377\000F\000o\000r\000w\000a\000r\000d\000\040\000p\000r\000o\000p\000o\000g\000a\000t\000i\000o\000n}{section.9}% 147
\BOOKMARK [2][-]{subsection.9.8}{\376\377\000B\000a\000c\000k\000w\000a\000r\000d\000\040\000P\000r\000o\000p\000o\000g\000a\000t\000i\000o\000n}{section.9}% 148
\BOOKMARK [3][-]{subsubsection.9.8.1}{\376\377\000L\000e\000a\000r\000n\000i\000n\000g\000\040\000N\000N\000s}{subsection.9.8}% 149
\BOOKMARK [3][-]{subsubsection.9.8.2}{\376\377\000D\000e\000r\000i\000v\000i\000n\000g\000\040\000B\000a\000c\000k\000w\000a\000r\000d\000\040\000P\000r\000o\000p\000.}{subsection.9.8}% 150
\BOOKMARK [3][-]{subsubsection.9.8.3}{\376\377\000B\000a\000c\000k\000w\000a\000r\000d\000\040\000P\000r\000o\000p\000o\000g\000a\000t\000i\000o\000n\000\040\000O\000v\000e\000r\000v\000i\000e\000w\000\040\000\050\000P\000r\000e\000-\000a\000c\000t\000i\000v\000a\000t\000i\000o\000n\000\040\000V\000a\000l\000u\000e\000s\000\051\000:}{subsection.9.8}% 151
\BOOKMARK [3][-]{subsubsection.9.8.4}{\376\377\000R\000e\000w\000r\000i\000t\000i\000n\000g\000\040\000i\000n\000\040\000T\000e\000r\000m\000s\000\040\000o\000f\000\040\000P\000o\000s\000t\000-\000A\000c\000t\000i\000v\000a\000t\000i\000o\000n\000\040\000V\000a\000l\000u\000e\000s}{subsection.9.8}% 152
\BOOKMARK [3][-]{subsubsection.9.8.5}{\376\377\000R\000e\000l\000a\000t\000i\000o\000n\000s\000h\000i\000p\000\040\000t\000o\000\040\000p\000e\000r\000c\000e\000p\000t\000r\000o\000n\000\040\000l\000e\000a\000r\000n\000i\000n\000g}{subsection.9.8}% 153
\BOOKMARK [2][-]{subsection.9.9}{\376\377\000S\000G\000D}{section.9}% 154
\BOOKMARK [3][-]{subsubsection.9.9.1}{\376\377\000L\000o\000c\000a\000l\000\040\000m\000i\000n\000i\000m\000a}{subsection.9.9}% 155
\BOOKMARK [3][-]{subsubsection.9.9.2}{\376\377\000E\000x\000a\000m\000p\000l\000e}{subsection.9.9}% 156
\BOOKMARK [1][-]{section.10}{\376\377\000D\000L\000\040\000i\000n\000\040\000P\000r\000a\000c\000t\000i\000c\000e\000,\000\040\000C\000h\000o\000i\000c\000e\000\040\000o\000f\000\040\000A\000c\000t\000i\000v\000a\000t\000i\000o\000n\000\040\000F\000u\000n\000c\000t\000i\000o\000n\000s\000,\000\040\000I\000n\000p\000u\000t\000\040\000P\000r\000e\000p\000r\000o\000c\000e\000s\000s\000i\000n\000g\000,\000\040\000W\000e\000i\000g\000h\000t\000\040\000I\000n\000i\000t\000i\000a\000l\000i\000z\000a\000t\000i\000o\000n\000,\000\040\000D\000r\000o\000p\000o\000u\000t\000,\000\040\000V\000a\000r\000i\000a\000t\000i\000o\000n\000\040\000o\000f\000\040\000S\000G\000D\000\040\000\050\000L\000F\000D\000:\000\040\0007\000.\0002\000,\000\040\000D\000L\000:\000\040\0007\000.\0001\0002\000,\000\040\0008\000.\0004\000,\000\040\0008\000.\0005\000\040\000\050\000r\000e\000c\000o\000m\000m\000e\000n\000d\000e\000d\000\051\000\051}{}% 157
\BOOKMARK [2][-]{subsection.10.1}{\376\377\000D\000e\000e\000p\000\040\000L\000e\000a\000r\000n\000i\000n\000g\000\040\000i\000n\000\040\000P\000r\000a\000c\000t\000i\000c\000e\000:}{section.10}% 158
\BOOKMARK [2][-]{subsection.10.2}{\376\377\000D\000L\000\040\000i\000n\000\040\000P\000r\000a\000c\000t\000i\000c\000e\000:\000\040\000I\000n\000i\000t\000i\000a\000l\000i\000z\000a\000t\000i\000o\000n\000\040\000o\000f\000\040\000W\000e\000i\000g\000h\000t\000s\000\040\000a\000n\000d\000\040\000B\000i\000a\000s\000e\000s}{section.10}% 159
\BOOKMARK [3][-]{subsubsection.10.2.1}{\376\377\000G\000l\000o\000r\000o\000t\000\040\000a\000n\000d\000\040\000B\000e\000r\000g\000i\000o}{subsection.10.2}% 160
\BOOKMARK [2][-]{subsection.10.3}{\376\377\000A\000v\000o\000i\000d\000i\000n\000g\000\040\000o\000v\000e\000r\000f\000i\000t\000t\000i\000n\000g\000\040\000\050\000D\000L\000\040\000i\000n\000\040\000P\000r\000a\000c\000t\000i\000c\000e\000:\000\040\000T\000r\000a\000i\000n\000,\000\040\000v\000a\000l\000i\000d\000a\000t\000i\000o\000n\000,\000\040\000t\000e\000s\000t\000,\000\040\000s\000t\000o\000p\000p\000i\000n\000g\000\040\000c\000r\000i\000t\000e\000r\000i\000o\000n\000,\000\040\000w\000e\000i\000g\000h\000t\000\040\000r\000e\000g\000u\000l\000a\000r\000i\000z\000a\000t\000i\000o\000n\000,\000\040\000d\000r\000o\000p\000o\000u\000t\000,\000\040\040\046\000\051}{section.10}% 161
\BOOKMARK [2][-]{subsection.10.4}{\376\377\000W\000a\000s\000t\000e\000d\000\040\000a\000n\000d\000\040\000S\000t\000u\000c\000k\000\040\000U\000n\000i\000t\000s}{section.10}% 162
\BOOKMARK [3][-]{subsubsection.10.4.1}{\376\377\000D\000r\000o\000p\000o\000u\000t\000\040\000\050\000S\000o\000l\000u\000t\000i\000o\000n\000\040\000t\000o\000\040\000W\000a\000s\000t\000e\000d\000\040\000a\000n\000d\000\040\000S\000t\000u\000c\000k\000\040\000U\000n\000i\000t\000s\000\051}{subsection.10.4}% 163
\BOOKMARK [3][-]{subsubsection.10.4.2}{\376\377\000D\000r\000o\000p\000o\000u\000t\000:\000\040\000C\000o\000o\000p\000e\000r\000a\000t\000i\000o\000n\000\040\000a\000n\000d\000\040\000E\000x\000p\000o\000n\000e\000n\000t\000i\000a\000l\000\040\000B\000a\000g\000g\000i\000n\000g}{subsection.10.4}% 164
\BOOKMARK [1][-]{section.11}{\376\377\000C\000N\000N\000\040\000\046\000\040\000R\000N\000N\000,\000\040\000T\000r\000a\000n\000s\000.\000\040\000\046\000\040\000S\000e\000q\0002\000S\000e\000q\000\040\000M\000o\000d\000e\000l\000s\000,\000\040\000L\000M\000,\000\040\000L\000S\000T\000M\000,\000\040\000T\000r\000a\000n\000s\000.\000\040\000\046\000\040\000A\000t\000t\000.\000\040\000\050\000C\000N\000N\000:\000\040\000P\000R\000M\000L\000\040\0005\000.\0005\000.\0006\000,\000\040\000D\000L\000\040\0009\000;\000\040\000R\000N\000N\000:\000\040\000D\000L\000\040\0001\0000\000.\0001\000,\0001\0000\000.\0002\000;\000\040\000S\000e\000q\0002\000S\000e\000q\000:\000\040\000D\000L\000\040\0001\0000\000.\0004\000;\000\040\000L\000S\000T\000M\000:\000\040\000D\000L\000\040\0001\0000\000.\0001\0000\000;\000\040\000T\000r\000a\000n\000s\000.\000\040\000\046\000\040\000A\000t\000t\000.\000:\000\040\000S\000L\000P\000\040\0009\000\051}{}% 165
\BOOKMARK [2][-]{subsection.11.1}{\376\377\000C\000o\000n\000v\000o\000l\000u\000t\000i\000o\000n\000a\000l\000\040\000N\000e\000u\000r\000a\000l\000\040\000N\000e\000t\000w\000o\000r\000k\000s\000\040\000\050\000D\000L\000\040\000i\000n\000\040\000P\000r\000a\000c\000t\000i\000c\000e\000:\000\040\000W\000e\000i\000g\000h\000t\000\040\000R\000e\000g\000u\000l\000a\000r\000i\000z\000a\000t\000i\000o\000n\000\051}{section.11}% 166
\BOOKMARK [3][-]{subsubsection.11.1.1}{\376\377\000L\000e\000C\000u\000n\000,\000\040\0001\0009\0008\0009}{subsection.11.1}% 167
\BOOKMARK [3][-]{subsubsection.11.1.2}{\376\377\000W\000e\000i\000g\000h\000t\000\040\000S\000h\000a\000r\000i\000n\000g}{subsection.11.1}% 168
\BOOKMARK [3][-]{subsubsection.11.1.3}{\376\377\000W\000e\000i\000g\000h\000t\000\040\000s\000h\000a\000r\000i\000n\000g\000:\000\040\000L\000e\000a\000r\000n\000i\000n\000g}{subsection.11.1}% 169
\BOOKMARK [3][-]{subsubsection.11.1.4}{\376\377\000U\000p\000d\000a\000t\000e\000d\000\040\000F\000o\000r\000w\000a\000r\000d\000\040\000a\000n\000d\000\040\000B\000a\000c\000k\000p\000r\000o\000p\000a\000g\000a\000t\000i\000o\000n\000\040\000f\000o\000r\000\040\000W\000e\000i\000g\000h\000t\000\040\000S\000h\000a\000r\000i\000n\000g\000:\000\040\000L\000e\000a\000r\000n\000i\000n\000g}{subsection.11.1}% 170
\BOOKMARK [2][-]{subsection.11.2}{\376\377\000R\000e\000c\000u\000r\000r\000e\000n\000t\000\040\000n\000e\000u\000r\000a\000l\000\040\000n\000e\000t\000w\000o\000r\000k\000s\000\040\000\050\000D\000L\000\040\000i\000n\000\040\000P\000r\000a\000c\000t\000i\000c\000e\000:\000\040\000A\000r\000c\000h\000i\000t\000e\000c\000t\000u\000r\000e\000\040\000C\000h\000o\000i\000c\000e\000s\000\051}{section.11}% 171
\BOOKMARK [3][-]{subsubsection.11.2.1}{\376\377\000I\000m\000p\000r\000o\000v\000i\000n\000g\000\040\000R\000N\000N\000\040\000a\000s\000\040\000S\000e\000q\000u\000e\000n\000c\000e\000\040\000G\000e\000n\000e\000r\000a\000t\000o\000r\000s}{subsection.11.2}% 172
\BOOKMARK [3][-]{subsubsection.11.2.2}{\376\377\000T\000h\000e\000\040\000P\000r\000o\000b\000l\000e\000m\000\040\000o\000f\000\040\000V\000a\000n\000i\000s\000h\000i\000n\000g\000\040\000G\000r\000a\000d\000i\000e\000n\000t\000s}{subsection.11.2}% 173
\BOOKMARK [2][-]{subsection.11.3}{\376\377\000L\000S\000T\000M\000s\000:\000\040\000L\000o\000n\000g\000\040\000S\000h\000o\000r\000t\000-\000T\000e\000r\000m\000\040\000M\000e\000m\000o\000r\000y\000\040\000C\000e\000l\000l\000s\000\040\000\050\000D\000L\000\040\000i\000n\000\040\000P\000r\000a\000c\000t\000i\000c\000e\000:\000\040\000A\000r\000c\000h\000i\000t\000e\000c\000t\000u\000r\000e\000\040\000C\000h\000o\000i\000c\000e\000s\000\051}{section.11}% 174
\BOOKMARK [2][-]{subsection.11.4}{\376\377\000T\000r\000a\000n\000s\000f\000o\000r\000m\000e\000r\000s}{section.11}% 175
\BOOKMARK [3][-]{subsubsection.11.4.1}{\376\377\000T\000o\000k\000e\000n\000i\000z\000a\000t\000i\000o\000n\000\040\000\050\000P\000r\000e\000-\000p\000r\000o\000c\000e\000s\000s\000i\000n\000g\000\040\000S\000t\000e\000p\000\051}{subsection.11.4}% 176
\BOOKMARK [3][-]{subsubsection.11.4.2}{\376\377\000A\000t\000t\000e\000n\000t\000i\000o\000n\000\040\000\050\000S\000L\000P\000\040\0009\000\051}{subsection.11.4}% 177
\BOOKMARK [3][-]{subsubsection.11.4.3}{\376\377\000T\000r\000a\000n\000s\000f\000o\000r\000m\000e\000r\000s\000\040\000\050\000S\000L\000P\000\040\0009\000\051}{subsection.11.4}% 178
\BOOKMARK [3][-]{subsubsection.11.4.4}{\376\377\000M\000u\000l\000t\000i\000-\000H\000e\000a\000d\000\040\000A\000t\000t\000e\000n\000t\000i\000o\000n}{subsection.11.4}% 179
\BOOKMARK [3][-]{subsubsection.11.4.5}{\376\377\000R\000e\000s\000i\000d\000u\000a\000l\000\040\000S\000t\000r\000e\000a\000m\000s}{subsection.11.4}% 180
\BOOKMARK [3][-]{subsubsection.11.4.6}{\376\377\000P\000u\000t\000t\000i\000n\000g\000\040\000i\000t\000\040\000a\000l\000l\000\040\000t\000o\000g\000e\000t\000h\000e\000r}{subsection.11.4}% 181
\BOOKMARK [2][-]{subsection.11.5}{\376\377\000G\000u\000e\000s\000s\000\040\000L\000e\000c\000t\000u\000r\000e\000\040\000\043\0001}{section.11}% 182
\BOOKMARK [1][-]{section.12}{\376\377\000M\000a\000r\000k\000o\000v\000\040\000D\000e\000c\000i\000s\000i\000o\000n\000\040\000P\000r\000o\000c\000e\000s\000s\000\040\000\050\000A\000I\000M\000A\000:\000\040\0001\0006\000\051}{}% 183
\BOOKMARK [2][-]{subsection.12.1}{\376\377\000O\000v\000e\000r\000v\000i\000e\000w\000\040\000o\000f\000\040\000P\000a\000r\000t\000\040\0001}{section.12}% 184
\BOOKMARK [2][-]{subsection.12.2}{\376\377\000H\000o\000w\000\040\000t\000o\000\040\000m\000a\000k\000e\000\040\000g\000o\000o\000d\000\040\000d\000e\000c\000i\000s\000i\000o\000n\000\040\000f\000r\000o\000m\000\040\000l\000i\000m\000i\000t\000e\000d\000\040\000e\000x\000p\000e\000r\000i\000e\000n\000c\000e\000/\000d\000a\000t\000a}{section.12}% 185
\BOOKMARK [2][-]{subsection.12.3}{\376\377\000S\000o\000m\000e\000\040\000i\000m\000p\000r\000e\000s\000s\000i\000v\000e\000\040\000s\000u\000c\000c\000e\000s\000s\000e\000s\000\040\000i\000n\000\040\000t\000h\000e\000\040\000l\000a\000s\000t\000\040\000d\000e\000c\000a\000d\000e}{section.12}% 186
\BOOKMARK [2][-]{subsection.12.4}{\376\377\000W\000h\000a\000t\000\040\000d\000o\000e\000s\000\040\000R\000L\000\040\000g\000e\000n\000e\000r\000a\000l\000l\000y\000\040\000i\000n\000v\000o\000l\000v\000e\000?}{section.12}% 187
\BOOKMARK [3][-]{subsubsection.12.4.1}{\376\377\000O\000p\000t\000i\000m\000i\000z\000a\000t\000i\000o\000n}{subsection.12.4}% 188
\BOOKMARK [3][-]{subsubsection.12.4.2}{\376\377\000D\000e\000l\000a\000y\000e\000d\000\040\000C\000o\000n\000s\000e\000q\000u\000e\000n\000c\000e\000s}{subsection.12.4}% 189
\BOOKMARK [3][-]{subsubsection.12.4.3}{\376\377\000E\000x\000p\000l\000o\000r\000a\000t\000i\000o\000n}{subsection.12.4}% 190
\BOOKMARK [3][-]{subsubsection.12.4.4}{\376\377\000G\000e\000n\000e\000r\000a\000l\000i\000z\000a\000t\000i\000o\000n}{subsection.12.4}% 191
\BOOKMARK [3][-]{subsubsection.12.4.5}{\376\377\000R\000L\000\040\000v\000s\000.\000\040\000A\000I\000\040\000p\000l\000a\000n\000n\000i\000n\000g\000\040\000v\000s\000.\000\040\000\050\000u\000n\000\051\000s\000u\000p\000e\000r\000v\000i\000s\000e\000d\000\040\000l\000e\000a\000r\000n\000i\000n\000g}{subsection.12.4}% 192
\BOOKMARK [2][-]{subsection.12.5}{\376\377\000O\000v\000e\000r\000v\000i\000e\000w\000\040\000o\000f\000\040\000P\000a\000r\000t\000\040\0002}{section.12}% 193
\BOOKMARK [2][-]{subsection.12.6}{\376\377\000S\000e\000q\000u\000e\000n\000t\000i\000a\000l\000\040\000D\000e\000c\000i\000s\000i\000o\000n\000\040\000M\000a\000k\000i\000n\000g}{section.12}% 194
\BOOKMARK [3][-]{subsubsection.12.6.1}{\376\377\000S\000e\000q\000u\000e\000n\000t\000i\000a\000l\000\040\000D\000e\000c\000i\000s\000i\000o\000n\000\040\000M\000a\000k\000i\000n\000g\000:\000\040\000A\000g\000e\000n\000t\000\040\000\046\000\040\000t\000h\000e\000\040\000W\000o\000r\000l\000d\000\040\000\050\000D\000i\000s\000c\000r\000e\000t\000e\000\040\000T\000i\000m\000e\000\051}{subsection.12.6}% 195
\BOOKMARK [3][-]{subsubsection.12.6.2}{\376\377\000H\000i\000s\000t\000o\000r\000y\000:\000\040\000S\000e\000q\000u\000e\000n\000c\000e\000\040\000o\000f\000\040\000P\000a\000s\000t\000\040\000O\000b\000s\000e\000r\000v\000a\000t\000i\000o\000n\000s\000,\000\040\000A\000c\000t\000i\000o\000n\000s\000,\000\040\000\046\000\040\000R\000e\000w\000a\000r\000d\000s}{subsection.12.6}% 196
\BOOKMARK [3][-]{subsubsection.12.6.3}{\376\377\000O\000b\000s\000e\000r\000v\000a\000t\000i\000o\000n\000\040\000v\000s\000.\000\040\000H\000i\000s\000t\000o\000r\000y\000\040\000v\000s\000.\000\040\000S\000t\000a\000t\000e}{subsection.12.6}% 197
\BOOKMARK [2][-]{subsection.12.7}{\376\377\000M\000a\000r\000k\000o\000v\000\040\000A\000s\000s\000u\000m\000p\000t\000i\000o\000n}{section.12}% 198
\BOOKMARK [3][-]{subsubsection.12.7.1}{\376\377\000W\000h\000y\000\040\000i\000s\000\040\000M\000a\000r\000k\000o\000v\000\040\000A\000s\000s\000u\000m\000p\000t\000i\000o\000n\000\040\000P\000o\000p\000u\000l\000a\000r\000?}{subsection.12.7}% 199
\BOOKMARK [2][-]{subsection.12.8}{\376\377\000D\000y\000n\000a\000m\000i\000c\000s\000\040\000M\000o\000d\000e\000l\000\040\000\046\000\040\000R\000e\000w\000a\000r\000d\000\040\000M\000o\000d\000e\000l}{section.12}% 200
\BOOKMARK [3][-]{subsubsection.12.8.1}{\376\377\000T\000r\000a\000n\000s\000i\000t\000i\000o\000n\000\040\000G\000r\000a\000p\000h}{subsection.12.8}% 201
\BOOKMARK [1][-]{section.13}{\376\377\000R\000e\000i\000n\000f\000o\000r\000c\000e\000m\000e\000n\000t\000\040\000L\000e\000a\000r\000n\000i\000n\000g\000\040\000\050\000A\000I\000M\000A\000:\000\040\0002\0003\000.\0001\000-\0002\0003\000.\0004\000\051}{}% 202
\BOOKMARK [1][-]{section.14}{\376\377\000F\000a\000i\000r\000\040\000M\000L}{}% 203
