This is pdfTeX, Version 3.141592653-2.6-1.40.26 (TeX Live 2024) (preloaded format=pdflatex 2024.6.30)  9 NOV 2024 15:37
entering extended mode
 restricted \write18 enabled.
 file:line:error style messages enabled.
 %&-line parsing enabled.
**/Users/hanheelee/Desktop/engsci_notes/01_ECE421/ECE421_Cheatsheet.tex
(/Users/hanheelee/Desktop/engsci_notes/01_ECE421/ECE421_Cheatsheet.tex
LaTeX2e <2023-11-01> patch level 1
L3 programming layer <2024-02-20>
(/usr/local/texlive/2024/texmf-dist/tex/latex/base/article.cls
Document Class: article 2023/05/17 v1.4n Standard LaTeX document class
(/usr/local/texlive/2024/texmf-dist/tex/latex/base/size10.clo
File: size10.clo 2023/05/17 v1.4n Standard LaTeX file (size option)
)
\c@part=\count188
\c@section=\count189
\c@subsection=\count190
\c@subsubsection=\count191
\c@paragraph=\count192
\c@subparagraph=\count193
\c@figure=\count194
\c@table=\count195
\abovecaptionskip=\skip48
\belowcaptionskip=\skip49
\bibindent=\dimen140
) (./style.sty (/usr/local/texlive/2024/texmf-dist/tex/latex/base/inputenc.sty
Package: inputenc 2021/02/14 v1.3d Input encoding file
\inpenc@prehook=\toks17
\inpenc@posthook=\toks18
) (/usr/local/texlive/2024/texmf-dist/tex/generic/babel/babel.sty
Package: babel 2024/02/07 v24.2 The Babel package
\babel@savecnt=\count196
\U@D=\dimen141
\l@unhyphenated=\language89
 (/usr/local/texlive/2024/texmf-dist/tex/generic/babel/txtbabel.def)
\bbl@readstream=\read2
\bbl@dirlevel=\count197
 (/usr/local/texlive/2024/texmf-dist/tex/generic/babel-english/english.ldf
Language: english 2017/06/06 v3.3r English support from the babel system
Package babel Info: Hyphen rules for 'canadian' set to \l@english
(babel)             (\language0). Reported on input line 102.
Package babel Info: Hyphen rules for 'australian' set to \l@ukenglish
(babel)             (\language23). Reported on input line 105.
Package babel Info: Hyphen rules for 'newzealand' set to \l@ukenglish
(babel)             (\language23). Reported on input line 108.
)) (/usr/local/texlive/2024/texmf-dist/tex/generic/babel/locale/en/babel-english.tex
Package babel Info: Importing font and identification data for english
(babel)             from babel-en.ini. Reported on input line 11.
) (/usr/local/texlive/2024/texmf-dist/tex/latex/geometry/geometry.sty
Package: geometry 2020/01/02 v5.9 Page Geometry
 (/usr/local/texlive/2024/texmf-dist/tex/latex/graphics/keyval.sty
Package: keyval 2022/05/29 v1.15 key=value parser (DPC)
\KV@toks@=\toks19
) (/usr/local/texlive/2024/texmf-dist/tex/generic/iftex/ifvtex.sty
Package: ifvtex 2019/10/25 v1.7 ifvtex legacy package. Use iftex instead.
 (/usr/local/texlive/2024/texmf-dist/tex/generic/iftex/iftex.sty
Package: iftex 2022/02/03 v1.0f TeX engine tests
))
\Gm@cnth=\count198
\Gm@cntv=\count199
\c@Gm@tempcnt=\count266
\Gm@bindingoffset=\dimen142
\Gm@wd@mp=\dimen143
\Gm@odd@mp=\dimen144
\Gm@even@mp=\dimen145
\Gm@layoutwidth=\dimen146
\Gm@layoutheight=\dimen147
\Gm@layouthoffset=\dimen148
\Gm@layoutvoffset=\dimen149
\Gm@dimlist=\toks20
) (/usr/local/texlive/2024/texmf-dist/tex/latex/siunitx/siunitx.sty
Package: siunitx 2024-02-15 v3.3.12 A comprehensive (SI) units package
\l__siunitx_number_uncert_offset_int=\count267
\l__siunitx_number_exponent_fixed_int=\count268
\l__siunitx_number_min_decimal_int=\count269
\l__siunitx_number_min_integer_int=\count270
\l__siunitx_number_round_precision_int=\count271
\l__siunitx_number_lower_threshold_int=\count272
\l__siunitx_number_upper_threshold_int=\count273
\l__siunitx_number_group_first_int=\count274
\l__siunitx_number_group_size_int=\count275
\l__siunitx_number_group_minimum_int=\count276
\l__siunitx_angle_tmp_dim=\dimen150
\l__siunitx_angle_marker_box=\box51
\l__siunitx_angle_unit_box=\box52
\l__siunitx_compound_count_int=\count277
 (/usr/local/texlive/2024/texmf-dist/tex/latex/translations/translations.sty
Package: translations 2022/02/05 v1.12 internationalization of LaTeX2e packages (CN)
 (/usr/local/texlive/2024/texmf-dist/tex/latex/etoolbox/etoolbox.sty
Package: etoolbox 2020/10/05 v2.5k e-TeX tools for LaTeX (JAW)
\etb@tempcnta=\count278
) (/usr/local/texlive/2024/texmf-dist/tex/generic/pdftexcmds/pdftexcmds.sty
Package: pdftexcmds 2020-06-27 v0.33 Utility functions of pdfTeX for LuaTeX (HO)
 (/usr/local/texlive/2024/texmf-dist/tex/generic/infwarerr/infwarerr.sty
Package: infwarerr 2019/12/03 v1.5 Providing info/warning/error messages (HO)
) (/usr/local/texlive/2024/texmf-dist/tex/generic/ltxcmds/ltxcmds.sty
Package: ltxcmds 2023-12-04 v1.26 LaTeX kernel commands for general use (HO)
)
Package pdftexcmds Info: \pdf@primitive is available.
Package pdftexcmds Info: \pdf@ifprimitive is available.
Package pdftexcmds Info: \pdfdraftmode found.
)) (/usr/local/texlive/2024/texmf-dist/tex/latex/amsmath/amstext.sty
Package: amstext 2021/08/26 v2.01 AMS text
 (/usr/local/texlive/2024/texmf-dist/tex/latex/amsmath/amsgen.sty
File: amsgen.sty 1999/11/30 v2.0 generic functions
\@emptytoks=\toks21
\ex@=\dimen151
))
\l__siunitx_table_tmp_box=\box53
\l__siunitx_table_tmp_dim=\dimen152
\l__siunitx_table_column_width_dim=\dimen153
\l__siunitx_table_integer_box=\box54
\l__siunitx_table_decimal_box=\box55
\l__siunitx_table_uncert_box=\box56
\l__siunitx_table_before_box=\box57
\l__siunitx_table_after_box=\box58
\l__siunitx_table_before_dim=\dimen154
\l__siunitx_table_carry_dim=\dimen155
\l__siunitx_unit_tmp_int=\count279
\l__siunitx_unit_position_int=\count280
\l__siunitx_unit_total_int=\count281
 (/usr/local/texlive/2024/texmf-dist/tex/latex/tools/array.sty
Package: array 2023/10/16 v2.5g Tabular extension package (FMi)
\col@sep=\dimen156
\ar@mcellbox=\box59
\extrarowheight=\dimen157
\NC@list=\toks22
\extratabsurround=\skip50
\backup@length=\skip51
\ar@cellbox=\box60
)) (/usr/local/texlive/2024/texmf-dist/tex/latex/amsmath/amsmath.sty
Package: amsmath 2023/05/13 v2.17o AMS math features
\@mathmargin=\skip52

For additional information on amsmath, use the `?' option.
(/usr/local/texlive/2024/texmf-dist/tex/latex/amsmath/amsbsy.sty
Package: amsbsy 1999/11/29 v1.2d Bold Symbols
\pmbraise@=\dimen158
) (/usr/local/texlive/2024/texmf-dist/tex/latex/amsmath/amsopn.sty
Package: amsopn 2022/04/08 v2.04 operator names
)
\inf@bad=\count282
LaTeX Info: Redefining \frac on input line 234.
\uproot@=\count283
\leftroot@=\count284
LaTeX Info: Redefining \overline on input line 399.
LaTeX Info: Redefining \colon on input line 410.
\classnum@=\count285
\DOTSCASE@=\count286
LaTeX Info: Redefining \ldots on input line 496.
LaTeX Info: Redefining \dots on input line 499.
LaTeX Info: Redefining \cdots on input line 620.
\Mathstrutbox@=\box61
\strutbox@=\box62
LaTeX Info: Redefining \big on input line 722.
LaTeX Info: Redefining \Big on input line 723.
LaTeX Info: Redefining \bigg on input line 724.
LaTeX Info: Redefining \Bigg on input line 725.
\big@size=\dimen159
LaTeX Font Info:    Redeclaring font encoding OML on input line 743.
LaTeX Font Info:    Redeclaring font encoding OMS on input line 744.
\macc@depth=\count287
LaTeX Info: Redefining \bmod on input line 905.
LaTeX Info: Redefining \pmod on input line 910.
LaTeX Info: Redefining \smash on input line 940.
LaTeX Info: Redefining \relbar on input line 970.
LaTeX Info: Redefining \Relbar on input line 971.
\c@MaxMatrixCols=\count288
\dotsspace@=\muskip16
\c@parentequation=\count289
\dspbrk@lvl=\count290
\tag@help=\toks23
\row@=\count291
\column@=\count292
\maxfields@=\count293
\andhelp@=\toks24
\eqnshift@=\dimen160
\alignsep@=\dimen161
\tagshift@=\dimen162
\tagwidth@=\dimen163
\totwidth@=\dimen164
\lineht@=\dimen165
\@envbody=\toks25
\multlinegap=\skip53
\multlinetaggap=\skip54
\mathdisplay@stack=\toks26
LaTeX Info: Redefining \[ on input line 2953.
LaTeX Info: Redefining \] on input line 2954.
) (/usr/local/texlive/2024/texmf-dist/tex/latex/amscls/amsthm.sty
Package: amsthm 2020/05/29 v2.20.6
\thm@style=\toks27
\thm@bodyfont=\toks28
\thm@headfont=\toks29
\thm@notefont=\toks30
\thm@headpunct=\toks31
\thm@preskip=\skip55
\thm@postskip=\skip56
\thm@headsep=\skip57
\dth@everypar=\toks32
) (/usr/local/texlive/2024/texmf-dist/tex/latex/amsfonts/amssymb.sty
Package: amssymb 2013/01/14 v3.01 AMS font symbols
 (/usr/local/texlive/2024/texmf-dist/tex/latex/amsfonts/amsfonts.sty
Package: amsfonts 2013/01/14 v3.01 Basic AMSFonts support
\symAMSa=\mathgroup4
\symAMSb=\mathgroup5
LaTeX Font Info:    Redeclaring math symbol \hbar on input line 98.
LaTeX Font Info:    Overwriting math alphabet `\mathfrak' in version `bold'
(Font)                  U/euf/m/n --> U/euf/b/n on input line 106.
)) (/usr/local/texlive/2024/texmf-dist/tex/latex/cancel/cancel.sty
Package: cancel 2013/04/12 v2.2 Cancel math terms
) (/usr/local/texlive/2024/texmf-dist/tex/latex/enumitem/enumitem.sty
Package: enumitem 2019/06/20 v3.9 Customized lists
\labelindent=\skip58
\enit@outerparindent=\dimen166
\enit@toks=\toks33
\enit@inbox=\box63
\enit@count@id=\count294
\enitdp@description=\count295
) (/usr/local/texlive/2024/texmf-dist/tex/latex/tools/bm.sty
Package: bm 2023/07/08 v1.2f Bold Symbol Support (DPC/FMi)
\symboldoperators=\mathgroup6
\symboldletters=\mathgroup7
\symboldsymbols=\mathgroup8
Package bm Info: No bold for \OMX/cmex/m/n, using \pmb.
Package bm Info: No bold for \U/msa/m/n, using \pmb.
Package bm Info: No bold for \U/msb/m/n, using \pmb.
LaTeX Font Info:    Redeclaring math alphabet \mathbf on input line 149.
) (/usr/local/texlive/2024/texmf-dist/tex/latex/graphics/graphicx.sty
Package: graphicx 2021/09/16 v1.2d Enhanced LaTeX Graphics (DPC,SPQR)
 (/usr/local/texlive/2024/texmf-dist/tex/latex/graphics/graphics.sty
Package: graphics 2022/03/10 v1.4e Standard LaTeX Graphics (DPC,SPQR)
 (/usr/local/texlive/2024/texmf-dist/tex/latex/graphics/trig.sty
Package: trig 2021/08/11 v1.11 sin cos tan (DPC)
) (/usr/local/texlive/2024/texmf-dist/tex/latex/graphics-cfg/graphics.cfg
File: graphics.cfg 2016/06/04 v1.11 sample graphics configuration
)
Package graphics Info: Driver file: pdftex.def on input line 107.
 (/usr/local/texlive/2024/texmf-dist/tex/latex/graphics-def/pdftex.def
File: pdftex.def 2022/09/22 v1.2b Graphics/color driver for pdftex
))
\Gin@req@height=\dimen167
\Gin@req@width=\dimen168
) (/usr/local/texlive/2024/texmf-dist/tex/latex/bbm-macros/bbm.sty
Package: bbm 1999/03/15 V 1.2 provides fonts for set symbols - TH
LaTeX Font Info:    Overwriting math alphabet `\mathbbm' in version `bold'
(Font)                  U/bbm/m/n --> U/bbm/bx/n on input line 33.
LaTeX Font Info:    Overwriting math alphabet `\mathbbmss' in version `bold'
(Font)                  U/bbmss/m/n --> U/bbmss/bx/n on input line 35.
) (/usr/local/texlive/2024/texmf-dist/tex/latex/physics/physics.sty
Package: physics 
 (/usr/local/texlive/2024/texmf-dist/tex/latex/l3packages/xparse/xparse.sty (/usr/local/texlive/2024/texmf-dist/tex/latex/l3kernel/expl3.sty
Package: expl3 2024-02-20 L3 programming layer (loader) 
 (/usr/local/texlive/2024/texmf-dist/tex/latex/l3backend/l3backend-pdftex.def
File: l3backend-pdftex.def 2024-02-20 L3 backend support: PDF output (pdfTeX)
\l__color_backend_stack_int=\count296
\l__pdf_internal_box=\box64
))
Package: xparse 2024-02-18 L3 Experimental document command parser
)) (/usr/local/texlive/2024/texmf-dist/tex/latex/xcolor/xcolor.sty
Package: xcolor 2023/11/15 v3.01 LaTeX color extensions (UK)
 (/usr/local/texlive/2024/texmf-dist/tex/latex/graphics-cfg/color.cfg
File: color.cfg 2016/01/02 v1.6 sample color configuration
)
Package xcolor Info: Driver file: pdftex.def on input line 274.
 (/usr/local/texlive/2024/texmf-dist/tex/latex/graphics/mathcolor.ltx)
Package xcolor Info: Model `cmy' substituted by `cmy0' on input line 1350.
Package xcolor Info: Model `hsb' substituted by `rgb' on input line 1354.
Package xcolor Info: Model `RGB' extended on input line 1366.
Package xcolor Info: Model `HTML' substituted by `rgb' on input line 1368.
Package xcolor Info: Model `Hsb' substituted by `hsb' on input line 1369.
Package xcolor Info: Model `tHsb' substituted by `hsb' on input line 1370.
Package xcolor Info: Model `HSB' substituted by `hsb' on input line 1371.
Package xcolor Info: Model `Gray' substituted by `gray' on input line 1372.
Package xcolor Info: Model `wave' substituted by `hsb' on input line 1373.
) (/usr/local/texlive/2024/texmf-dist/tex/latex/float/float.sty
Package: float 2001/11/08 v1.3d Float enhancements (AL)
\c@float@type=\count297
\float@exts=\toks34
\float@box=\box65
\@float@everytoks=\toks35
\@floatcapt=\box66
) (/usr/local/texlive/2024/texmf-dist/tex/latex/tools/multicol.sty
Package: multicol 2023/03/30 v1.9f multicolumn formatting (FMi)
\c@tracingmulticols=\count298
\mult@box=\box67
\multicol@leftmargin=\dimen169
\c@unbalance=\count299
\c@collectmore=\count300
\doublecol@number=\count301
\multicoltolerance=\count302
\multicolpretolerance=\count303
\full@width=\dimen170
\page@free=\dimen171
\premulticols=\dimen172
\postmulticols=\dimen173
\multicolsep=\skip59
\multicolbaselineskip=\skip60
\partial@page=\box68
\last@line=\box69
\mc@boxedresult=\box70
\maxbalancingoverflow=\dimen174
\mult@rightbox=\box71
\mult@grightbox=\box72
\mult@firstbox=\box73
\mult@gfirstbox=\box74
\@tempa=\box75
\@tempa=\box76
\@tempa=\box77
\@tempa=\box78
\@tempa=\box79
\@tempa=\box80
\@tempa=\box81
\@tempa=\box82
\@tempa=\box83
\@tempa=\box84
\@tempa=\box85
\@tempa=\box86
\@tempa=\box87
\@tempa=\box88
\@tempa=\box89
\@tempa=\box90
\@tempa=\box91
\@tempa=\box92
\@tempa=\box93
\@tempa=\box94
\@tempa=\box95
\@tempa=\box96
\@tempa=\box97
\@tempa=\box98
\@tempa=\box99
\@tempa=\box100
\@tempa=\box101
\@tempa=\box102
\@tempa=\box103
\@tempa=\box104
\@tempa=\box105
\@tempa=\box106
\@tempa=\box107
\@tempa=\box108
\@tempa=\box109
\@tempa=\box110
\c@minrows=\count304
\c@columnbadness=\count305
\c@finalcolumnbadness=\count306
\last@try=\dimen175
\multicolovershoot=\dimen176
\multicolundershoot=\dimen177
\mult@nat@firstbox=\box111
\colbreak@box=\box112
\mc@col@check@num=\count307
) (/usr/local/texlive/2024/texmf-dist/tex/latex/base/fontenc.sty
Package: fontenc 2021/04/29 v2.0v Standard LaTeX package
) (/usr/local/texlive/2024/texmf-dist/tex/latex/lm/lmodern.sty
Package: lmodern 2015/05/01 v1.6.1 Latin Modern Fonts
LaTeX Font Info:    Overwriting symbol font `operators' in version `normal'
(Font)                  OT1/cmr/m/n --> OT1/lmr/m/n on input line 22.
LaTeX Font Info:    Overwriting symbol font `letters' in version `normal'
(Font)                  OML/cmm/m/it --> OML/lmm/m/it on input line 23.
LaTeX Font Info:    Overwriting symbol font `symbols' in version `normal'
(Font)                  OMS/cmsy/m/n --> OMS/lmsy/m/n on input line 24.
LaTeX Font Info:    Overwriting symbol font `largesymbols' in version `normal'
(Font)                  OMX/cmex/m/n --> OMX/lmex/m/n on input line 25.
LaTeX Font Info:    Overwriting symbol font `operators' in version `bold'
(Font)                  OT1/cmr/bx/n --> OT1/lmr/bx/n on input line 26.
LaTeX Font Info:    Overwriting symbol font `letters' in version `bold'
(Font)                  OML/cmm/b/it --> OML/lmm/b/it on input line 27.
LaTeX Font Info:    Overwriting symbol font `symbols' in version `bold'
(Font)                  OMS/cmsy/b/n --> OMS/lmsy/b/n on input line 28.
LaTeX Font Info:    Overwriting symbol font `largesymbols' in version `bold'
(Font)                  OMX/cmex/m/n --> OMX/lmex/m/n on input line 29.
LaTeX Font Info:    Overwriting math alphabet `\mathbf' in version `normal'
(Font)                  OT1/cmr/bx/n --> OT1/lmr/bx/n on input line 31.
LaTeX Font Info:    Overwriting math alphabet `\mathsf' in version `normal'
(Font)                  OT1/cmss/m/n --> OT1/lmss/m/n on input line 32.
LaTeX Font Info:    Overwriting math alphabet `\mathit' in version `normal'
(Font)                  OT1/cmr/m/it --> OT1/lmr/m/it on input line 33.
LaTeX Font Info:    Overwriting math alphabet `\mathtt' in version `normal'
(Font)                  OT1/cmtt/m/n --> OT1/lmtt/m/n on input line 34.
LaTeX Font Info:    Overwriting math alphabet `\mathbf' in version `bold'
(Font)                  OT1/cmr/bx/n --> OT1/lmr/bx/n on input line 35.
LaTeX Font Info:    Overwriting math alphabet `\mathsf' in version `bold'
(Font)                  OT1/cmss/bx/n --> OT1/lmss/bx/n on input line 36.
LaTeX Font Info:    Overwriting math alphabet `\mathit' in version `bold'
(Font)                  OT1/cmr/bx/it --> OT1/lmr/bx/it on input line 37.
LaTeX Font Info:    Overwriting math alphabet `\mathtt' in version `bold'
(Font)                  OT1/cmtt/m/n --> OT1/lmtt/m/n on input line 38.
) (/usr/local/texlive/2024/texmf-dist/tex/latex/base/textcomp.sty
Package: textcomp 2020/02/02 v2.0n Standard LaTeX package
) (/usr/local/texlive/2024/texmf-dist/tex/latex/parskip/parskip.sty
Package: parskip 2021-03-14 v2.0h non-zero parskip adjustments
 (/usr/local/texlive/2024/texmf-dist/tex/latex/kvoptions/kvoptions.sty
Package: kvoptions 2022-06-15 v3.15 Key value format for package options (HO)
 (/usr/local/texlive/2024/texmf-dist/tex/latex/kvsetkeys/kvsetkeys.sty
Package: kvsetkeys 2022-10-05 v1.19 Key value parser (HO)
))) (/usr/local/texlive/2024/texmf-dist/tex/latex/base/makeidx.sty
Package: makeidx 2021/10/04 v1.0m Standard LaTeX package
) (/usr/local/texlive/2024/texmf-dist/tex/latex/fancyhdr/fancyhdr.sty
Package: fancyhdr 2022/11/09 v4.1 Extensive control of page headers and footers
\f@nch@headwidth=\skip61
\f@nch@O@elh=\skip62
\f@nch@O@erh=\skip63
\f@nch@O@olh=\skip64
\f@nch@O@orh=\skip65
\f@nch@O@elf=\skip66
\f@nch@O@erf=\skip67
\f@nch@O@olf=\skip68
\f@nch@O@orf=\skip69
) (/usr/local/texlive/2024/texmf-dist/tex/latex/hyperref/hyperref.sty
Package: hyperref 2024-01-20 v7.01h Hypertext links for LaTeX
 (/usr/local/texlive/2024/texmf-dist/tex/generic/kvdefinekeys/kvdefinekeys.sty
Package: kvdefinekeys 2019-12-19 v1.6 Define keys (HO)
) (/usr/local/texlive/2024/texmf-dist/tex/generic/pdfescape/pdfescape.sty
Package: pdfescape 2019/12/09 v1.15 Implements pdfTeX's escape features (HO)
) (/usr/local/texlive/2024/texmf-dist/tex/latex/hycolor/hycolor.sty
Package: hycolor 2020-01-27 v1.10 Color options for hyperref/bookmark (HO)
) (/usr/local/texlive/2024/texmf-dist/tex/latex/auxhook/auxhook.sty
Package: auxhook 2019-12-17 v1.6 Hooks for auxiliary files (HO)
) (/usr/local/texlive/2024/texmf-dist/tex/latex/hyperref/nameref.sty
Package: nameref 2023-11-26 v2.56 Cross-referencing by name of section
 (/usr/local/texlive/2024/texmf-dist/tex/latex/refcount/refcount.sty
Package: refcount 2019/12/15 v3.6 Data extraction from label references (HO)
) (/usr/local/texlive/2024/texmf-dist/tex/generic/gettitlestring/gettitlestring.sty
Package: gettitlestring 2019/12/15 v1.6 Cleanup title references (HO)
)
\c@section@level=\count308
)
\@linkdim=\dimen178
\Hy@linkcounter=\count309
\Hy@pagecounter=\count310
 (/usr/local/texlive/2024/texmf-dist/tex/latex/hyperref/pd1enc.def
File: pd1enc.def 2024-01-20 v7.01h Hyperref: PDFDocEncoding definition (HO)
Now handling font encoding PD1 ...
... no UTF-8 mapping file for font encoding PD1
) (/usr/local/texlive/2024/texmf-dist/tex/generic/intcalc/intcalc.sty
Package: intcalc 2019/12/15 v1.3 Expandable calculations with integers (HO)
)
\Hy@SavedSpaceFactor=\count311
 (/usr/local/texlive/2024/texmf-dist/tex/latex/hyperref/puenc.def
File: puenc.def 2024-01-20 v7.01h Hyperref: PDF Unicode definition (HO)
Now handling font encoding PU ...
... no UTF-8 mapping file for font encoding PU
)
Package hyperref Info: Hyper figures OFF on input line 4179.
Package hyperref Info: Link nesting OFF on input line 4184.
Package hyperref Info: Hyper index ON on input line 4187.
Package hyperref Info: Plain pages OFF on input line 4194.
Package hyperref Info: Backreferencing OFF on input line 4199.
Package hyperref Info: Implicit mode ON; LaTeX internals redefined.
Package hyperref Info: Bookmarks ON on input line 4446.
\c@Hy@tempcnt=\count312
 (/usr/local/texlive/2024/texmf-dist/tex/latex/url/url.sty
\Urlmuskip=\muskip17
Package: url 2013/09/16  ver 3.4  Verb mode for urls, etc.
)
LaTeX Info: Redefining \url on input line 4784.
\XeTeXLinkMargin=\dimen179
 (/usr/local/texlive/2024/texmf-dist/tex/generic/bitset/bitset.sty
Package: bitset 2019/12/09 v1.3 Handle bit-vector datatype (HO)
 (/usr/local/texlive/2024/texmf-dist/tex/generic/bigintcalc/bigintcalc.sty
Package: bigintcalc 2019/12/15 v1.5 Expandable calculations on big integers (HO)
))
\Fld@menulength=\count313
\Field@Width=\dimen180
\Fld@charsize=\dimen181
Package hyperref Info: Hyper figures OFF on input line 6063.
Package hyperref Info: Link nesting OFF on input line 6068.
Package hyperref Info: Hyper index ON on input line 6071.
Package hyperref Info: backreferencing OFF on input line 6078.
Package hyperref Info: Link coloring OFF on input line 6083.
Package hyperref Info: Link coloring with OCG OFF on input line 6088.
Package hyperref Info: PDF/A mode OFF on input line 6093.
 (/usr/local/texlive/2024/texmf-dist/tex/latex/base/atbegshi-ltx.sty
Package: atbegshi-ltx 2021/01/10 v1.0c Emulation of the original atbegshi
package with kernel methods
)
\Hy@abspage=\count314
\c@Item=\count315
\c@Hfootnote=\count316
)
Package hyperref Info: Driver (autodetected): hpdftex.
 (/usr/local/texlive/2024/texmf-dist/tex/latex/hyperref/hpdftex.def
File: hpdftex.def 2024-01-20 v7.01h Hyperref driver for pdfTeX
 (/usr/local/texlive/2024/texmf-dist/tex/latex/base/atveryend-ltx.sty
Package: atveryend-ltx 2020/08/19 v1.0a Emulation of the original atveryend package
with kernel methods
)
\Fld@listcount=\count317
\c@bookmark@seq@number=\count318
 (/usr/local/texlive/2024/texmf-dist/tex/latex/rerunfilecheck/rerunfilecheck.sty
Package: rerunfilecheck 2022-07-10 v1.10 Rerun checks for auxiliary files (HO)
 (/usr/local/texlive/2024/texmf-dist/tex/generic/uniquecounter/uniquecounter.sty
Package: uniquecounter 2019/12/15 v1.4 Provide unlimited unique counter (HO)
)
Package uniquecounter Info: New unique counter `rerunfilecheck' on input line 285.
)
\Hy@SectionHShift=\skip70
)
Package hyperref Info: Option `colorlinks' set `true' on input line 42.
 (/usr/local/texlive/2024/texmf-dist/tex/latex/pgf/frontendlayer/tikz.sty (/usr/local/texlive/2024/texmf-dist/tex/latex/pgf/basiclayer/pgf.sty (/usr/local/texlive/2024/texmf-dist/tex/latex/pgf/utilities/pgfrcs.sty (/usr/local/texlive/2024/texmf-dist/tex/generic/pgf/utilities/pgfutil-common.tex
\pgfutil@everybye=\toks36
\pgfutil@tempdima=\dimen182
\pgfutil@tempdimb=\dimen183
) (/usr/local/texlive/2024/texmf-dist/tex/generic/pgf/utilities/pgfutil-latex.def
\pgfutil@abb=\box113
) (/usr/local/texlive/2024/texmf-dist/tex/generic/pgf/utilities/pgfrcs.code.tex (/usr/local/texlive/2024/texmf-dist/tex/generic/pgf/pgf.revision.tex)
Package: pgfrcs 2023-01-15 v3.1.10 (3.1.10)
))
Package: pgf 2023-01-15 v3.1.10 (3.1.10)
 (/usr/local/texlive/2024/texmf-dist/tex/latex/pgf/basiclayer/pgfcore.sty (/usr/local/texlive/2024/texmf-dist/tex/latex/pgf/systemlayer/pgfsys.sty (/usr/local/texlive/2024/texmf-dist/tex/generic/pgf/systemlayer/pgfsys.code.tex
Package: pgfsys 2023-01-15 v3.1.10 (3.1.10)
 (/usr/local/texlive/2024/texmf-dist/tex/generic/pgf/utilities/pgfkeys.code.tex
\pgfkeys@pathtoks=\toks37
\pgfkeys@temptoks=\toks38
 (/usr/local/texlive/2024/texmf-dist/tex/generic/pgf/utilities/pgfkeyslibraryfiltered.code.tex
\pgfkeys@tmptoks=\toks39
))
\pgf@x=\dimen184
\pgf@y=\dimen185
\pgf@xa=\dimen186
\pgf@ya=\dimen187
\pgf@xb=\dimen188
\pgf@yb=\dimen189
\pgf@xc=\dimen190
\pgf@yc=\dimen191
\pgf@xd=\dimen192
\pgf@yd=\dimen193
\w@pgf@writea=\write3
\r@pgf@reada=\read3
\c@pgf@counta=\count319
\c@pgf@countb=\count320
\c@pgf@countc=\count321
\c@pgf@countd=\count322
\t@pgf@toka=\toks40
\t@pgf@tokb=\toks41
\t@pgf@tokc=\toks42
\pgf@sys@id@count=\count323
 (/usr/local/texlive/2024/texmf-dist/tex/generic/pgf/systemlayer/pgf.cfg
File: pgf.cfg 2023-01-15 v3.1.10 (3.1.10)
)
Driver file for pgf: pgfsys-pdftex.def
 (/usr/local/texlive/2024/texmf-dist/tex/generic/pgf/systemlayer/pgfsys-pdftex.def
File: pgfsys-pdftex.def 2023-01-15 v3.1.10 (3.1.10)
 (/usr/local/texlive/2024/texmf-dist/tex/generic/pgf/systemlayer/pgfsys-common-pdf.def
File: pgfsys-common-pdf.def 2023-01-15 v3.1.10 (3.1.10)
))) (/usr/local/texlive/2024/texmf-dist/tex/generic/pgf/systemlayer/pgfsyssoftpath.code.tex
File: pgfsyssoftpath.code.tex 2023-01-15 v3.1.10 (3.1.10)
\pgfsyssoftpath@smallbuffer@items=\count324
\pgfsyssoftpath@bigbuffer@items=\count325
) (/usr/local/texlive/2024/texmf-dist/tex/generic/pgf/systemlayer/pgfsysprotocol.code.tex
File: pgfsysprotocol.code.tex 2023-01-15 v3.1.10 (3.1.10)
)) (/usr/local/texlive/2024/texmf-dist/tex/generic/pgf/basiclayer/pgfcore.code.tex
Package: pgfcore 2023-01-15 v3.1.10 (3.1.10)
 (/usr/local/texlive/2024/texmf-dist/tex/generic/pgf/math/pgfmath.code.tex (/usr/local/texlive/2024/texmf-dist/tex/generic/pgf/math/pgfmathutil.code.tex) (/usr/local/texlive/2024/texmf-dist/tex/generic/pgf/math/pgfmathparser.code.tex
\pgfmath@dimen=\dimen194
\pgfmath@count=\count326
\pgfmath@box=\box114
\pgfmath@toks=\toks43
\pgfmath@stack@operand=\toks44
\pgfmath@stack@operation=\toks45
) (/usr/local/texlive/2024/texmf-dist/tex/generic/pgf/math/pgfmathfunctions.code.tex) (/usr/local/texlive/2024/texmf-dist/tex/generic/pgf/math/pgfmathfunctions.basic.code.tex) (/usr/local/texlive/2024/texmf-dist/tex/generic/pgf/math/pgfmathfunctions.trigonometric.code.tex) (/usr/local/texlive/2024/texmf-dist/tex/generic/pgf/math/pgfmathfunctions.random.code.tex) (/usr/local/texlive/2024/texmf-dist/tex/generic/pgf/math/pgfmathfunctions.comparison.code.tex) (/usr/local/texlive/2024/texmf-dist/tex/generic/pgf/math/pgfmathfunctions.base.code.tex) (/usr/local/texlive/2024/texmf-dist/tex/generic/pgf/math/pgfmathfunctions.round.code.tex) (/usr/local/texlive/2024/texmf-dist/tex/generic/pgf/math/pgfmathfunctions.misc.code.tex) (/usr/local/texlive/2024/texmf-dist/tex/generic/pgf/math/pgfmathfunctions.integerarithmetics.code.tex) (/usr/local/texlive/2024/texmf-dist/tex/generic/pgf/math/pgfmathcalc.code.tex) (/usr/local/texlive/2024/texmf-dist/tex/generic/pgf/math/pgfmathfloat.code.tex
\c@pgfmathroundto@lastzeros=\count327
)) (/usr/local/texlive/2024/texmf-dist/tex/generic/pgf/math/pgfint.code.tex) (/usr/local/texlive/2024/texmf-dist/tex/generic/pgf/basiclayer/pgfcorepoints.code.tex
File: pgfcorepoints.code.tex 2023-01-15 v3.1.10 (3.1.10)
\pgf@picminx=\dimen195
\pgf@picmaxx=\dimen196
\pgf@picminy=\dimen197
\pgf@picmaxy=\dimen198
\pgf@pathminx=\dimen199
\pgf@pathmaxx=\dimen256
\pgf@pathminy=\dimen257
\pgf@pathmaxy=\dimen258
\pgf@xx=\dimen259
\pgf@xy=\dimen260
\pgf@yx=\dimen261
\pgf@yy=\dimen262
\pgf@zx=\dimen263
\pgf@zy=\dimen264
) (/usr/local/texlive/2024/texmf-dist/tex/generic/pgf/basiclayer/pgfcorepathconstruct.code.tex
File: pgfcorepathconstruct.code.tex 2023-01-15 v3.1.10 (3.1.10)
\pgf@path@lastx=\dimen265
\pgf@path@lasty=\dimen266
) (/usr/local/texlive/2024/texmf-dist/tex/generic/pgf/basiclayer/pgfcorepathusage.code.tex
File: pgfcorepathusage.code.tex 2023-01-15 v3.1.10 (3.1.10)
\pgf@shorten@end@additional=\dimen267
\pgf@shorten@start@additional=\dimen268
) (/usr/local/texlive/2024/texmf-dist/tex/generic/pgf/basiclayer/pgfcorescopes.code.tex
File: pgfcorescopes.code.tex 2023-01-15 v3.1.10 (3.1.10)
\pgfpic=\box115
\pgf@hbox=\box116
\pgf@layerbox@main=\box117
\pgf@picture@serial@count=\count328
) (/usr/local/texlive/2024/texmf-dist/tex/generic/pgf/basiclayer/pgfcoregraphicstate.code.tex
File: pgfcoregraphicstate.code.tex 2023-01-15 v3.1.10 (3.1.10)
\pgflinewidth=\dimen269
) (/usr/local/texlive/2024/texmf-dist/tex/generic/pgf/basiclayer/pgfcoretransformations.code.tex
File: pgfcoretransformations.code.tex 2023-01-15 v3.1.10 (3.1.10)
\pgf@pt@x=\dimen270
\pgf@pt@y=\dimen271
\pgf@pt@temp=\dimen272
) (/usr/local/texlive/2024/texmf-dist/tex/generic/pgf/basiclayer/pgfcorequick.code.tex
File: pgfcorequick.code.tex 2023-01-15 v3.1.10 (3.1.10)
) (/usr/local/texlive/2024/texmf-dist/tex/generic/pgf/basiclayer/pgfcoreobjects.code.tex
File: pgfcoreobjects.code.tex 2023-01-15 v3.1.10 (3.1.10)
) (/usr/local/texlive/2024/texmf-dist/tex/generic/pgf/basiclayer/pgfcorepathprocessing.code.tex
File: pgfcorepathprocessing.code.tex 2023-01-15 v3.1.10 (3.1.10)
) (/usr/local/texlive/2024/texmf-dist/tex/generic/pgf/basiclayer/pgfcorearrows.code.tex
File: pgfcorearrows.code.tex 2023-01-15 v3.1.10 (3.1.10)
\pgfarrowsep=\dimen273
) (/usr/local/texlive/2024/texmf-dist/tex/generic/pgf/basiclayer/pgfcoreshade.code.tex
File: pgfcoreshade.code.tex 2023-01-15 v3.1.10 (3.1.10)
\pgf@max=\dimen274
\pgf@sys@shading@range@num=\count329
\pgf@shadingcount=\count330
) (/usr/local/texlive/2024/texmf-dist/tex/generic/pgf/basiclayer/pgfcoreimage.code.tex
File: pgfcoreimage.code.tex 2023-01-15 v3.1.10 (3.1.10)
) (/usr/local/texlive/2024/texmf-dist/tex/generic/pgf/basiclayer/pgfcoreexternal.code.tex
File: pgfcoreexternal.code.tex 2023-01-15 v3.1.10 (3.1.10)
\pgfexternal@startupbox=\box118
) (/usr/local/texlive/2024/texmf-dist/tex/generic/pgf/basiclayer/pgfcorelayers.code.tex
File: pgfcorelayers.code.tex 2023-01-15 v3.1.10 (3.1.10)
) (/usr/local/texlive/2024/texmf-dist/tex/generic/pgf/basiclayer/pgfcoretransparency.code.tex
File: pgfcoretransparency.code.tex 2023-01-15 v3.1.10 (3.1.10)
) (/usr/local/texlive/2024/texmf-dist/tex/generic/pgf/basiclayer/pgfcorepatterns.code.tex
File: pgfcorepatterns.code.tex 2023-01-15 v3.1.10 (3.1.10)
) (/usr/local/texlive/2024/texmf-dist/tex/generic/pgf/basiclayer/pgfcorerdf.code.tex
File: pgfcorerdf.code.tex 2023-01-15 v3.1.10 (3.1.10)
))) (/usr/local/texlive/2024/texmf-dist/tex/generic/pgf/modules/pgfmoduleshapes.code.tex
File: pgfmoduleshapes.code.tex 2023-01-15 v3.1.10 (3.1.10)
\pgfnodeparttextbox=\box119
) (/usr/local/texlive/2024/texmf-dist/tex/generic/pgf/modules/pgfmoduleplot.code.tex
File: pgfmoduleplot.code.tex 2023-01-15 v3.1.10 (3.1.10)
) (/usr/local/texlive/2024/texmf-dist/tex/latex/pgf/compatibility/pgfcomp-version-0-65.sty
Package: pgfcomp-version-0-65 2023-01-15 v3.1.10 (3.1.10)
\pgf@nodesepstart=\dimen275
\pgf@nodesepend=\dimen276
) (/usr/local/texlive/2024/texmf-dist/tex/latex/pgf/compatibility/pgfcomp-version-1-18.sty
Package: pgfcomp-version-1-18 2023-01-15 v3.1.10 (3.1.10)
)) (/usr/local/texlive/2024/texmf-dist/tex/latex/pgf/utilities/pgffor.sty (/usr/local/texlive/2024/texmf-dist/tex/latex/pgf/utilities/pgfkeys.sty (/usr/local/texlive/2024/texmf-dist/tex/generic/pgf/utilities/pgfkeys.code.tex)) (/usr/local/texlive/2024/texmf-dist/tex/latex/pgf/math/pgfmath.sty (/usr/local/texlive/2024/texmf-dist/tex/generic/pgf/math/pgfmath.code.tex)) (/usr/local/texlive/2024/texmf-dist/tex/generic/pgf/utilities/pgffor.code.tex
Package: pgffor 2023-01-15 v3.1.10 (3.1.10)
\pgffor@iter=\dimen277
\pgffor@skip=\dimen278
\pgffor@stack=\toks46
\pgffor@toks=\toks47
)) (/usr/local/texlive/2024/texmf-dist/tex/generic/pgf/frontendlayer/tikz/tikz.code.tex
Package: tikz 2023-01-15 v3.1.10 (3.1.10)
 (/usr/local/texlive/2024/texmf-dist/tex/generic/pgf/libraries/pgflibraryplothandlers.code.tex
File: pgflibraryplothandlers.code.tex 2023-01-15 v3.1.10 (3.1.10)
\pgf@plot@mark@count=\count331
\pgfplotmarksize=\dimen279
)
\tikz@lastx=\dimen280
\tikz@lasty=\dimen281
\tikz@lastxsaved=\dimen282
\tikz@lastysaved=\dimen283
\tikz@lastmovetox=\dimen284
\tikz@lastmovetoy=\dimen285
\tikzleveldistance=\dimen286
\tikzsiblingdistance=\dimen287
\tikz@figbox=\box120
\tikz@figbox@bg=\box121
\tikz@tempbox=\box122
\tikz@tempbox@bg=\box123
\tikztreelevel=\count332
\tikznumberofchildren=\count333
\tikznumberofcurrentchild=\count334
\tikz@fig@count=\count335
 (/usr/local/texlive/2024/texmf-dist/tex/generic/pgf/modules/pgfmodulematrix.code.tex
File: pgfmodulematrix.code.tex 2023-01-15 v3.1.10 (3.1.10)
\pgfmatrixcurrentrow=\count336
\pgfmatrixcurrentcolumn=\count337
\pgf@matrix@numberofcolumns=\count338
)
\tikz@expandcount=\count339
 (/usr/local/texlive/2024/texmf-dist/tex/generic/pgf/frontendlayer/tikz/libraries/tikzlibrarytopaths.code.tex
File: tikzlibrarytopaths.code.tex 2023-01-15 v3.1.10 (3.1.10)
))) (/usr/local/texlive/2024/texmf-dist/tex/generic/pgf/libraries/pgflibraryarrows.meta.code.tex
File: pgflibraryarrows.meta.code.tex 2023-01-15 v3.1.10 (3.1.10)
\pgfarrowinset=\dimen288
\pgfarrowlength=\dimen289
\pgfarrowwidth=\dimen290
\pgfarrowlinewidth=\dimen291
) (/usr/local/texlive/2024/texmf-dist/tex/generic/pgf/frontendlayer/tikz/libraries/tikzlibrarypositioning.code.tex
File: tikzlibrarypositioning.code.tex 2023-01-15 v3.1.10 (3.1.10)
) (/usr/local/texlive/2024/texmf-dist/tex/generic/pgf/frontendlayer/tikz/libraries/tikzlibraryshapes.code.tex
File: tikzlibraryshapes.code.tex 2023-01-15 v3.1.10 (3.1.10)
 (/usr/local/texlive/2024/texmf-dist/tex/generic/pgf/frontendlayer/tikz/libraries/tikzlibraryshapes.geometric.code.tex
File: tikzlibraryshapes.geometric.code.tex 2023-01-15 v3.1.10 (3.1.10)
 (/usr/local/texlive/2024/texmf-dist/tex/generic/pgf/libraries/shapes/pgflibraryshapes.geometric.code.tex
File: pgflibraryshapes.geometric.code.tex 2023-01-15 v3.1.10 (3.1.10)
)) (/usr/local/texlive/2024/texmf-dist/tex/generic/pgf/frontendlayer/tikz/libraries/tikzlibraryshapes.misc.code.tex
File: tikzlibraryshapes.misc.code.tex 2023-01-15 v3.1.10 (3.1.10)
 (/usr/local/texlive/2024/texmf-dist/tex/generic/pgf/libraries/shapes/pgflibraryshapes.misc.code.tex
File: pgflibraryshapes.misc.code.tex 2023-01-15 v3.1.10 (3.1.10)
)) (/usr/local/texlive/2024/texmf-dist/tex/generic/pgf/frontendlayer/tikz/libraries/tikzlibraryshapes.symbols.code.tex
File: tikzlibraryshapes.symbols.code.tex 2023-01-15 v3.1.10 (3.1.10)
 (/usr/local/texlive/2024/texmf-dist/tex/generic/pgf/libraries/shapes/pgflibraryshapes.symbols.code.tex
File: pgflibraryshapes.symbols.code.tex 2023-01-15 v3.1.10 (3.1.10)
)) (/usr/local/texlive/2024/texmf-dist/tex/generic/pgf/frontendlayer/tikz/libraries/tikzlibraryshapes.arrows.code.tex
File: tikzlibraryshapes.arrows.code.tex 2023-01-15 v3.1.10 (3.1.10)

(/usr/local/texlive/2024/texmf-dist/tex/generic/pgf/libraries/shapes/pgflibraryshapes.arrows.code.tex
File: pgflibraryshapes.arrows.code.tex 2023-01-15 v3.1.10 (3.1.10)
)) (/usr/local/texlive/2024/texmf-dist/tex/generic/pgf/frontendlayer/tikz/libraries/tikzlibraryshapes.callouts.code.tex (/usr/local/texlive/2024/texmf-dist/tex/generic/pgf/libraries/shapes/pgflibraryshapes.callouts.code.tex)) (/usr/local/texlive/2024/texmf-dist/tex/generic/pgf/frontendlayer/tikz/libraries/tikzlibraryshapes.multipart.code.tex
File: tikzlibraryshapes.multipart.code.tex 2023-01-15 v3.1.10 (3.1.10)
 (/usr/local/texlive/2024/texmf-dist/tex/generic/pgf/libraries/shapes/pgflibraryshapes.multipart.code.tex
File: pgflibraryshapes.multipart.code.tex 2023-01-15 v3.1.10 (3.1.10)
\pgfnodepartlowerbox=\box124
\pgfnodeparttwobox=\box125
\pgfnodepartthreebox=\box126
\pgfnodepartfourbox=\box127
\pgfnodeparttwentybox=\box128
\pgfnodepartnineteenbox=\box129
\pgfnodeparteighteenbox=\box130
\pgfnodepartseventeenbox=\box131
\pgfnodepartsixteenbox=\box132
\pgfnodepartfifteenbox=\box133
\pgfnodepartfourteenbox=\box134
\pgfnodepartthirteenbox=\box135
\pgfnodeparttwelvebox=\box136
\pgfnodepartelevenbox=\box137
\pgfnodeparttenbox=\box138
\pgfnodepartninebox=\box139
\pgfnodeparteightbox=\box140
\pgfnodepartsevenbox=\box141
\pgfnodepartsixbox=\box142
\pgfnodepartfivebox=\box143
))) (/usr/local/texlive/2024/texmf-dist/tex/generic/pgf/frontendlayer/tikz/libraries/tikzlibraryarrows.code.tex
File: tikzlibraryarrows.code.tex 2023-01-15 v3.1.10 (3.1.10)
 (/usr/local/texlive/2024/texmf-dist/tex/generic/pgf/libraries/pgflibraryarrows.code.tex
File: pgflibraryarrows.code.tex 2023-01-15 v3.1.10 (3.1.10)
\arrowsize=\dimen292
)) (/usr/local/texlive/2024/texmf-dist/tex/latex/pgfplots/pgfplots.sty (/usr/local/texlive/2024/texmf-dist/tex/generic/pgfplots/pgfplots.revision.tex)
Package: pgfplots 2021/05/15 v1.18.1 Data Visualization (1.18.1)
 (/usr/local/texlive/2024/texmf-dist/tex/generic/pgfplots/pgfplots.code.tex (/usr/local/texlive/2024/texmf-dist/tex/generic/pgfplots/pgfplotscore.code.tex
\t@pgfplots@toka=\toks48
\t@pgfplots@tokb=\toks49
\t@pgfplots@tokc=\toks50
\pgfplots@tmpa=\dimen293
\c@pgfplots@coordindex=\count340
\c@pgfplots@scanlineindex=\count341
 (/usr/local/texlive/2024/texmf-dist/tex/generic/pgfplots/sys/pgfplotssysgeneric.code.tex)) (/usr/local/texlive/2024/texmf-dist/tex/generic/pgfplots/libs/pgfplotslibrary.code.tex) (/usr/local/texlive/2024/texmf-dist/tex/generic/pgfplots/oldpgfcompatib/pgfplotsoldpgfsupp_loader.code.tex (/usr/local/texlive/2024/texmf-dist/tex/generic/pgf/libraries/pgflibraryfpu.code.tex)
Package pgfplots: loading complementary utilities for your pgf version...
\t@pgf@toka=\toks51
\t@pgf@tokb=\toks52
\t@pgf@tokc=\toks53
(/usr/local/texlive/2024/texmf-dist/tex/generic/pgfplots/oldpgfcompatib/pgfplotsoldpgfsupp_pgfutil-common-lists.tex)) (/usr/local/texlive/2024/texmf-dist/tex/generic/pgfplots/util/pgfplotsutil.code.tex (/usr/local/texlive/2024/texmf-dist/tex/generic/pgfplots/liststructure/pgfplotsliststructure.code.tex) (/usr/local/texlive/2024/texmf-dist/tex/generic/pgfplots/liststructure/pgfplotsliststructureext.code.tex) (/usr/local/texlive/2024/texmf-dist/tex/generic/pgfplots/liststructure/pgfplotsarray.code.tex
\c@pgfplotsarray@tmp=\count342
) (/usr/local/texlive/2024/texmf-dist/tex/generic/pgfplots/liststructure/pgfplotsmatrix.code.tex) (/usr/local/texlive/2024/texmf-dist/tex/generic/pgfplots/numtable/pgfplotstableshared.code.tex
\c@pgfplotstable@counta=\count343
\t@pgfplotstable@a=\toks54
) (/usr/local/texlive/2024/texmf-dist/tex/generic/pgfplots/liststructure/pgfplotsdeque.code.tex) (/usr/local/texlive/2024/texmf-dist/tex/generic/pgfplots/util/pgfplotsbinary.code.tex (/usr/local/texlive/2024/texmf-dist/tex/generic/pgfplots/util/pgfplotsbinary.data.code.tex)) (/usr/local/texlive/2024/texmf-dist/tex/generic/pgfplots/util/pgfplotsutil.verb.code.tex) (/usr/local/texlive/2024/texmf-dist/tex/generic/pgfplots/libs/pgflibrarypgfplots.surfshading.code.tex
\c@pgfplotslibrarysurf@no=\count344
 (/usr/local/texlive/2024/texmf-dist/tex/generic/pgfplots/sys/pgflibrarypgfplots.surfshading.pgfsys-pdftex.def))) (/usr/local/texlive/2024/texmf-dist/tex/generic/pgfplots/util/pgfplotscolormap.code.tex (/usr/local/texlive/2024/texmf-dist/tex/generic/pgfplots/util/pgfplotscolor.code.tex)) (/usr/local/texlive/2024/texmf-dist/tex/generic/pgfplots/pgfplotsstackedplots.code.tex) (/usr/local/texlive/2024/texmf-dist/tex/generic/pgfplots/pgfplotsplothandlers.code.tex (/usr/local/texlive/2024/texmf-dist/tex/generic/pgfplots/pgfplotsmeshplothandler.code.tex (/usr/local/texlive/2024/texmf-dist/tex/generic/pgfplots/pgfplotsmeshplotimage.code.tex))) (/usr/local/texlive/2024/texmf-dist/tex/generic/pgfplots/pgfplots.scaling.code.tex) (/usr/local/texlive/2024/texmf-dist/tex/generic/pgfplots/pgfplotscoordprocessing.code.tex) (/usr/local/texlive/2024/texmf-dist/tex/generic/pgfplots/pgfplots.errorbars.code.tex) (/usr/local/texlive/2024/texmf-dist/tex/generic/pgfplots/pgfplots.markers.code.tex) (/usr/local/texlive/2024/texmf-dist/tex/generic/pgfplots/pgfplotsticks.code.tex) (/usr/local/texlive/2024/texmf-dist/tex/generic/pgfplots/pgfplots.paths.code.tex) (/usr/local/texlive/2024/texmf-dist/tex/generic/pgf/frontendlayer/tikz/libraries/tikzlibrarydecorations.code.tex (/usr/local/texlive/2024/texmf-dist/tex/generic/pgf/modules/pgfmoduledecorations.code.tex
\pgfdecoratedcompleteddistance=\dimen294
\pgfdecoratedremainingdistance=\dimen295
\pgfdecoratedinputsegmentcompleteddistance=\dimen296
\pgfdecoratedinputsegmentremainingdistance=\dimen297
\pgf@decorate@distancetomove=\dimen298
\pgf@decorate@repeatstate=\count345
\pgfdecorationsegmentamplitude=\dimen299
\pgfdecorationsegmentlength=\dimen300
)
\tikz@lib@dec@box=\box144
) (/usr/local/texlive/2024/texmf-dist/tex/generic/pgf/frontendlayer/tikz/libraries/tikzlibrarydecorations.pathmorphing.code.tex (/usr/local/texlive/2024/texmf-dist/tex/generic/pgf/libraries/decorations/pgflibrarydecorations.pathmorphing.code.tex)) (/usr/local/texlive/2024/texmf-dist/tex/generic/pgf/frontendlayer/tikz/libraries/tikzlibrarydecorations.pathreplacing.code.tex (/usr/local/texlive/2024/texmf-dist/tex/generic/pgf/libraries/decorations/pgflibrarydecorations.pathreplacing.code.tex)) (/usr/local/texlive/2024/texmf-dist/tex/generic/pgfplots/libs/tikzlibrarypgfplots.contourlua.code.tex)
\pgfplots@numplots=\count346
\pgfplots@xmin@reg=\dimen301
\pgfplots@xmax@reg=\dimen302
\pgfplots@ymin@reg=\dimen303
\pgfplots@ymax@reg=\dimen304
\pgfplots@zmin@reg=\dimen305
\pgfplots@zmax@reg=\dimen306
) (/usr/local/texlive/2024/texmf-dist/tex/generic/pgf/frontendlayer/tikz/libraries/tikzlibraryplotmarks.code.tex
File: tikzlibraryplotmarks.code.tex 2023-01-15 v3.1.10 (3.1.10)
 (/usr/local/texlive/2024/texmf-dist/tex/generic/pgf/libraries/pgflibraryplotmarks.code.tex
File: pgflibraryplotmarks.code.tex 2023-01-15 v3.1.10 (3.1.10)
))) (/usr/local/texlive/2024/texmf-dist/tex/latex/tcolorbox/tcolorbox.sty
Package: tcolorbox 2024/01/10 version 6.2.0 text color boxes
 (/usr/local/texlive/2024/texmf-dist/tex/latex/tools/verbatim.sty
Package: verbatim 2023-11-06 v1.5v LaTeX2e package for verbatim enhancements
\every@verbatim=\toks55
\verbatim@line=\toks56
\verbatim@in@stream=\read4
) (/usr/local/texlive/2024/texmf-dist/tex/latex/environ/environ.sty
Package: environ 2014/05/04 v0.3 A new way to define environments
 (/usr/local/texlive/2024/texmf-dist/tex/latex/trimspaces/trimspaces.sty
Package: trimspaces 2009/09/17 v1.1 Trim spaces around a token list
))
\tcb@titlebox=\box145
\tcb@upperbox=\box146
\tcb@lowerbox=\box147
\tcb@phantombox=\box148
\c@tcbbreakpart=\count347
\c@tcblayer=\count348
\c@tcolorbox@number=\count349
\l__tcobox_tmpa_box=\box149
\l__tcobox_tmpa_dim=\dimen307
\tcb@temp=\box150
\tcb@temp=\box151
\tcb@temp=\box152
\tcb@temp=\box153
 (/usr/local/texlive/2024/texmf-dist/tex/latex/tcolorbox/tcbbreakable.code.tex
Library (tcolorbox): 'tcbbreakable.code.tex' version '6.2.0'
(/usr/local/texlive/2024/texmf-dist/tex/latex/pdfcol/pdfcol.sty
Package: pdfcol 2022-09-21 v1.7 Handle new color stacks for pdfTeX (HO)
)
Package pdfcol Info: New color stack `tcb@breakable' = 1 on input line 23.
\tcb@testbox=\box154
\tcb@totalupperbox=\box155
\tcb@totallowerbox=\box156
) (/usr/local/texlive/2024/texmf-dist/tex/latex/tcolorbox/tcbraster.code.tex
Library (tcolorbox): 'tcbraster.code.tex' version '6.2.0'
\c@tcbrastercolumn=\count350
\c@tcbrasterrow=\count351
\c@tcbrasternum=\count352
\c@tcbraster=\count353
) (/usr/local/texlive/2024/texmf-dist/tex/latex/tcolorbox/tcbskins.code.tex
Library (tcolorbox): 'tcbskins.code.tex' version '6.2.0'
(/usr/local/texlive/2024/texmf-dist/tex/latex/tikzfill/tikzfill.image.sty
Package: tikzfill.image 2023/08/08 v1.0.1 Image filling library for TikZ
 (/usr/local/texlive/2024/texmf-dist/tex/latex/tikzfill/tikzfill-common.sty
Package: tikzfill-common 2023/08/08 v1.0.1 Auxiliary code for tikzfill
) (/usr/local/texlive/2024/texmf-dist/tex/latex/tikzfill/tikzlibraryfill.image.code.tex
File: tikzlibraryfill.image.code.tex 2023/08/08 v1.0.1 Image filling library
\l__tikzfill_img_box=\box157
)) (/usr/local/texlive/2024/texmf-dist/tex/latex/tcolorbox/tcbskinsjigsaw.code.tex
Library (tcolorbox): 'tcbskinsjigsaw.code.tex' version '6.2.0'
)) (/usr/local/texlive/2024/texmf-dist/tex/latex/tcolorbox/tcbhooks.code.tex
Library (tcolorbox): 'tcbhooks.code.tex' version '6.2.0'
) (/usr/local/texlive/2024/texmf-dist/tex/latex/tcolorbox/tcbtheorems.code.tex
Library (tcolorbox): 'tcbtheorems.code.tex' version '6.2.0'
) (/usr/local/texlive/2024/texmf-dist/tex/latex/tcolorbox/tcbfitting.code.tex
Library (tcolorbox): 'tcbfitting.code.tex' version '6.2.0'
\tcbfitdim=\dimen308
\tcb@lowerfitdim=\dimen309
\tcb@upperfitdim=\dimen310
\tcb@cur@hbadness=\count354
))
\c@tcb@cnt@example=\count355
\c@tcb@cnt@solution=\count356
 (/usr/local/texlive/2024/texmf-dist/tex/latex/import/import.sty
Package: import 2020/04/01  v 6.2
) (/usr/local/texlive/2024/texmf-dist/tex/latex/xifthen/xifthen.sty
Package: xifthen 2015/11/05 v1.4.0 Extended ifthen features
 (/usr/local/texlive/2024/texmf-dist/tex/latex/tools/calc.sty
Package: calc 2023/07/08 v4.3 Infix arithmetic (KKT,FJ)
\calc@Acount=\count357
\calc@Bcount=\count358
\calc@Adimen=\dimen311
\calc@Bdimen=\dimen312
\calc@Askip=\skip71
\calc@Bskip=\skip72
LaTeX Info: Redefining \setlength on input line 80.
LaTeX Info: Redefining \addtolength on input line 81.
\calc@Ccount=\count359
\calc@Cskip=\skip73
) (/usr/local/texlive/2024/texmf-dist/tex/latex/base/ifthen.sty
Package: ifthen 2022/04/13 v1.1d Standard LaTeX ifthen package (DPC)
) (/usr/local/texlive/2024/texmf-dist/tex/latex/ifmtarg/ifmtarg.sty
Package: ifmtarg 2018/04/16 v1.2b check for an empty argument
)) (/usr/local/texlive/2024/texmf-dist/tex/latex/pdfpages/pdfpages.sty
Package: pdfpages 2024/01/21 v0.5y Insert pages of external PDF documents (AM)
 (/usr/local/texlive/2024/texmf-dist/tex/latex/eso-pic/eso-pic.sty
Package: eso-pic 2023/05/03 v3.0c eso-pic (RN)
\ESO@tempdima=\dimen313
\ESO@tempdimb=\dimen314
)
\AM@pagewidth=\dimen315
\AM@pageheight=\dimen316
\AM@fboxrule=\dimen317
 (/usr/local/texlive/2024/texmf-dist/tex/latex/pdfpages/pppdftex.def
File: pppdftex.def 2024/01/21 v0.5y Pdfpages driver for pdfTeX (AM)
)
\pdfpages@includegraphics@status=\count360
\AM@pagebox=\box158
\AM@global@opts=\toks57
\AM@pagecnt=\count361
\AM@toc@title=\toks58
\AM@lof@heading=\toks59
\c@AM@survey=\count362
\AM@templatesizebox=\box159
) (/usr/local/texlive/2024/texmf-dist/tex/latex/transparent/transparent.sty
Package: transparent 2022-10-27 v1.5 Transparency with color stacks
 (/usr/local/texlive/2024/texmf-dist/tex/latex/transparent/transparent-nometadata.sty
Package: transparent-nometadata 2022-10-27 v1.5 Transparency via pdfTeX's color stack (HO)
)) (/usr/local/texlive/2024/texmf-dist/tex/latex/pst-plot/pst-plot.sty
Package: pst-plot 2011/06/05 v1.00 LaTeX wrapper for `pst-plot' (HV)
 (/usr/local/texlive/2024/texmf-dist/tex/latex/pstricks/pstricks.sty
Package: pstricks 2024/02/02 v0.75 LaTeX wrapper for `PSTricks' (RN,HV)
 (/usr/local/texlive/2024/texmf-dist/tex/generic/xkeyval/pst-xkey.tex
File: pst-xkey.tex 2005/11/25 v1.6 PSTricks specialization of xkeyval (HA)
 (/usr/local/texlive/2024/texmf-dist/tex/latex/xkeyval/xkeyval.sty
Package: xkeyval 2022/06/16 v2.9 package option processing (HA)
 (/usr/local/texlive/2024/texmf-dist/tex/generic/xkeyval/xkeyval.tex (/usr/local/texlive/2024/texmf-dist/tex/generic/xkeyval/xkvutils.tex
\XKV@toks=\toks60
\XKV@tempa@toks=\toks61
)
\XKV@depth=\count363
File: xkeyval.tex 2014/12/03 v2.7a key=value parser (HA)
))) (/usr/local/texlive/2024/texmf-dist/tex/generic/pstricks/pstricks.tex (/usr/local/texlive/2024/texmf-dist/tex/generic/pstricks/pst-fp.tex `pst-fp' v0.06, 2020/11/20 (hv)
\pstFP@xs=\count364
\pstFP@xia=\count365
\pstFP@xib=\count366
\pstFP@xfa=\count367
\pstFP@xfb=\count368
\pstFP@rega=\count369
\pstFP@regb=\count370
\pstFP@regs=\count371
\pstFP@times=\count372
)
\psLoopIndex=\count373

`PSTricks' v3.19c  <2024/02/02> (tvz,hv)
\pst@dima=\dimen318
\pst@dimb=\dimen319
\pst@dimc=\dimen320
\pst@dimd=\dimen321
\pst@dimg=\dimen322
\pst@dimh=\dimen323
\pst@dimm=\dimen324
\pst@dimn=\dimen325
\pst@dimo=\dimen326
\pst@dimp=\dimen327
\pst@hbox=\box160
\pst@ibox=\box161
\pst@boxg=\box162
\pst@cnta=\count374
\pst@cntb=\count375
\pst@cntc=\count376
\pst@cntd=\count377
\pst@cntg=\count378
\pst@cnth=\count379
\pst@cntm=\count380
\pst@cntn=\count381
\pst@cnto=\count382
\pst@cntp=\count383
\@zero=\count384
\pst@toks=\toks62
--- We are running latex or xelatex ---
(/usr/local/texlive/2024/texmf-dist/tex/generic/pstricks/pstricks.con) (/usr/local/texlive/2024/texmf-dist/tex/generic/pstricks/pstricks-color.tex)
\psunit=\dimen328
\psxunit=\dimen329
\psyunit=\dimen330
\pst@C@@rType=\count385
\pslinewidth=\dimen331
\psk@startLW=\dimen332
\psk@endLW=\dimen333
 (/usr/local/texlive/2024/texmf-dist/tex/generic/pstricks/pstricks-arrows.tex
\pshooklength=\dimen334
\pshookwidth=\dimen335
)
\pst@customdefs=\toks63
 (/usr/local/texlive/2024/texmf-dist/tex/generic/pstricks/pstricks-dots.tex)
\pslinearc=\dimen336
\pst@symbolStep=\dimen337
\pst@symbolWidth=\dimen338
\pst@symbolLinewidth=\dimen339
\everypsbox=\toks64
\psframesep=\dimen340
\pslabelsep=\dimen341
\sh@wgridXunit=\dimen342
\sh@wgridYunit=\dimen343
\pst@shift=\dimen344
\ps@imagectr=\count386
 (/usr/local/texlive/2024/texmf-dist/tex/generic/pstricks/pstricks.con))
File: pstricks.tex 2024/02/02 v3.19c `PSTricks' (tvz,hv)
 (/usr/local/texlive/2024/texmf-dist/tex/generic/pstricks/pst-fp.tex `pst-fp' v0.06, 2020/11/20 (hv))
File: pst-fp.tex 2020/11/20 v0.06 `PST-fp' (hv)
) (/usr/local/texlive/2024/texmf-dist/tex/latex/xkeyval/pst-xkey.sty
Package: pst-xkey 2005/11/25 v1.6 package wrapper for pst-xkey.tex (HA)
) (/usr/local/texlive/2024/texmf-dist/tex/latex/multido/multido.sty
Package: multido 2004/05/17 package wrapper for PSTricks `multido.tex', (HV/RN)
 (/usr/local/texlive/2024/texmf-dist/tex/generic/multido/multido.tex  v1.42, 2010/05/14 <tvz>
\multido@count=\count387
\multidocount=\count388
\multido@stuff=\toks65
)
File: multido.tex 2010/05/14 v1.42 `multido' (tvz,hv)
)
Package: pst-plot 2021/09/23 package wrapper for pst-plot.tex (hv)
 (/usr/local/texlive/2024/texmf-dist/tex/generic/pst-plot/pst-plot.tex (/usr/local/texlive/2024/texmf-dist/tex/generic/pst-tools/pst-tools.tex `PST-tools' v0.12, 2021/09/23 (hv)
\randomi=\count389
\ranval=\count390
) (/usr/local/texlive/2024/texmf-dist/tex/generic/pstricks-add/pstricks-add.tex (/usr/local/texlive/2024/texmf-dist/tex/generic/pst-node/pst-node.tex  v1.43, 2022/01/31
\psrow=\count391
\pscol=\count392
\psmatrixcnt=\count393
\psrowsep=\skip74
\pscolsep=\skip75
\pst@args=\count394
\num@pts=\count395
\pst@argcnt=\count396
) (/usr/local/texlive/2024/texmf-dist/tex/generic/pst-arrow/pst-arrow.tex `pst-arrow' v0.05, 2021/11/16 (dr,hv)) (/usr/local/texlive/2024/texmf-dist/tex/generic/pst-3d/pst-3d.tex `PST-3d' v1.11, 2010/02/14 (tvz)) (/usr/local/texlive/2024/texmf-dist/tex/generic/pst-math/pst-math.tex `pst-math' v0.67 , (CJ,hv)) `pstricks-add' v3.94, 2023/04/17 (dr,hv)
\psparallelogramsep=\dimen345
\pst@cntC=\count397
\pst@stepcount=\count398
\chart@ColorIndex=\dimen346
\chart@ColorStep=\dimen347
\pst@chartHeight=\dimen348
\pst@chartStackDepth=\dimen349
\pst@chartStackWidth=\dimen350
\chart@Toggle=\count399
\psVectorCtr=\count400
)  v1.94, 2022/11/21 (tvz,hv)
\pstRadUnit=\dimen351
\pstRadUnitInv=\dimen352
\pst@linecnt=\count401
\RCD@file=\read5
\psxlabelsep=\dimen353
\psylabelsep=\dimen354
\psk@subticksize=\dimen355
\pst@xticksizeA=\dimen356
\pst@xticksizeB=\dimen357
\pst@xticksizeC=\dimen358
\pst@yticksizeA=\dimen359
\pst@yticksizeB=\dimen360
\pst@yticksizeC=\dimen361
\@digitcounter=\count402
\psk@llx=\dimen362
\psk@lly=\dimen363
\psk@urx=\dimen364
\psk@ury=\dimen365
\pst@xunit=\dimen366
\pst@yunit=\dimen367
)
File: pst-plot.tex 2022/11/21 1.94 `pst-plot' (tvz,hv)
) (/usr/local/texlive/2024/texmf-dist/tex/latex/listings/listings.sty
\lst@mode=\count403
\lst@gtempboxa=\box163
\lst@token=\toks66
\lst@length=\count404
\lst@currlwidth=\dimen368
\lst@column=\count405
\lst@pos=\count406
\lst@lostspace=\dimen369
\lst@width=\dimen370
\lst@newlines=\count407
\lst@lineno=\count408
\lst@maxwidth=\dimen371
 (/usr/local/texlive/2024/texmf-dist/tex/latex/listings/lstpatch.sty
File: lstpatch.sty 2024/02/21 1.10 (Carsten Heinz)
) (/usr/local/texlive/2024/texmf-dist/tex/latex/listings/lstmisc.sty
File: lstmisc.sty 2024/02/21 1.10 (Carsten Heinz)
\c@lstnumber=\count409
\lst@skipnumbers=\count410
\lst@framebox=\box164
) (/usr/local/texlive/2024/texmf-dist/tex/latex/listings/listings.cfg
File: listings.cfg 2024/02/21 1.10 listings configuration
))
Package: listings 2024/02/21 1.10 (Carsten Heinz)
)
LaTeX Font Info:    Trying to load font information for T1+lmr on input line 9.
 (/usr/local/texlive/2024/texmf-dist/tex/latex/lm/t1lmr.fd
File: t1lmr.fd 2015/05/01 v1.6.1 Font defs for Latin Modern
) (./ECE421_Cheatsheet.aux)
\openout1 = `ECE421_Cheatsheet.aux'.

LaTeX Font Info:    Checking defaults for OML/cmm/m/it on input line 9.
LaTeX Font Info:    ... okay on input line 9.
LaTeX Font Info:    Checking defaults for OMS/cmsy/m/n on input line 9.
LaTeX Font Info:    ... okay on input line 9.
LaTeX Font Info:    Checking defaults for OT1/cmr/m/n on input line 9.
LaTeX Font Info:    ... okay on input line 9.
LaTeX Font Info:    Checking defaults for T1/cmr/m/n on input line 9.
LaTeX Font Info:    ... okay on input line 9.
LaTeX Font Info:    Checking defaults for TS1/cmr/m/n on input line 9.
LaTeX Font Info:    ... okay on input line 9.
LaTeX Font Info:    Checking defaults for OMX/cmex/m/n on input line 9.
LaTeX Font Info:    ... okay on input line 9.
LaTeX Font Info:    Checking defaults for U/cmr/m/n on input line 9.
LaTeX Font Info:    ... okay on input line 9.
LaTeX Font Info:    Checking defaults for PD1/pdf/m/n on input line 9.
LaTeX Font Info:    ... okay on input line 9.
LaTeX Font Info:    Checking defaults for PU/pdf/m/n on input line 9.
LaTeX Font Info:    ... okay on input line 9.

*geometry* driver: auto-detecting
*geometry* detected driver: pdftex
*geometry* verbose mode - [ preamble ] result:
* driver: pdftex
* paper: <default>
* layout: <same size as paper>
* layoutoffset:(h,v)=(0.0pt,0.0pt)
* modes: 
* h-part:(L,W,R)=(43.36243pt, 527.57014pt, 43.36243pt)
* v-part:(T,H,B)=(43.36243pt, 708.24513pt, 43.36243pt)
* \paperwidth=614.295pt
* \paperheight=794.96999pt
* \textwidth=527.57014pt
* \textheight=708.24513pt
* \oddsidemargin=-28.90756pt
* \evensidemargin=-28.90756pt
* \topmargin=-65.90756pt
* \headheight=15.2pt
* \headsep=25.0pt
* \topskip=10.0pt
* \footskip=30.0pt
* \marginparwidth=65.0pt
* \marginparsep=11.0pt
* \columnsep=10.0pt
* \skip\footins=9.0pt plus 4.0pt minus 2.0pt
* \hoffset=0.0pt
* \voffset=0.0pt
* \mag=1000
* \@twocolumnfalse
* \@twosidefalse
* \@mparswitchfalse
* \@reversemarginfalse
* (1in=72.27pt=25.4mm, 1cm=28.453pt)


Package siunitx Warning: Detected the "physics" package:
(siunitx)                omitting definition of \qty.
(siunitx)                
(siunitx)                If you want to use \qty with the siunitx definition,
(siunitx)                add 
(siunitx)                
(siunitx)                    \AtBeginDocument{\RenewCommandCopy\qty\SI}
(siunitx)                
(siunitx)                to your preamble.

(/usr/local/texlive/2024/texmf-dist/tex/latex/translations/translations-basic-dictionary-english.trsl
File: translations-basic-dictionary-english.trsl (english translation file `translations-basic-dictionary')
)
Package translations Info: loading dictionary `translations-basic-dictionary' for `english'. on input line 9.
 (/usr/local/texlive/2024/texmf-dist/tex/context/base/mkii/supp-pdf.mkii
[Loading MPS to PDF converter (version 2006.09.02).]
\scratchcounter=\count411
\scratchdimen=\dimen372
\scratchbox=\box165
\nofMPsegments=\count412
\nofMParguments=\count413
\everyMPshowfont=\toks67
\MPscratchCnt=\count414
\MPscratchDim=\dimen373
\MPnumerator=\count415
\makeMPintoPDFobject=\count416
\everyMPtoPDFconversion=\toks68
) (/usr/local/texlive/2024/texmf-dist/tex/latex/epstopdf-pkg/epstopdf-base.sty
Package: epstopdf-base 2020-01-24 v2.11 Base part for package epstopdf
Package epstopdf-base Info: Redefining graphics rule for `.eps' on input line 485.
 (/usr/local/texlive/2024/texmf-dist/tex/latex/latexconfig/epstopdf-sys.cfg
File: epstopdf-sys.cfg 2010/07/13 v1.3 Configuration of (r)epstopdf for TeX Live
))
Package hyperref Info: Link coloring ON on input line 9.
 (./ECE421_Cheatsheet.out) (./ECE421_Cheatsheet.out)
\@outlinefile=\write4
\openout4 = `ECE421_Cheatsheet.out'.


Package pgfplots notification 'compat/show suggested version=true': you might benefit from \pgfplotsset{compat=1.18} (current compat level: 1.14).

(/usr/local/texlive/2024/texmf-dist/tex/latex/pdflscape/pdflscape.sty
Package: pdflscape 2022-10-27 v0.13 Display of landscape pages in PDF
 (/usr/local/texlive/2024/texmf-dist/tex/latex/pdflscape/pdflscape-nometadata.sty
Package: pdflscape-nometadata 2022-10-28 v0.13 Display of landscape pages in PDF (HO)
 (/usr/local/texlive/2024/texmf-dist/tex/latex/graphics/lscape.sty
Package: lscape 2020/05/28 v3.02 Landscape Pages (DPC)
)
Package pdflscape Info: Auto-detected driver: pdftex on input line 81.
))
\c@lstlisting=\count417
LaTeX Font Info:    Trying to load font information for OT1+lmr on input line 11.
 (/usr/local/texlive/2024/texmf-dist/tex/latex/lm/ot1lmr.fd
File: ot1lmr.fd 2015/05/01 v1.6.1 Font defs for Latin Modern
)
LaTeX Font Info:    Trying to load font information for OML+lmm on input line 11.
 (/usr/local/texlive/2024/texmf-dist/tex/latex/lm/omllmm.fd
File: omllmm.fd 2015/05/01 v1.6.1 Font defs for Latin Modern
)
LaTeX Font Info:    Trying to load font information for OMS+lmsy on input line 11.
 (/usr/local/texlive/2024/texmf-dist/tex/latex/lm/omslmsy.fd
File: omslmsy.fd 2015/05/01 v1.6.1 Font defs for Latin Modern
)
LaTeX Font Info:    Trying to load font information for OMX+lmex on input line 11.
 (/usr/local/texlive/2024/texmf-dist/tex/latex/lm/omxlmex.fd
File: omxlmex.fd 2015/05/01 v1.6.1 Font defs for Latin Modern
)
LaTeX Font Info:    External font `lmex10' loaded for size
(Font)              <12> on input line 11.
LaTeX Font Info:    External font `lmex10' loaded for size
(Font)              <8> on input line 11.
LaTeX Font Info:    External font `lmex10' loaded for size
(Font)              <6> on input line 11.
LaTeX Font Info:    Trying to load font information for U+msa on input line 11.
 (/usr/local/texlive/2024/texmf-dist/tex/latex/amsfonts/umsa.fd
File: umsa.fd 2013/01/14 v3.01 AMS symbols A
)
LaTeX Font Info:    Trying to load font information for U+msb on input line 11.
 (/usr/local/texlive/2024/texmf-dist/tex/latex/amsfonts/umsb.fd
File: umsb.fd 2013/01/14 v3.01 AMS symbols B
) (./ECE421_Cheatsheet.toc
LaTeX Font Info:    External font `lmex10' loaded for size
(Font)              <10> on input line 3.
LaTeX Font Info:    External font `lmex10' loaded for size
(Font)              <7> on input line 3.
LaTeX Font Info:    External font `lmex10' loaded for size
(Font)              <5> on input line 3.
 [1
Non-PDF special ignored!
<special> header=pstricks.pro
Non-PDF special ignored!
<special> header=pst-algparser.pro
Non-PDF special ignored!
<special> header=pst-tools.pro
Non-PDF special ignored!
<special> header=pst-dots.pro
Non-PDF special ignored!
<special> header=pst-node.pro
Non-PDF special ignored!
<special> header=pst-3d.pro
Non-PDF special ignored!
<special> header=pst-math.pro
Non-PDF special ignored!
<special> header=pstricks-add.pro

Non-PDF special ignored!
<special> ps: /pssetRGBcolor /setrgbcolor load def /pssetCMYKcolor /setcmyk...
Non-PDF special ignored!
<special> ps:tx@Dict begin  gsave STV CP T /ps@rot 0 def grestore  end
Non-PDF special ignored!
<special> ps:tx@Dict begin  gsave STV CP T /ps@refangle 0.  def grestore  e...
Non-PDF special ignored!
<special> ps:tx@Dict begin  gsave STV CP T /ps@rot 0 def grestore  end
{/usr/local/texlive/2024/texmf-var/fonts/map/pdftex/updmap/pdftex.map}{/usr/local/texlive/2024/texmf-dist/fonts/enc/dvips/lm/lm-ec.enc}] [2] [3])
\tf@toc=\write5
\openout5 = `ECE421_Cheatsheet.toc'.

 (./ECE421_Cheatsheet.lof [4] [5{/usr/local/texlive/2024/texmf-dist/fonts/enc/dvips/lm/lm-mathit.enc}{/usr/local/texlive/2024/texmf-dist/fonts/enc/dvips/lm/lm-rm.enc}{/usr/local/texlive/2024/texmf-dist/fonts/enc/dvips/lm/lm-mathsy.enc}])
\tf@lof=\write6
\openout6 = `ECE421_Cheatsheet.lof'.

 (./ECE421_Cheatsheet.lot)
\tf@lot=\write7
\openout7 = `ECE421_Cheatsheet.lot'.

 (./00_Lectures/W1.tex
<00_Images/Linear_Class.png, id=1144, 304.13625pt x 234.8775pt>
File: 00_Images/Linear_Class.png Graphic file (type png)
<use 00_Images/Linear_Class.png>
Package pdftex.def Info: 00_Images/Linear_Class.png  used on input line 26.
(pdftex.def)             Requested size: 249.55872pt x 192.7334pt.
<00_Images/Linear_Regression.png, id=1146, 358.33875pt x 351.3125pt>
File: 00_Images/Linear_Regression.png Graphic file (type png)
<use 00_Images/Linear_Regression.png>
Package pdftex.def Info: 00_Images/Linear_Regression.png  used on input line 45.
(pdftex.def)             Requested size: 249.55872pt x 244.66805pt.
<00_Images/Non_Linear.png, id=1147, 883.3pt x 344.28625pt>
File: 00_Images/Non_Linear.png Graphic file (type png)
<use 00_Images/Non_Linear.png>
Package pdftex.def Info: 00_Images/Non_Linear.png  used on input line 48.
(pdftex.def)             Requested size: 249.55872pt x 97.2663pt.
 [6{/usr/local/texlive/2024/texmf-dist/fonts/enc/dvips/lm/lm-mathex.enc}] [7 <./00_Images/Linear_Class.png> <./00_Images/Linear_Regression.png>]
<00_Images/Kmeans_clustering.png, id=1187, 225.84375pt x 230.8625pt>
File: 00_Images/Kmeans_clustering.png Graphic file (type png)
<use 00_Images/Kmeans_clustering.png>
Package pdftex.def Info: 00_Images/Kmeans_clustering.png  used on input line 99.
(pdftex.def)             Requested size: 249.55872pt x 255.11905pt.
<00_Images/Density_Estimation.png, id=1188, 572.1375pt x 183.68625pt>
File: 00_Images/Density_Estimation.png Graphic file (type png)
<use 00_Images/Density_Estimation.png>
Package pdftex.def Info: 00_Images/Density_Estimation.png  used on input line 101.
(pdftex.def)             Requested size: 249.55872pt x 80.12148pt.
 [8 <./00_Images/Non_Linear.png>] [9 <./00_Images/Kmeans_clustering.png> <./00_Images/Density_Estimation.png>]
<00_Images/NN_Example.png, id=1205, 995.72pt x 521.95pt>
File: 00_Images/NN_Example.png Graphic file (type png)
<use 00_Images/NN_Example.png>
Package pdftex.def Info: 00_Images/NN_Example.png  used on input line 175.
(pdftex.def)             Requested size: 374.33807pt x 196.22455pt.
<00_Images/Complex_Example.png, id=1206, 969.6225pt x 449.68pt>
File: 00_Images/Complex_Example.png Graphic file (type png)
<use 00_Images/Complex_Example.png>
Package pdftex.def Info: 00_Images/Complex_Example.png  used on input line 188.
(pdftex.def)             Requested size: 374.33807pt x 173.6042pt.
 [10 <./00_Images/NN_Example.png>]
<00_Images/NN_Comparison.png, id=1217, 974.64125pt x 419.5675pt>
File: 00_Images/NN_Comparison.png Graphic file (type png)
<use 00_Images/NN_Comparison.png>
Package pdftex.def Info: 00_Images/NN_Comparison.png  used on input line 193.
(pdftex.def)             Requested size: 249.55872pt x 107.42683pt.
 [11 <./00_Images/Complex_Example.png> <./00_Images/NN_Comparison.png>]
<00_Images/Over_under.png, id=1229, 675.52374pt x 370.38374pt>
File: 00_Images/Over_under.png Graphic file (type png)
<use 00_Images/Over_under.png>
Package pdftex.def Info: 00_Images/Over_under.png  used on input line 273.
(pdftex.def)             Requested size: 249.55872pt x 136.83072pt.
 [12 <./00_Images/Over_under.png>] [13]
<00_Images/Linear_Classification.png, id=1246, 996.72375pt x 265.99374pt>
File: 00_Images/Linear_Classification.png Graphic file (type png)
<use 00_Images/Linear_Classification.png>
Package pdftex.def Info: 00_Images/Linear_Classification.png  used on input line 451.
(pdftex.def)             Requested size: 374.33807pt x 99.89757pt.
 [14]
<00_Images/Summary.png, id=1263, 951.555pt x 516.93124pt>
File: 00_Images/Summary.png Graphic file (type png)
<use 00_Images/Summary.png>
Package pdftex.def Info: 00_Images/Summary.png  used on input line 473.
(pdftex.def)             Requested size: 249.55872pt x 135.56633pt.
 [15 <./00_Images/Linear_Classification.png>]
LaTeX Font Info:    Trying to load font information for TS1+lmr on input line 492.
 (/usr/local/texlive/2024/texmf-dist/tex/latex/lm/ts1lmr.fd
File: ts1lmr.fd 2015/05/01 v1.6.1 Font defs for Latin Modern
)
<00_Images/Decision_Bound_Ex.png, id=1276, 935.495pt x 218.8175pt>
File: 00_Images/Decision_Bound_Ex.png Graphic file (type png)
<use 00_Images/Decision_Bound_Ex.png>
Package pdftex.def Info: 00_Images/Decision_Bound_Ex.png  used on input line 522.
(pdftex.def)             Requested size: 374.33807pt x 87.55882pt.
<00_Images/LS_NLS.png, id=1277, 659.46375pt x 176.66pt>
File: 00_Images/LS_NLS.png Graphic file (type png)
<use 00_Images/LS_NLS.png>
Package pdftex.def Info: 00_Images/LS_NLS.png  used on input line 530.
(pdftex.def)             Requested size: 249.55872pt x 66.85115pt.
 [16{/usr/local/texlive/2024/texmf-dist/fonts/enc/dvips/lm/lm-ts1.enc} <./00_Images/Summary.png>]) [17 <./00_Images/Decision_Bound_Ex.png> <./00_Images/LS_NLS.png>] (./00_Lectures/W2.tex
<00_Images/Table.png, id=1293, 927.465pt x 446.66875pt>
File: 00_Images/Table.png Graphic file (type png)
<use 00_Images/Table.png>
Package pdftex.def Info: 00_Images/Table.png  used on input line 54.
(pdftex.def)             Requested size: 249.55872pt x 120.18642pt.
 [18 <./00_Images/Table.png>]
<00_Images/PLA.png, id=1303, 410.53375pt x 289.08pt>
File: 00_Images/PLA.png Graphic file (type png)
<use 00_Images/PLA.png>
Package pdftex.def Info: 00_Images/PLA.png  used on input line 96.
(pdftex.def)             Requested size: 249.55872pt x 175.7254pt.
 [19 <./00_Images/PLA.png>]
<00_Images/PLA_Error.png, id=1315, 503.8825pt x 183.68625pt>
File: 00_Images/PLA_Error.png Graphic file (type png)
<use 00_Images/PLA_Error.png>
Package pdftex.def Info: 00_Images/PLA_Error.png  used on input line 117.
(pdftex.def)             Requested size: 249.55872pt x 90.974pt.
LaTeX Font Info:    Trying to load font information for T1+lmtt on input line 122.
 (/usr/local/texlive/2024/texmf-dist/tex/latex/lm/t1lmtt.fd
File: t1lmtt.fd 2015/05/01 v1.6.1 Font defs for Latin Modern
) [20 <./00_Images/PLA_Error.png>] [21]
<00_Images/Example.png, id=1336, 643.40375pt x 210.7875pt>
File: 00_Images/Example.png Graphic file (type png)
<use 00_Images/Example.png>
Package pdftex.def Info: 00_Images/Example.png  used on input line 297.
(pdftex.def)             Requested size: 374.33807pt x 122.64279pt.
 [22 <./00_Images/Example.png>]

Package tcolorbox Warning: Using nobreak failed. Try to enlarge `lines before break' or set page breaks manually on input line 335.

[23]
<00_Images/Col_Span.png, id=1359, 991.705pt x 603.25375pt>
File: 00_Images/Col_Span.png Graphic file (type png)
<use 00_Images/Col_Span.png>
Package pdftex.def Info: 00_Images/Col_Span.png  used on input line 477.
(pdftex.def)             Requested size: 374.33807pt x 227.71078pt.
 [24]
<00_Images/Sine.png, id=1368, 999.735pt x 553.06625pt>
File: 00_Images/Sine.png Graphic file (type png)
<use 00_Images/Sine.png>
Package pdftex.def Info: 00_Images/Sine.png  used on input line 533.
(pdftex.def)             Requested size: 374.33807pt x 207.08708pt.
 [25 <./00_Images/Col_Span.png>]
<00_Images/Circular.png, id=1378, 999.735pt x 552.0625pt>
File: 00_Images/Circular.png Graphic file (type png)
<use 00_Images/Circular.png>
Package pdftex.def Info: 00_Images/Circular.png  used on input line 580.
(pdftex.def)             Requested size: 374.33807pt x 206.71124pt.
 [26 <./00_Images/Sine.png>]
<00_Images/Quadratic.png, id=1395, 980.66376pt x 286.06876pt>
File: 00_Images/Quadratic.png Graphic file (type png)
<use 00_Images/Quadratic.png>
Package pdftex.def Info: 00_Images/Quadratic.png  used on input line 617.
(pdftex.def)             Requested size: 249.55872pt x 72.79596pt.
 [27 <./00_Images/Circular.png> <./00_Images/Quadratic.png>]) [28] (./00_Lectures/WS1.tex [29] [30] [31] [32]
<00_Images/Q3C.png, id=1461, 262.9825pt x 300.12125pt>
File: 00_Images/Q3C.png Graphic file (type png)
<use 00_Images/Q3C.png>
Package pdftex.def Info: 00_Images/Q3C.png  used on input line 374.
(pdftex.def)             Requested size: 374.33807pt x 427.22385pt.
 [33]) [34 <./00_Images/Q3C.png>] (./00_Lectures/W3.tex
<00_Images/LC.png, id=1472, 533.995pt x 230.8625pt>
File: 00_Images/LC.png Graphic file (type png)
<use 00_Images/LC.png>
Package pdftex.def Info: 00_Images/LC.png  used on input line 16.
(pdftex.def)             Requested size: 374.33807pt x 161.84218pt.
<00_Images/LR.png, id=1473, 446.66875pt x 206.7725pt>
File: 00_Images/LR.png Graphic file (type png)
<use 00_Images/LR.png>
Package pdftex.def Info: 00_Images/LR.png  used on input line 23.
(pdftex.def)             Requested size: 374.33807pt x 173.29332pt.
<00_Images/DH_FIN.png, id=1474, 1211.52625pt x 272.01625pt>
File: 00_Images/DH_FIN.png Graphic file (type png)
<use 00_Images/DH_FIN.png>
Package pdftex.def Info: 00_Images/DH_FIN.png  used on input line 38.
(pdftex.def)             Requested size: 374.33807pt x 84.04607pt.
<00_Images/PR.png, id=1475, 971.63pt x 262.9825pt>
File: 00_Images/PR.png Graphic file (type png)
<use 00_Images/PR.png>
Package pdftex.def Info: 00_Images/PR.png  used on input line 41.
(pdftex.def)             Requested size: 374.33807pt x 101.31879pt.
 [35 <./00_Images/LC.png> <./00_Images/LR.png>]
<00_Images/DI.png, id=1484, 325.215pt x 281.05pt>
File: 00_Images/DI.png Graphic file (type png)
<use 00_Images/DI.png>
Package pdftex.def Info: 00_Images/DI.png  used on input line 60.
(pdftex.def)             Requested size: 124.77936pt x 107.83362pt.
<00_Images/D.png, id=1485, 466.74374pt x 248.93pt>
File: 00_Images/D.png Graphic file (type png)
<use 00_Images/D.png>
Package pdftex.def Info: 00_Images/D.png  used on input line 79.
(pdftex.def)             Requested size: 249.55872pt x 133.09836pt.
 [36 <./00_Images/DH_FIN.png> <./00_Images/PR.png> <./00_Images/DI.png>]
<00_Images/LF.png, id=1502, 425.59pt x 160.6pt>
File: 00_Images/LF.png Graphic file (type png)
<use 00_Images/LF.png>
Package pdftex.def Info: 00_Images/LF.png  used on input line 97.
(pdftex.def)             Requested size: 249.55872pt x 94.17484pt.
<00_Images/Logistic_Regression.png, id=1503, 809.0225pt x 179.67125pt>
File: 00_Images/Logistic_Regression.png Graphic file (type png)
<use 00_Images/Logistic_Regression.png>
Package pdftex.def Info: 00_Images/Logistic_Regression.png  used on input line 116.
(pdftex.def)             Requested size: 374.33807pt x 83.13503pt.
 [37 <./00_Images/D.png> <./00_Images/LF.png>]
<00_Images/LLE.png, id=1520, 436.63126pt x 264.99pt>
File: 00_Images/LLE.png Graphic file (type png)
<use 00_Images/LLE.png>
Package pdftex.def Info: 00_Images/LLE.png  used on input line 158.
(pdftex.def)             Requested size: 249.55872pt x 151.45425pt.
 [38 <./00_Images/Logistic_Regression.png>]
<00_Images/BOLC.png, id=1530, 952.55875pt x 285.065pt>
File: 00_Images/BOLC.png Graphic file (type png)
<use 00_Images/BOLC.png>
Package pdftex.def Info: 00_Images/BOLC.png  used on input line 191.
(pdftex.def)             Requested size: 374.33807pt x 112.02745pt.
 [39 <./00_Images/LLE.png> <./00_Images/BOLC.png>] [40]) [41] (./00_Lectures/WS2.tex) [42] (./00_Lectures/W4.tex
<00_Images/G.png, id=1557, 480.79625pt x 488.82625pt>
File: 00_Images/G.png Graphic file (type png)
<use 00_Images/G.png>
Package pdftex.def Info: 00_Images/G.png  used on input line 27.
(pdftex.def)             Requested size: 249.55872pt x 253.72865pt.
<00_Images/GO.png, id=1558, 859.21pt x 344.28625pt>
File: 00_Images/GO.png Graphic file (type png)
<use 00_Images/GO.png>
Package pdftex.def Info: 00_Images/GO.png  used on input line 34.
(pdftex.def)             Requested size: 374.33807pt x 149.99971pt.
 [43 <./00_Images/G.png>]
<00_Images/CONVEX.png, id=1567, 435.6275pt x 207.77625pt>
File: 00_Images/CONVEX.png Graphic file (type png)
<use 00_Images/CONVEX.png>
Package pdftex.def Info: 00_Images/CONVEX.png  used on input line 60.
(pdftex.def)             Requested size: 249.55872pt x 119.02655pt.
<00_Images/CNC.png, id=1568, 989.6975pt x 533.995pt>
File: 00_Images/CNC.png Graphic file (type png)
<use 00_Images/CNC.png>
Package pdftex.def Info: 00_Images/CNC.png  used on input line 64.
(pdftex.def)             Requested size: 374.33807pt x 201.97502pt.
 [44 <./00_Images/GO.png> <./00_Images/CONVEX.png>] [45 <./00_Images/CNC.png>]
<00_Images/GE.png, id=1586, 276.03125pt x 222.8325pt>
File: 00_Images/GE.png Graphic file (type png)
<use 00_Images/GE.png>
Package pdftex.def Info: 00_Images/GE.png  used on input line 137.
(pdftex.def)             Requested size: 249.55872pt x 201.47223pt.
 [46 <./00_Images/GE.png>]
<00_Images/DOG.png, id=1603, 234.8775pt x 130.4875pt>
File: 00_Images/DOG.png Graphic file (type png)
<use 00_Images/DOG.png>
Package pdftex.def Info: 00_Images/DOG.png  used on input line 195.
(pdftex.def)             Requested size: 249.55872pt x 138.64459pt.
<00_Images/GD.png, id=1604, 509.905pt x 498.86375pt>
File: 00_Images/GD.png Graphic file (type png)
<use 00_Images/GD.png>
Package pdftex.def Info: 00_Images/GD.png  used on input line 206.
(pdftex.def)             Requested size: 249.55872pt x 244.15611pt.
 [47 <./00_Images/DOG.png>] [48 <./00_Images/GD.png>] [49] [50] [51]
<00_Images/EX.png, id=1657, 991.705pt x 576.1525pt>
File: 00_Images/EX.png Graphic file (type png)
<use 00_Images/EX.png>
Package pdftex.def Info: 00_Images/EX.png  used on input line 478.
(pdftex.def)             Requested size: 374.33807pt x 217.48085pt.
 [52 <./00_Images/EX.png>] [53]
<00_Images/B.png, id=1671, 700.6175pt x 212.795pt>
File: 00_Images/B.png Graphic file (type png)
<use 00_Images/B.png>
Package pdftex.def Info: 00_Images/B.png  used on input line 629.
(pdftex.def)             Requested size: 249.55872pt x 75.79762pt.
<00_Images/NC.png, id=1672, 448.67625pt x 235.88126pt>
File: 00_Images/NC.png Graphic file (type png)
<use 00_Images/NC.png>
Package pdftex.def Info: 00_Images/NC.png  used on input line 638.
(pdftex.def)             Requested size: 249.55872pt x 131.19998pt.
 [54 <./00_Images/B.png>]
<00_Images/SP.png, id=1680, 1422.31375pt x 286.06876pt>
File: 00_Images/SP.png Graphic file (type png)
<use 00_Images/SP.png>
Package pdftex.def Info: 00_Images/SP.png  used on input line 644.
(pdftex.def)             Requested size: 374.33807pt x 75.2884pt.
<00_Images/BALL.png, id=1681, 588.1975pt x 361.35pt>
File: 00_Images/BALL.png Graphic file (type png)
<use 00_Images/BALL.png>
Package pdftex.def Info: 00_Images/BALL.png  used on input line 677.
(pdftex.def)             Requested size: 249.55872pt x 153.30981pt.
 [55 <./00_Images/NC.png> <./00_Images/SP.png>]
<00_Images/SGDM.png, id=1692, 993.7125pt x 568.1225pt>
File: 00_Images/SGDM.png Graphic file (type png)
<use 00_Images/SGDM.png>
Package pdftex.def Info: 00_Images/SGDM.png  used on input line 703.
(pdftex.def)             Requested size: 374.33807pt x 214.01631pt.
<00_Images/1P.png, id=1693, 767.86874pt x 286.06876pt>
File: 00_Images/1P.png Graphic file (type png)
<use 00_Images/1P.png>
Package pdftex.def Info: 00_Images/1P.png  used on input line 710.
(pdftex.def)             Requested size: 249.55872pt x 92.97124pt.
<00_Images/EX1.png, id=1694, 975.645pt x 524.96124pt>
File: 00_Images/EX1.png Graphic file (type png)
<use 00_Images/EX1.png>
Package pdftex.def Info: 00_Images/EX1.png  used on input line 714.
(pdftex.def)             Requested size: 374.33807pt x 201.41782pt.
<00_Images/EP.png, id=1695, 668.4975pt x 450.68375pt>
File: 00_Images/EP.png Graphic file (type png)
<use 00_Images/EP.png>
Package pdftex.def Info: 00_Images/EP.png  used on input line 716.
(pdftex.def)             Requested size: 249.55872pt x 168.24265pt.
<00_Images/EP1.png, id=1696, 1010.77625pt x 558.085pt>
File: 00_Images/EP1.png Graphic file (type png)
<use 00_Images/EP1.png>
Package pdftex.def Info: 00_Images/EP1.png  used on input line 725.
(pdftex.def)             Requested size: 374.33807pt x 206.68408pt.
 [56 <./00_Images/BALL.png> <./00_Images/SGDM.png>] [57 <./00_Images/1P.png> <./00_Images/EX1.png> <./00_Images/EP.png>]) [58 <./00_Images/EP1.png>] (./00_Lectures/WS3.tex [59] [60] [61]) [62] (./00_Lectures/W5.tex [63]
<00_Images/KM.png, id=1791, 677.53125pt x 606.265pt>
File: 00_Images/KM.png Graphic file (type png)
<use 00_Images/KM.png>
Package pdftex.def Info: 00_Images/KM.png  used on input line 138.
(pdftex.def)             Requested size: 374.33807pt x 334.97318pt.
 [64]
<00_Images/EM.png, id=1797, 324.21124pt x 233.87375pt>
File: 00_Images/EM.png Graphic file (type png)
<use 00_Images/EM.png>
Package pdftex.def Info: 00_Images/EM.png  used on input line 192.
(pdftex.def)             Requested size: 374.33807pt x 270.05183pt.
 [65 <./00_Images/KM.png>]
<00_Images/WWWKM.png, id=1803, 388.45125pt x 283.0575pt>
File: 00_Images/WWWKM.png Graphic file (type png)
<use 00_Images/WWWKM.png>
Package pdftex.def Info: 00_Images/WWWKM.png  used on input line 215.
(pdftex.def)             Requested size: 249.55872pt x 181.85155pt.
 [66 <./00_Images/EM.png>]
<00_Images/G1.png, id=1810, 121.45375pt x 110.4125pt>
File: 00_Images/G1.png Graphic file (type png)
<use 00_Images/G1.png>
Package pdftex.def Info: 00_Images/G1.png  used on input line 252.
(pdftex.def)             Requested size: 249.55872pt x 226.87102pt.
<00_Images/MP.png, id=1811, 244.915pt x 126.4725pt>
File: 00_Images/MP.png Graphic file (type png)
<use 00_Images/MP.png>
Package pdftex.def Info: 00_Images/MP.png  used on input line 254.
(pdftex.def)             Requested size: 249.55872pt x 128.87286pt.
 [67 <./00_Images/WWWKM.png>] [68 <./00_Images/G1.png> <./00_Images/MP.png>]
<00_Images/SE.png, id=1826, 1011.78pt x 752.8125pt>
File: 00_Images/SE.png Graphic file (type png)
<use 00_Images/SE.png>
Package pdftex.def Info: 00_Images/SE.png  used on input line 302.
(pdftex.def)             Requested size: 249.55872pt x 185.67552pt.
 [69]
<00_Images/M3G.png, id=1831, 687.56876pt x 222.8325pt>
File: 00_Images/M3G.png Graphic file (type png)
<use 00_Images/M3G.png>
Package pdftex.def Info: 00_Images/M3G.png  used on input line 348.
(pdftex.def)             Requested size: 374.33807pt x 121.3172pt.
 [70 <./00_Images/SE.png>] [71 <./00_Images/M3G.png>] [72] [73]
<00_Images/EM1.png, id=1867, 707.64375pt x 507.8975pt>
File: 00_Images/EM1.png Graphic file (type png)
<use 00_Images/EM1.png>
Package pdftex.def Info: 00_Images/EM1.png  used on input line 578.
(pdftex.def)             Requested size: 374.33807pt x 268.6729pt.
 [74 <./00_Images/EM1.png>]) [75] (./00_Lectures/W6.tex
<00_Images/LI.png, id=1879, 419.5675pt x 388.45125pt>
File: 00_Images/LI.png Graphic file (type png)
<use 00_Images/LI.png>
Package pdftex.def Info: 00_Images/LI.png  used on input line 19.
(pdftex.def)             Requested size: 249.55872pt x 231.05133pt.
<00_Images/CP.png, id=1880, 632.3625pt x 191.71625pt>
File: 00_Images/CP.png Graphic file (type png)
<use 00_Images/CP.png>
Package pdftex.def Info: 00_Images/CP.png  used on input line 29.
(pdftex.def)             Requested size: 374.33807pt x 113.4919pt.
 [76 <./00_Images/LI.png>]
<00_Images/MLP.png, id=1886, 705.63625pt x 325.215pt>
File: 00_Images/MLP.png Graphic file (type png)
<use 00_Images/MLP.png>
Package pdftex.def Info: 00_Images/MLP.png  used on input line 34.
(pdftex.def)             Requested size: 374.33807pt x 172.52689pt.
 [77 <./00_Images/CP.png> <./00_Images/MLP.png>]
<00_Images/AF.png, id=1893, 389.455pt x 238.8925pt>
File: 00_Images/AF.png Graphic file (type png)
<use 00_Images/AF.png>
Package pdftex.def Info: 00_Images/AF.png  used on input line 108.
(pdftex.def)             Requested size: 249.55872pt x 153.07657pt.
<00_Images/NN.png, id=1894, 696.6025pt x 392.46625pt>
File: 00_Images/NN.png Graphic file (type png)
<use 00_Images/NN.png>
Package pdftex.def Info: 00_Images/NN.png  used on input line 113.
(pdftex.def)             Requested size: 249.55872pt x 140.59904pt.
 [78 <./00_Images/AF.png> <./00_Images/NN.png>]
<00_Images/A1DF.png, id=1902, 628.3475pt x 571.13374pt>
File: 00_Images/A1DF.png Graphic file (type png)
<use 00_Images/A1DF.png>
Package pdftex.def Info: 00_Images/A1DF.png  used on input line 134.
(pdftex.def)             Requested size: 374.33807pt x 340.25146pt.
<00_Images/PB.png, id=1903, 848.16875pt x 458.71375pt>
File: 00_Images/PB.png Graphic file (type png)
<use 00_Images/PB.png>
Package pdftex.def Info: 00_Images/PB.png  used on input line 140.
(pdftex.def)             Requested size: 374.33807pt x 202.45062pt.
 [79 <./00_Images/A1DF.png>]
<00_Images/LNN.png, id=1915, 822.07124pt x 617.30624pt>
File: 00_Images/LNN.png Graphic file (type png)
<use 00_Images/LNN.png>
Package pdftex.def Info: 00_Images/LNN.png  used on input line 147.
(pdftex.def)             Requested size: 374.33807pt x 281.09142pt.
<00_Images/CNN.png, id=1916, 369.38pt x 620.3175pt>
File: 00_Images/CNN.png Graphic file (type png)
<use 00_Images/CNN.png>
Package pdftex.def Info: 00_Images/CNN.png  used on input line 152.
(pdftex.def)             Requested size: 324.4233pt x 544.82098pt.
 [80 <./00_Images/PB.png> <./00_Images/LNN.png>] [81 <./00_Images/CNN.png>]
<00_Images/LN.png, id=1930, 650.43pt x 488.82625pt>
File: 00_Images/LN.png Graphic file (type png)
<use 00_Images/LN.png>
Package pdftex.def Info: 00_Images/LN.png  used on input line 202.
(pdftex.def)             Requested size: 374.33807pt x 281.33395pt.
<00_Images/LNNN.png, id=1931, 629.35126pt x 393.47pt>
File: 00_Images/LNNN.png Graphic file (type png)
<use 00_Images/LNNN.png>
Package pdftex.def Info: 00_Images/LNNN.png  used on input line 208.
(pdftex.def)             Requested size: 374.33807pt x 234.0365pt.
 [82 <./00_Images/LN.png>] [83 <./00_Images/LNNN.png>]
<00_Images/RPL.png, id=1948, 637.38126pt x 299.1175pt>
File: 00_Images/RPL.png Graphic file (type png)
<use 00_Images/RPL.png>
Package pdftex.def Info: 00_Images/RPL.png  used on input line 290.
(pdftex.def)             Requested size: 374.33807pt x 175.6745pt.
 [84]
<00_Images/LM.png, id=1954, 704.6325pt x 586.19pt>
File: 00_Images/LM.png Graphic file (type png)
<use 00_Images/LM.png>
Package pdftex.def Info: 00_Images/LM.png  used on input line 313.
(pdftex.def)             Requested size: 374.33807pt x 311.41267pt.
 [85 <./00_Images/RPL.png>]
<00_Images/E.png, id=1969, 648.4225pt x 485.815pt>
File: 00_Images/E.png Graphic file (type png)
<use 00_Images/E.png>
Package pdftex.def Info: 00_Images/E.png  used on input line 323.
(pdftex.def)             Requested size: 374.33807pt x 280.46822pt.
 [86 <./00_Images/LM.png>]) [87 <./00_Images/E.png>] (./00_Lectures/W7.tex [88]
<00_Images/AO.png, id=1985, 1501.61pt x 515.9275pt>
File: 00_Images/AO.png Graphic file (type png)
<use 00_Images/AO.png>
Package pdftex.def Info: 00_Images/AO.png  used on input line 112.
(pdftex.def)             Requested size: 374.33807pt x 128.61154pt.
<00_Images/AO1.png, id=1986, 1545.775pt x 624.3325pt>
File: 00_Images/AO1.png Graphic file (type png)
<use 00_Images/AO1.png>
Package pdftex.def Info: 00_Images/AO1.png  used on input line 117.
(pdftex.def)             Requested size: 374.33807pt x 151.19562pt.
 [89 <./00_Images/AO.png>]
<00_Images/FA.png, id=1992, 1198.4775pt x 793.96625pt>
File: 00_Images/FA.png Graphic file (type png)
<use 00_Images/FA.png>
Package pdftex.def Info: 00_Images/FA.png  used on input line 147.
(pdftex.def)             Requested size: 374.33807pt x 247.98058pt.
 [90 <./00_Images/AO1.png> <./00_Images/FA.png>]
<00_Images/E1.png, id=2000, 165.61874pt x 112.42pt>
File: 00_Images/E1.png Graphic file (type png)
<use 00_Images/E1.png>
Package pdftex.def Info: 00_Images/E1.png  used on input line 166.
(pdftex.def)             Requested size: 249.55872pt x 169.40494pt.
<00_Images/DE.png, id=2001, 813.0375pt x 805.0075pt>
File: 00_Images/DE.png Graphic file (type png)
<use 00_Images/DE.png>
Package pdftex.def Info: 00_Images/DE.png  used on input line 190.
(pdftex.def)             Requested size: 249.55872pt x 247.09306pt.
 [91 <./00_Images/E1.png>]
<00_Images/S.png, id=2008, 1420.30624pt x 385.44pt>
File: 00_Images/S.png Graphic file (type png)
<use 00_Images/S.png>
Package pdftex.def Info: 00_Images/S.png  used on input line 199.
(pdftex.def)             Requested size: 249.55872pt x 67.72354pt.
) [92 <./00_Images/DE.png> <./00_Images/S.png>] (./00_Lectures/W8.tex
<00_Images/CNN2.png, id=2016, 512.91624pt x 347.2975pt>
File: 00_Images/CNN2.png Graphic file (type png)
<use 00_Images/CNN2.png>
Package pdftex.def Info: 00_Images/CNN2.png  used on input line 10.
(pdftex.def)             Requested size: 374.33807pt x 253.46677pt.
<00_Images/HDR.png, id=2017, 776.9025pt x 330.23375pt>
File: 00_Images/HDR.png Graphic file (type png)
<use 00_Images/HDR.png>
Package pdftex.def Info: 00_Images/HDR.png  used on input line 29.
(pdftex.def)             Requested size: 374.33807pt x 159.1201pt.
 [93 <./00_Images/CNN2.png>]
<00_Images/WW.png, id=2024, 200.75pt x 126.4725pt>
File: 00_Images/WW.png Graphic file (type png)
<use 00_Images/WW.png>
Package pdftex.def Info: 00_Images/WW.png  used on input line 47.
(pdftex.def)             Requested size: 249.55872pt x 157.23338pt.
 [94 <./00_Images/HDR.png> <./00_Images/WW.png>]
<00_Images/RNN.png, id=2032, 104.39pt x 152.57pt>
File: 00_Images/RNN.png Graphic file (type png)
<use 00_Images/RNN.png>
Package pdftex.def Info: 00_Images/RNN.png  used on input line 115.
(pdftex.def)             Requested size: 249.55872pt x 364.7903pt.
<00_Images/RNN1.png, id=2033, 563.10374pt x 200.75pt>
File: 00_Images/RNN1.png Graphic file (type png)
<use 00_Images/RNN1.png>
Package pdftex.def Info: 00_Images/RNN1.png  used on input line 118.
(pdftex.def)             Requested size: 249.55872pt x 88.97047pt.
 [95]
<00_Images/RNN2.png, id=2038, 635.37375pt x 166.6225pt>
File: 00_Images/RNN2.png Graphic file (type png)
<use 00_Images/RNN2.png>
Package pdftex.def Info: 00_Images/RNN2.png  used on input line 128.
(pdftex.def)             Requested size: 249.55872pt x 65.44524pt.
<00_Images/RNN3.png, id=2039, 747.79375pt x 179.67125pt>
File: 00_Images/RNN3.png Graphic file (type png)
<use 00_Images/RNN3.png>
Package pdftex.def Info: 00_Images/RNN3.png  used on input line 130.
(pdftex.def)             Requested size: 249.55872pt x 59.96062pt.
 [96 <./00_Images/RNN.png> <./00_Images/RNN1.png>]
<00_Images/LSTM.png, id=2046, 772.8875pt x 399.4925pt>
File: 00_Images/LSTM.png Graphic file (type png)
<use 00_Images/LSTM.png>
Package pdftex.def Info: 00_Images/LSTM.png  used on input line 150.
(pdftex.def)             Requested size: 249.55872pt x 128.9923pt.
<00_Images/T.png, id=2047, 622.325pt x 121.45375pt>
File: 00_Images/T.png Graphic file (type png)
<use 00_Images/T.png>
Package pdftex.def Info: 00_Images/T.png  used on input line 175.
(pdftex.def)             Requested size: 374.33807pt x 73.05626pt.
 [97 <./00_Images/RNN2.png> <./00_Images/RNN3.png> <./00_Images/LSTM.png>]
<00_Images/T1.png, id=2056, 615.29875pt x 200.75pt>
File: 00_Images/T1.png Graphic file (type png)
<use 00_Images/T1.png>
Package pdftex.def Info: 00_Images/T1.png  used on input line 248.
(pdftex.def)             Requested size: 374.33807pt x 122.13567pt.
 [98 <./00_Images/T.png>]
<00_Images/C.png, id=2062, 865.2325pt x 667.49374pt>
File: 00_Images/C.png Graphic file (type png)
<use 00_Images/C.png>
Package pdftex.def Info: 00_Images/C.png  used on input line 288.
(pdftex.def)             Requested size: 374.33807pt x 288.78893pt.
 [99 <./00_Images/T1.png>]
<00_Images/MHA.png, id=2068, 920.43875pt x 527.9725pt>
File: 00_Images/MHA.png Graphic file (type png)
<use 00_Images/MHA.png>
Package pdftex.def Info: 00_Images/MHA.png  used on input line 298.
(pdftex.def)             Requested size: 374.33807pt x 214.72998pt.
 [100 <./00_Images/C.png>]
<00_Images/RS.png, id=2074, 523.9575pt x 494.84875pt>
File: 00_Images/RS.png Graphic file (type png)
<use 00_Images/RS.png>
Package pdftex.def Info: 00_Images/RS.png  used on input line 311.
(pdftex.def)             Requested size: 374.33807pt x 353.5499pt.
 [101 <./00_Images/MHA.png>]

./00_Lectures/W8.tex:321: LaTeX Error: Something's wrong--perhaps a missing \item.

See the LaTeX manual or LaTeX Companion for explanation.
Type  H <return>  for immediate help.
 ...                                              
                                                  
l.321     \end{itemize}
                       
Try typing  <return>  to proceed.
If that doesn't work, type  X <return>  to quit.

<00_Images/PT.png, id=2080, 596.2275pt x 412.54124pt>
File: 00_Images/PT.png Graphic file (type png)
<use 00_Images/PT.png>
Package pdftex.def Info: 00_Images/PT.png  used on input line 322.
(pdftex.def)             Requested size: 374.33807pt x 259.01479pt.
[102 <./00_Images/RS.png>]
Underfull \hbox (badness 10000) in paragraph at lines 328--331

 []

) [103 <./00_Images/PT.png>] (./00_Lectures/W9.tex) [104] (./00_Lectures/W10.tex) [105] (./00_Lectures/W11.tex) [106] (./ECE421_Cheatsheet.aux)
 ***********
LaTeX2e <2023-11-01> patch level 1
L3 programming layer <2024-02-20>
 ***********
Package rerunfilecheck Info: File `ECE421_Cheatsheet.out' has not changed.
(rerunfilecheck)             Checksum: 0B8560F1B0588F6A790AEC5CDC8BCF99;42740.
 ) 
Here is how much of TeX's memory you used:
 52693 strings out of 474116
 1226031 string characters out of 5743682
 1964187 words of memory out of 5000000
 73453 multiletter control sequences out of 15000+600000
 643899 words of font info for 105 fonts, out of 8000000 for 9000
 1141 hyphenation exceptions out of 8191
 99i,17n,107p,1045b,1334s stack positions out of 10000i,1000n,20000p,200000b,200000s
</usr/local/texlive/2024/texmf-dist/fonts/type1/public/lm/lmbx10.pfb></usr/local/texlive/2024/texmf-dist/fonts/type1/public/lm/lmbx12.pfb></usr/local/texlive/2024/texmf-dist/fonts/type1/public/lm/lmbx7.pfb></usr/local/texlive/2024/texmf-dist/fonts/type1/public/lm/lmex10.pfb></usr/local/texlive/2024/texmf-dist/fonts/type1/public/lm/lmmi10.pfb></usr/local/texlive/2024/texmf-dist/fonts/type1/public/lm/lmmi5.pfb></usr/local/texlive/2024/texmf-dist/fonts/type1/public/lm/lmmi7.pfb></usr/local/texlive/2024/texmf-dist/fonts/type1/public/lm/lmr10.pfb></usr/local/texlive/2024/texmf-dist/fonts/type1/public/lm/lmr12.pfb></usr/local/texlive/2024/texmf-dist/fonts/type1/public/lm/lmr17.pfb></usr/local/texlive/2024/texmf-dist/fonts/type1/public/lm/lmr5.pfb></usr/local/texlive/2024/texmf-dist/fonts/type1/public/lm/lmr7.pfb></usr/local/texlive/2024/texmf-dist/fonts/type1/public/lm/lmri10.pfb></usr/local/texlive/2024/texmf-dist/fonts/type1/public/lm/lmsy10.pfb></usr/local/texlive/2024/texmf-dist/fonts/type1/public/lm/lmsy5.pfb></usr/local/texlive/2024/texmf-dist/fonts/type1/public/lm/lmsy7.pfb></usr/local/texlive/2024/texmf-dist/fonts/type1/public/lm/lmtt10.pfb></usr/local/texlive/2024/texmf-dist/fonts/type1/public/amsfonts/symbols/msam10.pfb></usr/local/texlive/2024/texmf-dist/fonts/type1/public/amsfonts/symbols/msbm10.pfb></usr/local/texlive/2024/texmf-dist/fonts/type1/public/amsfonts/symbols/msbm7.pfb>
Output written on ECE421_Cheatsheet.pdf (106 pages, 36408173 bytes).
PDF statistics:
 2351 PDF objects out of 2487 (max. 8388607)
 1997 compressed objects within 20 object streams
 694 named destinations out of 1000 (max. 500000)
 1956 words of extra memory for PDF output out of 10000 (max. 10000000)

